2023-07-12 20:41:30,010 INFO FIS_explainer __init__ You can call function explainer.load_results(results_path="") to load trained results if exist
2023-07-12 20:41:38,184 INFO FIS_explainer ref_explain Reference model analysis
2023-07-12 20:41:38,184 INFO FIS_explainer ref_explain Calculating main effect, joint effect and FIS for the reference model
2023-07-12 20:41:38,228 INFO FIS_explainer _get_ref_fis main effects calculated and can be called by explainer.ref_analysis[ref_main_effects]
2023-07-12 20:41:38,229 INFO FIS_explainer _get_ref_fis features with importance 0 are excluded, including []
2023-07-12 20:41:38,302 INFO FIS_explainer _get_ref_fis joint effects calculated and can be called by explainer.ref_joint_effects
2023-07-12 20:41:38,307 INFO FIS_explainer ref_explain FIS calculated and can be called by explainer.ref_analysis
2023-07-12 20:41:38,308 INFO FIS_explainer ref_explain Calculation done
2023-07-12 20:41:42,379 INFO FIS_explainer rset_explain Start exploring the possible models
2023-07-12 20:41:42,380 INFO FIS_explainer _explore_m_in_R Searching models in the Rashomon set ...
2023-07-12 20:41:42,381 INFO feature_importance_helper greedy_search Feature 0 at boundary 0.0 * epsilon with m 1 achieves loss difference 0.0
2023-07-12 20:41:42,383 INFO feature_importance_helper greedy_search Feature 0 at boundary 0.0 * epsilon with m 1 achieves loss difference 0.0
2023-07-12 20:41:42,384 INFO feature_importance_helper greedy_search Feature 0 at boundary 0.0 * epsilon with m 1 achieves loss difference 0.0
2023-07-12 20:41:42,385 INFO feature_importance_helper greedy_search Feature 0 at boundary 0.0 * epsilon with m 1 achieves loss difference 0.0
2023-07-12 20:41:42,397 INFO feature_importance_helper greedy_search Feature 0 at boundary 0.1 * epsilon with m 1.1 achieves loss difference 0.0
2023-07-12 20:41:42,398 INFO feature_importance_helper greedy_search Feature 0 at boundary 0.1 * epsilon with m 1.1 achieves loss difference 0.012873870774620032
2023-07-12 20:41:42,411 INFO feature_importance_helper greedy_search Feature 0 at boundary 0.1 * epsilon with m 1.11 achieves loss difference 0.0
2023-07-12 20:41:42,426 INFO feature_importance_helper greedy_search Feature 0 at boundary 0.1 * epsilon with m 1.12 achieves loss difference 0.0
2023-07-12 20:41:42,427 INFO feature_importance_helper greedy_search Feature 0 at boundary 0.1 * epsilon with m 1.12 achieves loss difference 0.0013630288325014615
2023-07-12 20:41:42,438 INFO feature_importance_helper greedy_search Feature 0 at boundary 0.1 * epsilon with m 1.121 achieves loss difference 0.0
2023-07-12 20:41:42,450 INFO feature_importance_helper greedy_search Feature 0 at boundary 0.1 * epsilon with m 1.1219999999999999 achieves loss difference 0.0
2023-07-12 20:41:42,464 INFO feature_importance_helper greedy_search Feature 0 at boundary 0.1 * epsilon with m 1.1229999999999998 achieves loss difference 0.0
2023-07-12 20:41:42,476 INFO feature_importance_helper greedy_search Feature 0 at boundary 0.1 * epsilon with m 1.1239999999999997 achieves loss difference 0.0
2023-07-12 20:41:42,487 INFO feature_importance_helper greedy_search Feature 0 at boundary 0.1 * epsilon with m 1.1249999999999996 achieves loss difference 0.0
2023-07-12 20:41:42,489 INFO feature_importance_helper greedy_search Feature 0 at boundary 0.1 * epsilon with m 1.1249999999999996 achieves loss difference 0.0013630288325014615
2023-07-12 20:41:42,489 INFO feature_importance_helper greedy_search Feature 0 at boundary 0.1 * epsilon with m 1.1249999999999996 achieves loss difference 0.0013630288325014615
2023-07-12 20:41:42,491 INFO feature_importance_helper greedy_search Feature 0 at boundary 0.2 * epsilon with m 1.1249999999999996 achieves loss difference 0.012873870774620032
2023-07-12 20:41:42,492 INFO feature_importance_helper greedy_search Feature 0 at boundary 0.2 * epsilon with m 1.1249999999999996 achieves loss difference 0.0013630288325014615
2023-07-12 20:41:42,493 INFO feature_importance_helper greedy_search Feature 0 at boundary 0.2 * epsilon with m 1.1249999999999996 achieves loss difference 0.0013630288325014615
2023-07-12 20:41:42,494 INFO feature_importance_helper greedy_search Feature 0 at boundary 0.2 * epsilon with m 1.1249999999999996 achieves loss difference 0.0013630288325014615
2023-07-12 20:41:42,495 INFO feature_importance_helper greedy_search Feature 0 at boundary 0.30000000000000004 * epsilon with m 1.1249999999999996 achieves loss difference 0.012873870774620032
2023-07-12 20:41:42,496 INFO feature_importance_helper greedy_search Feature 0 at boundary 0.30000000000000004 * epsilon with m 1.1249999999999996 achieves loss difference 0.0013630288325014615
2023-07-12 20:41:42,497 INFO feature_importance_helper greedy_search Feature 0 at boundary 0.30000000000000004 * epsilon with m 1.1249999999999996 achieves loss difference 0.0013630288325014615
2023-07-12 20:41:42,497 INFO feature_importance_helper greedy_search Feature 0 at boundary 0.30000000000000004 * epsilon with m 1.1249999999999996 achieves loss difference 0.0013630288325014615
2023-07-12 20:41:42,499 INFO feature_importance_helper greedy_search Feature 0 at boundary 0.4 * epsilon with m 1.1249999999999996 achieves loss difference 0.012873870774620032
2023-07-12 20:41:42,499 INFO feature_importance_helper greedy_search Feature 0 at boundary 0.4 * epsilon with m 1.1249999999999996 achieves loss difference 0.0013630288325014615
2023-07-12 20:41:42,500 INFO feature_importance_helper greedy_search Feature 0 at boundary 0.4 * epsilon with m 1.1249999999999996 achieves loss difference 0.0013630288325014615
2023-07-12 20:41:42,501 INFO feature_importance_helper greedy_search Feature 0 at boundary 0.4 * epsilon with m 1.1249999999999996 achieves loss difference 0.0013630288325014615
2023-07-12 20:41:42,503 INFO feature_importance_helper greedy_search Feature 0 at boundary 0.5 * epsilon with m 1.1249999999999996 achieves loss difference 0.012873870774620032
2023-07-12 20:41:42,504 INFO feature_importance_helper greedy_search Feature 0 at boundary 0.5 * epsilon with m 1.1249999999999996 achieves loss difference 0.0013630288325014615
2023-07-12 20:41:42,505 INFO feature_importance_helper greedy_search Feature 0 at boundary 0.5 * epsilon with m 1.1249999999999996 achieves loss difference 0.0013630288325014615
2023-07-12 20:41:42,505 INFO feature_importance_helper greedy_search Feature 0 at boundary 0.5 * epsilon with m 1.1249999999999996 achieves loss difference 0.0013630288325014615
2023-07-12 20:41:42,507 INFO feature_importance_helper greedy_search Feature 0 at boundary 0.6000000000000001 * epsilon with m 1.1249999999999996 achieves loss difference 0.012873870774620032
2023-07-12 20:41:42,508 INFO feature_importance_helper greedy_search Feature 0 at boundary 0.6000000000000001 * epsilon with m 1.1249999999999996 achieves loss difference 0.0013630288325014615
2023-07-12 20:41:42,509 INFO feature_importance_helper greedy_search Feature 0 at boundary 0.6000000000000001 * epsilon with m 1.1249999999999996 achieves loss difference 0.0013630288325014615
2023-07-12 20:41:42,510 INFO feature_importance_helper greedy_search Feature 0 at boundary 0.6000000000000001 * epsilon with m 1.1249999999999996 achieves loss difference 0.0013630288325014615
2023-07-12 20:41:42,511 INFO feature_importance_helper greedy_search Feature 0 at boundary 0.7000000000000001 * epsilon with m 1.1249999999999996 achieves loss difference 0.012873870774620032
2023-07-12 20:41:42,512 INFO feature_importance_helper greedy_search Feature 0 at boundary 0.7000000000000001 * epsilon with m 1.1249999999999996 achieves loss difference 0.0013630288325014615
2023-07-12 20:41:42,514 INFO feature_importance_helper greedy_search Feature 0 at boundary 0.7000000000000001 * epsilon with m 1.1249999999999996 achieves loss difference 0.0013630288325014615
2023-07-12 20:41:42,515 INFO feature_importance_helper greedy_search Feature 0 at boundary 0.7000000000000001 * epsilon with m 1.1249999999999996 achieves loss difference 0.0013630288325014615
2023-07-12 20:41:42,516 INFO feature_importance_helper greedy_search Feature 0 at boundary 0.8 * epsilon with m 1.1249999999999996 achieves loss difference 0.012873870774620032
2023-07-12 20:41:42,517 INFO feature_importance_helper greedy_search Feature 0 at boundary 0.8 * epsilon with m 1.1249999999999996 achieves loss difference 0.0013630288325014615
2023-07-12 20:41:42,518 INFO feature_importance_helper greedy_search Feature 0 at boundary 0.8 * epsilon with m 1.1249999999999996 achieves loss difference 0.0013630288325014615
2023-07-12 20:41:42,519 INFO feature_importance_helper greedy_search Feature 0 at boundary 0.8 * epsilon with m 1.1249999999999996 achieves loss difference 0.0013630288325014615
2023-07-12 20:41:42,520 INFO feature_importance_helper greedy_search Feature 0 at boundary 0.9 * epsilon with m 1.1249999999999996 achieves loss difference 0.012873870774620032
2023-07-12 20:41:42,521 INFO feature_importance_helper greedy_search Feature 0 at boundary 0.9 * epsilon with m 1.1249999999999996 achieves loss difference 0.0013630288325014615
2023-07-12 20:41:42,523 INFO feature_importance_helper greedy_search Feature 0 at boundary 0.9 * epsilon with m 1.1249999999999996 achieves loss difference 0.0013630288325014615
2023-07-12 20:41:42,524 INFO feature_importance_helper greedy_search Feature 0 at boundary 0.9 * epsilon with m 1.1249999999999996 achieves loss difference 0.0013630288325014615
2023-07-12 20:41:42,525 INFO feature_importance_helper greedy_search Feature 0 at boundary 1.0 * epsilon with m 1.1249999999999996 achieves loss difference 0.012873870774620032
2023-07-12 20:41:42,526 INFO feature_importance_helper greedy_search Feature 0 at boundary 1.0 * epsilon with m 1.1249999999999996 achieves loss difference 0.0013630288325014615
2023-07-12 20:41:42,527 INFO feature_importance_helper greedy_search Feature 0 at boundary 1.0 * epsilon with m 1.1249999999999996 achieves loss difference 0.0013630288325014615
2023-07-12 20:41:42,528 INFO feature_importance_helper greedy_search Feature 0 at boundary 1.0 * epsilon with m 1.1249999999999996 achieves loss difference 0.0013630288325014615
2023-07-12 20:41:42,529 INFO feature_importance_helper greedy_search Feature 0 at boundary 0.0 * epsilon with m 1 achieves loss difference 0.026960015772600716
2023-07-12 20:41:42,530 INFO feature_importance_helper greedy_search Feature 0 at boundary 0.0 * epsilon with m 1 achieves loss difference 0.026960015772600716
2023-07-12 20:41:42,531 INFO feature_importance_helper greedy_search Feature 0 at boundary 0.0 * epsilon with m 1 achieves loss difference 0.026960015772600716
2023-07-12 20:41:42,532 INFO feature_importance_helper greedy_search Feature 0 at boundary 0.0 * epsilon with m 1 achieves loss difference 0.026960015772600716
2023-07-12 20:41:42,533 INFO feature_importance_helper greedy_search Feature 0 at boundary 0.1 * epsilon with m 1 achieves loss difference 0.026960015772600716
2023-07-12 20:41:42,534 INFO feature_importance_helper greedy_search Feature 0 at boundary 0.1 * epsilon with m 1 achieves loss difference 0.026960015772600716
2023-07-12 20:41:42,535 INFO feature_importance_helper greedy_search Feature 0 at boundary 0.1 * epsilon with m 1 achieves loss difference 0.026960015772600716
2023-07-12 20:41:42,536 INFO feature_importance_helper greedy_search Feature 0 at boundary 0.1 * epsilon with m 1 achieves loss difference 0.026960015772600716
2023-07-12 20:41:42,536 INFO feature_importance_helper greedy_search Feature 0 at boundary 0.2 * epsilon with m 1 achieves loss difference 0.026960015772600716
2023-07-12 20:41:42,537 INFO feature_importance_helper greedy_search Feature 0 at boundary 0.2 * epsilon with m 1 achieves loss difference 0.026960015772600716
2023-07-12 20:41:42,538 INFO feature_importance_helper greedy_search Feature 0 at boundary 0.2 * epsilon with m 1 achieves loss difference 0.026960015772600716
2023-07-12 20:41:42,539 INFO feature_importance_helper greedy_search Feature 0 at boundary 0.2 * epsilon with m 1 achieves loss difference 0.026960015772600716
2023-07-12 20:41:42,540 INFO feature_importance_helper greedy_search Feature 0 at boundary 0.30000000000000004 * epsilon with m 1 achieves loss difference 0.026960015772600716
2023-07-12 20:41:42,541 INFO feature_importance_helper greedy_search Feature 0 at boundary 0.30000000000000004 * epsilon with m 1 achieves loss difference 0.026960015772600716
2023-07-12 20:41:42,542 INFO feature_importance_helper greedy_search Feature 0 at boundary 0.30000000000000004 * epsilon with m 1 achieves loss difference 0.026960015772600716
2023-07-12 20:41:42,542 INFO feature_importance_helper greedy_search Feature 0 at boundary 0.30000000000000004 * epsilon with m 1 achieves loss difference 0.026960015772600716
2023-07-12 20:41:42,543 INFO feature_importance_helper greedy_search Feature 0 at boundary 0.4 * epsilon with m 1 achieves loss difference 0.026960015772600716
2023-07-12 20:41:42,544 INFO feature_importance_helper greedy_search Feature 0 at boundary 0.4 * epsilon with m 1 achieves loss difference 0.026960015772600716
2023-07-12 20:41:42,545 INFO feature_importance_helper greedy_search Feature 0 at boundary 0.4 * epsilon with m 1 achieves loss difference 0.026960015772600716
2023-07-12 20:41:42,546 INFO feature_importance_helper greedy_search Feature 0 at boundary 0.4 * epsilon with m 1 achieves loss difference 0.026960015772600716
2023-07-12 20:41:42,547 INFO feature_importance_helper greedy_search Feature 0 at boundary 0.5 * epsilon with m 1 achieves loss difference 0.026960015772600716
2023-07-12 20:41:42,548 INFO feature_importance_helper greedy_search Feature 0 at boundary 0.5 * epsilon with m 1 achieves loss difference 0.026960015772600716
2023-07-12 20:41:42,549 INFO feature_importance_helper greedy_search Feature 0 at boundary 0.5 * epsilon with m 1 achieves loss difference 0.026960015772600716
2023-07-12 20:41:42,550 INFO feature_importance_helper greedy_search Feature 0 at boundary 0.5 * epsilon with m 1 achieves loss difference 0.026960015772600716
2023-07-12 20:41:42,550 INFO feature_importance_helper greedy_search Feature 0 at boundary 0.6000000000000001 * epsilon with m 1 achieves loss difference 0.026960015772600716
2023-07-12 20:41:42,551 INFO feature_importance_helper greedy_search Feature 0 at boundary 0.6000000000000001 * epsilon with m 1 achieves loss difference 0.026960015772600716
2023-07-12 20:41:42,552 INFO feature_importance_helper greedy_search Feature 0 at boundary 0.6000000000000001 * epsilon with m 1 achieves loss difference 0.026960015772600716
2023-07-12 20:41:42,553 INFO feature_importance_helper greedy_search Feature 0 at boundary 0.6000000000000001 * epsilon with m 1 achieves loss difference 0.026960015772600716
2023-07-12 20:41:42,554 INFO feature_importance_helper greedy_search Feature 0 at boundary 0.7000000000000001 * epsilon with m 1 achieves loss difference 0.026960015772600716
2023-07-12 20:41:42,555 INFO feature_importance_helper greedy_search Feature 0 at boundary 0.7000000000000001 * epsilon with m 1 achieves loss difference 0.026960015772600716
2023-07-12 20:41:42,556 INFO feature_importance_helper greedy_search Feature 0 at boundary 0.7000000000000001 * epsilon with m 1 achieves loss difference 0.026960015772600716
2023-07-12 20:41:42,557 INFO feature_importance_helper greedy_search Feature 0 at boundary 0.7000000000000001 * epsilon with m 1 achieves loss difference 0.026960015772600716
2023-07-12 20:41:42,558 INFO feature_importance_helper greedy_search Feature 0 at boundary 0.8 * epsilon with m 1 achieves loss difference 0.026960015772600716
2023-07-12 20:41:42,559 INFO feature_importance_helper greedy_search Feature 0 at boundary 0.8 * epsilon with m 1 achieves loss difference 0.026960015772600716
2023-07-12 20:41:42,560 INFO feature_importance_helper greedy_search Feature 0 at boundary 0.8 * epsilon with m 1 achieves loss difference 0.026960015772600716
2023-07-12 20:41:42,561 INFO feature_importance_helper greedy_search Feature 0 at boundary 0.8 * epsilon with m 1 achieves loss difference 0.026960015772600716
2023-07-12 20:41:42,562 INFO feature_importance_helper greedy_search Feature 0 at boundary 0.9 * epsilon with m 1 achieves loss difference 0.026960015772600716
2023-07-12 20:41:42,563 INFO feature_importance_helper greedy_search Feature 0 at boundary 0.9 * epsilon with m 1 achieves loss difference 0.026960015772600716
2023-07-12 20:41:42,564 INFO feature_importance_helper greedy_search Feature 0 at boundary 0.9 * epsilon with m 1 achieves loss difference 0.026960015772600716
2023-07-12 20:41:42,565 INFO feature_importance_helper greedy_search Feature 0 at boundary 0.9 * epsilon with m 1 achieves loss difference 0.026960015772600716
2023-07-12 20:41:42,566 INFO feature_importance_helper greedy_search Feature 0 at boundary 1.0 * epsilon with m 1 achieves loss difference 0.026960015772600716
2023-07-12 20:41:42,567 INFO feature_importance_helper greedy_search Feature 0 at boundary 1.0 * epsilon with m 1 achieves loss difference 0.026960015772600716
2023-07-12 20:41:42,568 INFO feature_importance_helper greedy_search Feature 0 at boundary 1.0 * epsilon with m 1 achieves loss difference 0.026960015772600716
2023-07-12 20:41:42,569 INFO feature_importance_helper greedy_search Feature 0 at boundary 1.0 * epsilon with m 1 achieves loss difference 0.026960015772600716
2023-07-12 20:41:42,570 INFO feature_importance_helper greedy_search Feature 1 at boundary 0.0 * epsilon with m 1 achieves loss difference 0.0
2023-07-12 20:41:42,570 INFO feature_importance_helper greedy_search Feature 1 at boundary 0.0 * epsilon with m 1 achieves loss difference 0.0
2023-07-12 20:41:42,571 INFO feature_importance_helper greedy_search Feature 1 at boundary 0.0 * epsilon with m 1 achieves loss difference 0.0
2023-07-12 20:41:42,572 INFO feature_importance_helper greedy_search Feature 1 at boundary 0.0 * epsilon with m 1 achieves loss difference 0.0
2023-07-12 20:41:42,583 INFO feature_importance_helper greedy_search Feature 1 at boundary 0.1 * epsilon with m 1.1 achieves loss difference 0.0
2023-07-12 20:41:42,594 INFO feature_importance_helper greedy_search Feature 1 at boundary 0.1 * epsilon with m 1.2000000000000002 achieves loss difference 0.0
2023-07-12 20:41:42,608 INFO feature_importance_helper greedy_search Feature 1 at boundary 0.1 * epsilon with m 1.3000000000000003 achieves loss difference 0.0
2023-07-12 20:41:42,620 INFO feature_importance_helper greedy_search Feature 1 at boundary 0.1 * epsilon with m 1.4000000000000004 achieves loss difference 0.0
2023-07-12 20:41:42,635 INFO feature_importance_helper greedy_search Feature 1 at boundary 0.1 * epsilon with m 1.5000000000000004 achieves loss difference 0.0
2023-07-12 20:41:42,648 INFO feature_importance_helper greedy_search Feature 1 at boundary 0.1 * epsilon with m 1.6000000000000005 achieves loss difference 0.0
2023-07-12 20:41:42,659 INFO feature_importance_helper greedy_search Feature 1 at boundary 0.1 * epsilon with m 1.7000000000000006 achieves loss difference 0.0
2023-07-12 20:41:42,671 INFO feature_importance_helper greedy_search Feature 1 at boundary 0.1 * epsilon with m 1.8000000000000007 achieves loss difference 0.0
2023-07-12 20:41:42,684 INFO feature_importance_helper greedy_search Feature 1 at boundary 0.1 * epsilon with m 1.9000000000000008 achieves loss difference 0.0
2023-07-12 20:41:42,685 INFO feature_importance_helper greedy_search Feature 1 at boundary 0.1 * epsilon with m 1.9000000000000008 achieves loss difference 0.007612117893129152
2023-07-12 20:41:42,698 INFO feature_importance_helper greedy_search Feature 1 at boundary 0.1 * epsilon with m 1.9100000000000008 achieves loss difference 0.0
2023-07-12 20:41:42,712 INFO feature_importance_helper greedy_search Feature 1 at boundary 0.1 * epsilon with m 1.9200000000000008 achieves loss difference 0.0
2023-07-12 20:41:42,724 INFO feature_importance_helper greedy_search Feature 1 at boundary 0.1 * epsilon with m 1.9300000000000008 achieves loss difference 0.0
2023-07-12 20:41:42,737 INFO feature_importance_helper greedy_search Feature 1 at boundary 0.1 * epsilon with m 1.9400000000000008 achieves loss difference 0.0
2023-07-12 20:41:42,750 INFO feature_importance_helper greedy_search Feature 1 at boundary 0.1 * epsilon with m 1.9500000000000008 achieves loss difference 0.0
2023-07-12 20:41:42,763 INFO feature_importance_helper greedy_search Feature 1 at boundary 0.1 * epsilon with m 1.9600000000000009 achieves loss difference 0.0
2023-07-12 20:41:42,776 INFO feature_importance_helper greedy_search Feature 1 at boundary 0.1 * epsilon with m 1.9700000000000009 achieves loss difference 0.0
2023-07-12 20:41:42,787 INFO feature_importance_helper greedy_search Feature 1 at boundary 0.1 * epsilon with m 1.9800000000000009 achieves loss difference 0.0
2023-07-12 20:41:42,799 INFO feature_importance_helper greedy_search Feature 1 at boundary 0.1 * epsilon with m 1.9900000000000009 achieves loss difference 0.0
2023-07-12 20:41:42,801 INFO feature_importance_helper greedy_search Feature 1 at boundary 0.1 * epsilon with m 1.9900000000000009 achieves loss difference 0.007612117893129152
2023-07-12 20:41:42,812 INFO feature_importance_helper greedy_search Feature 1 at boundary 0.1 * epsilon with m 1.9910000000000008 achieves loss difference 0.0
2023-07-12 20:41:42,826 INFO feature_importance_helper greedy_search Feature 1 at boundary 0.1 * epsilon with m 1.9920000000000007 achieves loss difference 0.0
2023-07-12 20:41:42,838 INFO feature_importance_helper greedy_search Feature 1 at boundary 0.1 * epsilon with m 1.9930000000000005 achieves loss difference 0.0
2023-07-12 20:41:42,850 INFO feature_importance_helper greedy_search Feature 1 at boundary 0.1 * epsilon with m 1.9940000000000004 achieves loss difference 0.0
2023-07-12 20:41:42,861 INFO feature_importance_helper greedy_search Feature 1 at boundary 0.1 * epsilon with m 1.9950000000000003 achieves loss difference 0.0
2023-07-12 20:41:42,874 INFO feature_importance_helper greedy_search Feature 1 at boundary 0.1 * epsilon with m 1.9960000000000002 achieves loss difference 0.0
2023-07-12 20:41:42,888 INFO feature_importance_helper greedy_search Feature 1 at boundary 0.1 * epsilon with m 1.997 achieves loss difference 0.0
2023-07-12 20:41:42,900 INFO feature_importance_helper greedy_search Feature 1 at boundary 0.1 * epsilon with m 1.998 achieves loss difference 0.0
2023-07-12 20:41:42,911 INFO feature_importance_helper greedy_search Feature 1 at boundary 0.1 * epsilon with m 1.9989999999999999 achieves loss difference 0.0
2023-07-12 20:41:42,925 INFO feature_importance_helper greedy_search Feature 1 at boundary 0.1 * epsilon with m 1.9999999999999998 achieves loss difference 0.0
2023-07-12 20:41:42,926 INFO feature_importance_helper greedy_search Feature 1 at boundary 0.1 * epsilon with m 1.9999999999999998 achieves loss difference 0.007612117893129152
2023-07-12 20:41:42,927 INFO feature_importance_helper greedy_search Feature 1 at boundary 0.1 * epsilon with m 1.9999999999999998 achieves loss difference 0.007612117893129152
2023-07-12 20:41:42,929 INFO feature_importance_helper greedy_search Feature 1 at boundary 0.2 * epsilon with m 1.9999999999999998 achieves loss difference 0.007612117893129152
2023-07-12 20:41:42,930 INFO feature_importance_helper greedy_search Feature 1 at boundary 0.2 * epsilon with m 1.9999999999999998 achieves loss difference 0.007612117893129152
2023-07-12 20:41:42,931 INFO feature_importance_helper greedy_search Feature 1 at boundary 0.2 * epsilon with m 1.9999999999999998 achieves loss difference 0.007612117893129152
2023-07-12 20:41:42,932 INFO feature_importance_helper greedy_search Feature 1 at boundary 0.2 * epsilon with m 1.9999999999999998 achieves loss difference 0.007612117893129152
2023-07-12 20:41:42,933 INFO feature_importance_helper greedy_search Feature 1 at boundary 0.30000000000000004 * epsilon with m 1.9999999999999998 achieves loss difference 0.007612117893129152
2023-07-12 20:41:42,934 INFO feature_importance_helper greedy_search Feature 1 at boundary 0.30000000000000004 * epsilon with m 1.9999999999999998 achieves loss difference 0.007612117893129152
2023-07-12 20:41:42,935 INFO feature_importance_helper greedy_search Feature 1 at boundary 0.30000000000000004 * epsilon with m 1.9999999999999998 achieves loss difference 0.007612117893129152
2023-07-12 20:41:42,936 INFO feature_importance_helper greedy_search Feature 1 at boundary 0.30000000000000004 * epsilon with m 1.9999999999999998 achieves loss difference 0.007612117893129152
2023-07-12 20:41:42,936 INFO feature_importance_helper greedy_search Feature 1 at boundary 0.4 * epsilon with m 1.9999999999999998 achieves loss difference 0.007612117893129152
2023-07-12 20:41:42,937 INFO feature_importance_helper greedy_search Feature 1 at boundary 0.4 * epsilon with m 1.9999999999999998 achieves loss difference 0.007612117893129152
2023-07-12 20:41:42,939 INFO feature_importance_helper greedy_search Feature 1 at boundary 0.4 * epsilon with m 1.9999999999999998 achieves loss difference 0.007612117893129152
2023-07-12 20:41:42,940 INFO feature_importance_helper greedy_search Feature 1 at boundary 0.4 * epsilon with m 1.9999999999999998 achieves loss difference 0.007612117893129152
2023-07-12 20:41:42,941 INFO feature_importance_helper greedy_search Feature 1 at boundary 0.5 * epsilon with m 1.9999999999999998 achieves loss difference 0.007612117893129152
2023-07-12 20:41:42,942 INFO feature_importance_helper greedy_search Feature 1 at boundary 0.5 * epsilon with m 1.9999999999999998 achieves loss difference 0.007612117893129152
2023-07-12 20:41:42,943 INFO feature_importance_helper greedy_search Feature 1 at boundary 0.5 * epsilon with m 1.9999999999999998 achieves loss difference 0.007612117893129152
2023-07-12 20:41:42,944 INFO feature_importance_helper greedy_search Feature 1 at boundary 0.5 * epsilon with m 1.9999999999999998 achieves loss difference 0.007612117893129152
2023-07-12 20:41:42,945 INFO feature_importance_helper greedy_search Feature 1 at boundary 0.6000000000000001 * epsilon with m 1.9999999999999998 achieves loss difference 0.007612117893129152
2023-07-12 20:41:42,946 INFO feature_importance_helper greedy_search Feature 1 at boundary 0.6000000000000001 * epsilon with m 1.9999999999999998 achieves loss difference 0.007612117893129152
2023-07-12 20:41:42,946 INFO feature_importance_helper greedy_search Feature 1 at boundary 0.6000000000000001 * epsilon with m 1.9999999999999998 achieves loss difference 0.007612117893129152
2023-07-12 20:41:42,947 INFO feature_importance_helper greedy_search Feature 1 at boundary 0.6000000000000001 * epsilon with m 1.9999999999999998 achieves loss difference 0.007612117893129152
2023-07-12 20:41:42,948 INFO feature_importance_helper greedy_search Feature 1 at boundary 0.7000000000000001 * epsilon with m 1.9999999999999998 achieves loss difference 0.007612117893129152
2023-07-12 20:41:42,950 INFO feature_importance_helper greedy_search Feature 1 at boundary 0.7000000000000001 * epsilon with m 1.9999999999999998 achieves loss difference 0.007612117893129152
2023-07-12 20:41:42,952 INFO feature_importance_helper greedy_search Feature 1 at boundary 0.7000000000000001 * epsilon with m 1.9999999999999998 achieves loss difference 0.007612117893129152
2023-07-12 20:41:42,953 INFO feature_importance_helper greedy_search Feature 1 at boundary 0.7000000000000001 * epsilon with m 1.9999999999999998 achieves loss difference 0.007612117893129152
2023-07-12 20:41:42,954 INFO feature_importance_helper greedy_search Feature 1 at boundary 0.8 * epsilon with m 1.9999999999999998 achieves loss difference 0.007612117893129152
2023-07-12 20:41:42,955 INFO feature_importance_helper greedy_search Feature 1 at boundary 0.8 * epsilon with m 1.9999999999999998 achieves loss difference 0.007612117893129152
2023-07-12 20:41:42,956 INFO feature_importance_helper greedy_search Feature 1 at boundary 0.8 * epsilon with m 1.9999999999999998 achieves loss difference 0.007612117893129152
2023-07-12 20:41:42,957 INFO feature_importance_helper greedy_search Feature 1 at boundary 0.8 * epsilon with m 1.9999999999999998 achieves loss difference 0.007612117893129152
2023-07-12 20:41:42,958 INFO feature_importance_helper greedy_search Feature 1 at boundary 0.9 * epsilon with m 1.9999999999999998 achieves loss difference 0.007612117893129152
2023-07-12 20:41:42,959 INFO feature_importance_helper greedy_search Feature 1 at boundary 0.9 * epsilon with m 1.9999999999999998 achieves loss difference 0.007612117893129152
2023-07-12 20:41:42,960 INFO feature_importance_helper greedy_search Feature 1 at boundary 0.9 * epsilon with m 1.9999999999999998 achieves loss difference 0.007612117893129152
2023-07-12 20:41:42,961 INFO feature_importance_helper greedy_search Feature 1 at boundary 0.9 * epsilon with m 1.9999999999999998 achieves loss difference 0.007612117893129152
2023-07-12 20:41:42,962 INFO feature_importance_helper greedy_search Feature 1 at boundary 1.0 * epsilon with m 1.9999999999999998 achieves loss difference 0.007612117893129152
2023-07-12 20:41:42,963 INFO feature_importance_helper greedy_search Feature 1 at boundary 1.0 * epsilon with m 1.9999999999999998 achieves loss difference 0.007612117893129152
2023-07-12 20:41:42,964 INFO feature_importance_helper greedy_search Feature 1 at boundary 1.0 * epsilon with m 1.9999999999999998 achieves loss difference 0.007612117893129152
2023-07-12 20:41:42,965 INFO feature_importance_helper greedy_search Feature 1 at boundary 1.0 * epsilon with m 1.9999999999999998 achieves loss difference 0.007612117893129152
2023-07-12 20:41:42,966 INFO feature_importance_helper greedy_search Feature 1 at boundary 0.0 * epsilon with m 1 achieves loss difference 0.0036386806489174094
2023-07-12 20:41:42,968 INFO feature_importance_helper greedy_search Feature 1 at boundary 0.0 * epsilon with m 1 achieves loss difference 0.0036386806489174094
2023-07-12 20:41:42,969 INFO feature_importance_helper greedy_search Feature 1 at boundary 0.0 * epsilon with m 1 achieves loss difference 0.0036386806489174094
2023-07-12 20:41:42,970 INFO feature_importance_helper greedy_search Feature 1 at boundary 0.0 * epsilon with m 1 achieves loss difference 0.0036386806489174094
2023-07-12 20:41:42,971 INFO feature_importance_helper greedy_search Feature 1 at boundary 0.1 * epsilon with m 1 achieves loss difference 0.0036386806489174094
2023-07-12 20:41:42,972 INFO feature_importance_helper greedy_search Feature 1 at boundary 0.1 * epsilon with m 1 achieves loss difference 0.0036386806489174094
2023-07-12 20:41:42,973 INFO feature_importance_helper greedy_search Feature 1 at boundary 0.1 * epsilon with m 1 achieves loss difference 0.0036386806489174094
2023-07-12 20:41:42,974 INFO feature_importance_helper greedy_search Feature 1 at boundary 0.1 * epsilon with m 1 achieves loss difference 0.0036386806489174094
2023-07-12 20:41:42,975 INFO feature_importance_helper greedy_search Feature 1 at boundary 0.2 * epsilon with m 1 achieves loss difference 0.0036386806489174094
2023-07-12 20:41:42,976 INFO feature_importance_helper greedy_search Feature 1 at boundary 0.2 * epsilon with m 1 achieves loss difference 0.0036386806489174094
2023-07-12 20:41:42,977 INFO feature_importance_helper greedy_search Feature 1 at boundary 0.2 * epsilon with m 1 achieves loss difference 0.0036386806489174094
2023-07-12 20:41:42,979 INFO feature_importance_helper greedy_search Feature 1 at boundary 0.2 * epsilon with m 1 achieves loss difference 0.0036386806489174094
2023-07-12 20:41:42,980 INFO feature_importance_helper greedy_search Feature 1 at boundary 0.30000000000000004 * epsilon with m 1 achieves loss difference 0.0036386806489174094
2023-07-12 20:41:42,981 INFO feature_importance_helper greedy_search Feature 1 at boundary 0.30000000000000004 * epsilon with m 1 achieves loss difference 0.0036386806489174094
2023-07-12 20:41:42,982 INFO feature_importance_helper greedy_search Feature 1 at boundary 0.30000000000000004 * epsilon with m 1 achieves loss difference 0.0036386806489174094
2023-07-12 20:41:42,983 INFO feature_importance_helper greedy_search Feature 1 at boundary 0.30000000000000004 * epsilon with m 1 achieves loss difference 0.0036386806489174094
2023-07-12 20:41:42,984 INFO feature_importance_helper greedy_search Feature 1 at boundary 0.4 * epsilon with m 1 achieves loss difference 0.0036386806489174094
2023-07-12 20:41:42,986 INFO feature_importance_helper greedy_search Feature 1 at boundary 0.4 * epsilon with m 1 achieves loss difference 0.0036386806489174094
2023-07-12 20:41:42,986 INFO feature_importance_helper greedy_search Feature 1 at boundary 0.4 * epsilon with m 1 achieves loss difference 0.0036386806489174094
2023-07-12 20:41:42,987 INFO feature_importance_helper greedy_search Feature 1 at boundary 0.4 * epsilon with m 1 achieves loss difference 0.0036386806489174094
2023-07-12 20:41:42,988 INFO feature_importance_helper greedy_search Feature 1 at boundary 0.5 * epsilon with m 1 achieves loss difference 0.0036386806489174094
2023-07-12 20:41:42,989 INFO feature_importance_helper greedy_search Feature 1 at boundary 0.5 * epsilon with m 1 achieves loss difference 0.0036386806489174094
2023-07-12 20:41:42,990 INFO feature_importance_helper greedy_search Feature 1 at boundary 0.5 * epsilon with m 1 achieves loss difference 0.0036386806489174094
2023-07-12 20:41:42,991 INFO feature_importance_helper greedy_search Feature 1 at boundary 0.5 * epsilon with m 1 achieves loss difference 0.0036386806489174094
2023-07-12 20:41:42,992 INFO feature_importance_helper greedy_search Feature 1 at boundary 0.6000000000000001 * epsilon with m 1 achieves loss difference 0.0036386806489174094
2023-07-12 20:41:42,994 INFO feature_importance_helper greedy_search Feature 1 at boundary 0.6000000000000001 * epsilon with m 1 achieves loss difference 0.0036386806489174094
2023-07-12 20:41:42,995 INFO feature_importance_helper greedy_search Feature 1 at boundary 0.6000000000000001 * epsilon with m 1 achieves loss difference 0.0036386806489174094
2023-07-12 20:41:42,996 INFO feature_importance_helper greedy_search Feature 1 at boundary 0.6000000000000001 * epsilon with m 1 achieves loss difference 0.0036386806489174094
2023-07-12 20:41:42,997 INFO feature_importance_helper greedy_search Feature 1 at boundary 0.7000000000000001 * epsilon with m 1 achieves loss difference 0.0036386806489174094
2023-07-12 20:41:42,997 INFO feature_importance_helper greedy_search Feature 1 at boundary 0.7000000000000001 * epsilon with m 1 achieves loss difference 0.0036386806489174094
2023-07-12 20:41:42,999 INFO feature_importance_helper greedy_search Feature 1 at boundary 0.7000000000000001 * epsilon with m 1 achieves loss difference 0.0036386806489174094
2023-07-12 20:41:43,000 INFO feature_importance_helper greedy_search Feature 1 at boundary 0.7000000000000001 * epsilon with m 1 achieves loss difference 0.0036386806489174094
2023-07-12 20:41:43,001 INFO feature_importance_helper greedy_search Feature 1 at boundary 0.8 * epsilon with m 1 achieves loss difference 0.0036386806489174094
2023-07-12 20:41:43,002 INFO feature_importance_helper greedy_search Feature 1 at boundary 0.8 * epsilon with m 1 achieves loss difference 0.0036386806489174094
2023-07-12 20:41:43,003 INFO feature_importance_helper greedy_search Feature 1 at boundary 0.8 * epsilon with m 1 achieves loss difference 0.0036386806489174094
2023-07-12 20:41:43,004 INFO feature_importance_helper greedy_search Feature 1 at boundary 0.8 * epsilon with m 1 achieves loss difference 0.0036386806489174094
2023-07-12 20:41:43,005 INFO feature_importance_helper greedy_search Feature 1 at boundary 0.9 * epsilon with m 1 achieves loss difference 0.0036386806489174094
2023-07-12 20:41:43,006 INFO feature_importance_helper greedy_search Feature 1 at boundary 0.9 * epsilon with m 1 achieves loss difference 0.0036386806489174094
2023-07-12 20:41:43,007 INFO feature_importance_helper greedy_search Feature 1 at boundary 0.9 * epsilon with m 1 achieves loss difference 0.0036386806489174094
2023-07-12 20:41:43,008 INFO feature_importance_helper greedy_search Feature 1 at boundary 0.9 * epsilon with m 1 achieves loss difference 0.0036386806489174094
2023-07-12 20:41:43,009 INFO feature_importance_helper greedy_search Feature 1 at boundary 1.0 * epsilon with m 1 achieves loss difference 0.0036386806489174094
2023-07-12 20:41:43,010 INFO feature_importance_helper greedy_search Feature 1 at boundary 1.0 * epsilon with m 1 achieves loss difference 0.0036386806489174094
2023-07-12 20:41:43,011 INFO feature_importance_helper greedy_search Feature 1 at boundary 1.0 * epsilon with m 1 achieves loss difference 0.0036386806489174094
2023-07-12 20:41:43,012 INFO feature_importance_helper greedy_search Feature 1 at boundary 1.0 * epsilon with m 1 achieves loss difference 0.0036386806489174094
2023-07-12 20:41:43,013 INFO feature_importance_helper greedy_search Feature 2 at boundary 0.0 * epsilon with m 1 achieves loss difference 0.0
2023-07-12 20:41:43,014 INFO feature_importance_helper greedy_search Feature 2 at boundary 0.0 * epsilon with m 1 achieves loss difference 0.0
2023-07-12 20:41:43,015 INFO feature_importance_helper greedy_search Feature 2 at boundary 0.0 * epsilon with m 1 achieves loss difference 0.0
2023-07-12 20:41:43,016 INFO feature_importance_helper greedy_search Feature 2 at boundary 0.0 * epsilon with m 1 achieves loss difference 0.0
2023-07-12 20:41:43,029 INFO feature_importance_helper greedy_search Feature 2 at boundary 0.1 * epsilon with m 1.1 achieves loss difference 0.0
2023-07-12 20:41:43,042 INFO feature_importance_helper greedy_search Feature 2 at boundary 0.1 * epsilon with m 1.2000000000000002 achieves loss difference 0.0
2023-07-12 20:41:43,043 INFO feature_importance_helper greedy_search Feature 2 at boundary 0.1 * epsilon with m 1.2000000000000002 achieves loss difference 0.002061152187107826
2023-07-12 20:41:43,053 INFO feature_importance_helper greedy_search Feature 2 at boundary 0.1 * epsilon with m 1.2100000000000002 achieves loss difference 0.0
2023-07-12 20:41:43,065 INFO feature_importance_helper greedy_search Feature 2 at boundary 0.1 * epsilon with m 1.2200000000000002 achieves loss difference 0.0
2023-07-12 20:41:43,076 INFO feature_importance_helper greedy_search Feature 2 at boundary 0.1 * epsilon with m 1.2300000000000002 achieves loss difference 0.0
2023-07-12 20:41:43,088 INFO feature_importance_helper greedy_search Feature 2 at boundary 0.1 * epsilon with m 1.2400000000000002 achieves loss difference 0.0
2023-07-12 20:41:43,089 INFO feature_importance_helper greedy_search Feature 2 at boundary 0.1 * epsilon with m 1.2400000000000002 achieves loss difference 0.002061152187107826
2023-07-12 20:41:43,101 INFO feature_importance_helper greedy_search Feature 2 at boundary 0.1 * epsilon with m 1.241 achieves loss difference 0.0
2023-07-12 20:41:43,115 INFO feature_importance_helper greedy_search Feature 2 at boundary 0.1 * epsilon with m 1.242 achieves loss difference 0.0
2023-07-12 20:41:43,128 INFO feature_importance_helper greedy_search Feature 2 at boundary 0.1 * epsilon with m 1.2429999999999999 achieves loss difference 0.0
2023-07-12 20:41:43,141 INFO feature_importance_helper greedy_search Feature 2 at boundary 0.1 * epsilon with m 1.2439999999999998 achieves loss difference 0.0
2023-07-12 20:41:43,153 INFO feature_importance_helper greedy_search Feature 2 at boundary 0.1 * epsilon with m 1.2449999999999997 achieves loss difference 0.0
2023-07-12 20:41:43,164 INFO feature_importance_helper greedy_search Feature 2 at boundary 0.1 * epsilon with m 1.2459999999999996 achieves loss difference 0.0
2023-07-12 20:41:43,176 INFO feature_importance_helper greedy_search Feature 2 at boundary 0.1 * epsilon with m 1.2469999999999994 achieves loss difference 0.0
2023-07-12 20:41:43,190 INFO feature_importance_helper greedy_search Feature 2 at boundary 0.1 * epsilon with m 1.2479999999999993 achieves loss difference 0.0
2023-07-12 20:41:43,201 INFO feature_importance_helper greedy_search Feature 2 at boundary 0.1 * epsilon with m 1.2489999999999992 achieves loss difference 0.0
2023-07-12 20:41:43,214 INFO feature_importance_helper greedy_search Feature 2 at boundary 0.1 * epsilon with m 1.2499999999999991 achieves loss difference 0.0
2023-07-12 20:41:43,215 INFO feature_importance_helper greedy_search Feature 2 at boundary 0.1 * epsilon with m 1.2499999999999991 achieves loss difference 0.002061152187107826
2023-07-12 20:41:43,216 INFO feature_importance_helper greedy_search Feature 2 at boundary 0.1 * epsilon with m 1.2499999999999991 achieves loss difference 0.002061152187107826
2023-07-12 20:41:43,218 INFO feature_importance_helper greedy_search Feature 2 at boundary 0.2 * epsilon with m 1.2499999999999991 achieves loss difference 0.005178213172097813
2023-07-12 20:41:43,219 INFO feature_importance_helper greedy_search Feature 2 at boundary 0.2 * epsilon with m 1.2499999999999991 achieves loss difference 0.002061152187107826
2023-07-12 20:41:43,220 INFO feature_importance_helper greedy_search Feature 2 at boundary 0.2 * epsilon with m 1.2499999999999991 achieves loss difference 0.002061152187107826
2023-07-12 20:41:43,221 INFO feature_importance_helper greedy_search Feature 2 at boundary 0.2 * epsilon with m 1.2499999999999991 achieves loss difference 0.002061152187107826
2023-07-12 20:41:43,222 INFO feature_importance_helper greedy_search Feature 2 at boundary 0.30000000000000004 * epsilon with m 1.2499999999999991 achieves loss difference 0.005178213172097813
2023-07-12 20:41:43,223 INFO feature_importance_helper greedy_search Feature 2 at boundary 0.30000000000000004 * epsilon with m 1.2499999999999991 achieves loss difference 0.002061152187107826
2023-07-12 20:41:43,224 INFO feature_importance_helper greedy_search Feature 2 at boundary 0.30000000000000004 * epsilon with m 1.2499999999999991 achieves loss difference 0.002061152187107826
2023-07-12 20:41:43,225 INFO feature_importance_helper greedy_search Feature 2 at boundary 0.30000000000000004 * epsilon with m 1.2499999999999991 achieves loss difference 0.002061152187107826
2023-07-12 20:41:43,226 INFO feature_importance_helper greedy_search Feature 2 at boundary 0.4 * epsilon with m 1.2499999999999991 achieves loss difference 0.005178213172097813
2023-07-12 20:41:43,228 INFO feature_importance_helper greedy_search Feature 2 at boundary 0.4 * epsilon with m 1.2499999999999991 achieves loss difference 0.002061152187107826
2023-07-12 20:41:43,229 INFO feature_importance_helper greedy_search Feature 2 at boundary 0.4 * epsilon with m 1.2499999999999991 achieves loss difference 0.002061152187107826
2023-07-12 20:41:43,230 INFO feature_importance_helper greedy_search Feature 2 at boundary 0.4 * epsilon with m 1.2499999999999991 achieves loss difference 0.002061152187107826
2023-07-12 20:41:43,231 INFO feature_importance_helper greedy_search Feature 2 at boundary 0.5 * epsilon with m 1.2499999999999991 achieves loss difference 0.005178213172097813
2023-07-12 20:41:43,232 INFO feature_importance_helper greedy_search Feature 2 at boundary 0.5 * epsilon with m 1.2499999999999991 achieves loss difference 0.002061152187107826
2023-07-12 20:41:43,233 INFO feature_importance_helper greedy_search Feature 2 at boundary 0.5 * epsilon with m 1.2499999999999991 achieves loss difference 0.002061152187107826
2023-07-12 20:41:43,234 INFO feature_importance_helper greedy_search Feature 2 at boundary 0.5 * epsilon with m 1.2499999999999991 achieves loss difference 0.002061152187107826
2023-07-12 20:41:43,235 INFO feature_importance_helper greedy_search Feature 2 at boundary 0.6000000000000001 * epsilon with m 1.2499999999999991 achieves loss difference 0.005178213172097813
2023-07-12 20:41:43,236 INFO feature_importance_helper greedy_search Feature 2 at boundary 0.6000000000000001 * epsilon with m 1.2499999999999991 achieves loss difference 0.002061152187107826
2023-07-12 20:41:43,236 INFO feature_importance_helper greedy_search Feature 2 at boundary 0.6000000000000001 * epsilon with m 1.2499999999999991 achieves loss difference 0.002061152187107826
2023-07-12 20:41:43,237 INFO feature_importance_helper greedy_search Feature 2 at boundary 0.6000000000000001 * epsilon with m 1.2499999999999991 achieves loss difference 0.002061152187107826
2023-07-12 20:41:43,238 INFO feature_importance_helper greedy_search Feature 2 at boundary 0.7000000000000001 * epsilon with m 1.2499999999999991 achieves loss difference 0.005178213172097813
2023-07-12 20:41:43,239 INFO feature_importance_helper greedy_search Feature 2 at boundary 0.7000000000000001 * epsilon with m 1.2499999999999991 achieves loss difference 0.002061152187107826
2023-07-12 20:41:43,240 INFO feature_importance_helper greedy_search Feature 2 at boundary 0.7000000000000001 * epsilon with m 1.2499999999999991 achieves loss difference 0.002061152187107826
2023-07-12 20:41:43,241 INFO feature_importance_helper greedy_search Feature 2 at boundary 0.7000000000000001 * epsilon with m 1.2499999999999991 achieves loss difference 0.002061152187107826
2023-07-12 20:41:43,242 INFO feature_importance_helper greedy_search Feature 2 at boundary 0.8 * epsilon with m 1.2499999999999991 achieves loss difference 0.005178213172097813
2023-07-12 20:41:43,243 INFO feature_importance_helper greedy_search Feature 2 at boundary 0.8 * epsilon with m 1.2499999999999991 achieves loss difference 0.002061152187107826
2023-07-12 20:41:43,244 INFO feature_importance_helper greedy_search Feature 2 at boundary 0.8 * epsilon with m 1.2499999999999991 achieves loss difference 0.002061152187107826
2023-07-12 20:41:43,245 INFO feature_importance_helper greedy_search Feature 2 at boundary 0.8 * epsilon with m 1.2499999999999991 achieves loss difference 0.002061152187107826
2023-07-12 20:41:43,246 INFO feature_importance_helper greedy_search Feature 2 at boundary 0.9 * epsilon with m 1.2499999999999991 achieves loss difference 0.005178213172097813
2023-07-12 20:41:43,247 INFO feature_importance_helper greedy_search Feature 2 at boundary 0.9 * epsilon with m 1.2499999999999991 achieves loss difference 0.002061152187107826
2023-07-12 20:41:43,248 INFO feature_importance_helper greedy_search Feature 2 at boundary 0.9 * epsilon with m 1.2499999999999991 achieves loss difference 0.002061152187107826
2023-07-12 20:41:43,249 INFO feature_importance_helper greedy_search Feature 2 at boundary 0.9 * epsilon with m 1.2499999999999991 achieves loss difference 0.002061152187107826
2023-07-12 20:41:43,250 INFO feature_importance_helper greedy_search Feature 2 at boundary 1.0 * epsilon with m 1.2499999999999991 achieves loss difference 0.005178213172097813
2023-07-12 20:41:43,251 INFO feature_importance_helper greedy_search Feature 2 at boundary 1.0 * epsilon with m 1.2499999999999991 achieves loss difference 0.002061152187107826
2023-07-12 20:41:43,252 INFO feature_importance_helper greedy_search Feature 2 at boundary 1.0 * epsilon with m 1.2499999999999991 achieves loss difference 0.002061152187107826
2023-07-12 20:41:43,253 INFO feature_importance_helper greedy_search Feature 2 at boundary 1.0 * epsilon with m 1.2499999999999991 achieves loss difference 0.002061152187107826
2023-07-12 20:41:43,254 INFO feature_importance_helper greedy_search Feature 2 at boundary 0.0 * epsilon with m 1 achieves loss difference 0.010984189174613046
2023-07-12 20:41:43,255 INFO feature_importance_helper greedy_search Feature 2 at boundary 0.0 * epsilon with m 1 achieves loss difference 0.010984189174613046
2023-07-12 20:41:43,256 INFO feature_importance_helper greedy_search Feature 2 at boundary 0.0 * epsilon with m 1 achieves loss difference 0.010984189174613046
2023-07-12 20:41:43,256 INFO feature_importance_helper greedy_search Feature 2 at boundary 0.0 * epsilon with m 1 achieves loss difference 0.010984189174613046
2023-07-12 20:41:43,257 INFO feature_importance_helper greedy_search Feature 2 at boundary 0.1 * epsilon with m 1 achieves loss difference 0.010984189174613046
2023-07-12 20:41:43,259 INFO feature_importance_helper greedy_search Feature 2 at boundary 0.1 * epsilon with m 1 achieves loss difference 0.010984189174613046
2023-07-12 20:41:43,260 INFO feature_importance_helper greedy_search Feature 2 at boundary 0.1 * epsilon with m 1 achieves loss difference 0.010984189174613046
2023-07-12 20:41:43,261 INFO feature_importance_helper greedy_search Feature 2 at boundary 0.1 * epsilon with m 1 achieves loss difference 0.010984189174613046
2023-07-12 20:41:43,262 INFO feature_importance_helper greedy_search Feature 2 at boundary 0.2 * epsilon with m 1 achieves loss difference 0.010984189174613046
2023-07-12 20:41:43,263 INFO feature_importance_helper greedy_search Feature 2 at boundary 0.2 * epsilon with m 1 achieves loss difference 0.010984189174613046
2023-07-12 20:41:43,264 INFO feature_importance_helper greedy_search Feature 2 at boundary 0.2 * epsilon with m 1 achieves loss difference 0.010984189174613046
2023-07-12 20:41:43,265 INFO feature_importance_helper greedy_search Feature 2 at boundary 0.2 * epsilon with m 1 achieves loss difference 0.010984189174613046
2023-07-12 20:41:43,265 INFO feature_importance_helper greedy_search Feature 2 at boundary 0.30000000000000004 * epsilon with m 1 achieves loss difference 0.010984189174613046
2023-07-12 20:41:43,266 INFO feature_importance_helper greedy_search Feature 2 at boundary 0.30000000000000004 * epsilon with m 1 achieves loss difference 0.010984189174613046
2023-07-12 20:41:43,267 INFO feature_importance_helper greedy_search Feature 2 at boundary 0.30000000000000004 * epsilon with m 1 achieves loss difference 0.010984189174613046
2023-07-12 20:41:43,268 INFO feature_importance_helper greedy_search Feature 2 at boundary 0.30000000000000004 * epsilon with m 1 achieves loss difference 0.010984189174613046
2023-07-12 20:41:43,269 INFO feature_importance_helper greedy_search Feature 2 at boundary 0.4 * epsilon with m 1 achieves loss difference 0.010984189174613046
2023-07-12 20:41:43,270 INFO feature_importance_helper greedy_search Feature 2 at boundary 0.4 * epsilon with m 1 achieves loss difference 0.010984189174613046
2023-07-12 20:41:43,270 INFO feature_importance_helper greedy_search Feature 2 at boundary 0.4 * epsilon with m 1 achieves loss difference 0.010984189174613046
2023-07-12 20:41:43,271 INFO feature_importance_helper greedy_search Feature 2 at boundary 0.4 * epsilon with m 1 achieves loss difference 0.010984189174613046
2023-07-12 20:41:43,272 INFO feature_importance_helper greedy_search Feature 2 at boundary 0.5 * epsilon with m 1 achieves loss difference 0.010984189174613046
2023-07-12 20:41:43,273 INFO feature_importance_helper greedy_search Feature 2 at boundary 0.5 * epsilon with m 1 achieves loss difference 0.010984189174613046
2023-07-12 20:41:43,274 INFO feature_importance_helper greedy_search Feature 2 at boundary 0.5 * epsilon with m 1 achieves loss difference 0.010984189174613046
2023-07-12 20:41:43,275 INFO feature_importance_helper greedy_search Feature 2 at boundary 0.5 * epsilon with m 1 achieves loss difference 0.010984189174613046
2023-07-12 20:41:43,276 INFO feature_importance_helper greedy_search Feature 2 at boundary 0.6000000000000001 * epsilon with m 1 achieves loss difference 0.010984189174613046
2023-07-12 20:41:43,277 INFO feature_importance_helper greedy_search Feature 2 at boundary 0.6000000000000001 * epsilon with m 1 achieves loss difference 0.010984189174613046
2023-07-12 20:41:43,278 INFO feature_importance_helper greedy_search Feature 2 at boundary 0.6000000000000001 * epsilon with m 1 achieves loss difference 0.010984189174613046
2023-07-12 20:41:43,279 INFO feature_importance_helper greedy_search Feature 2 at boundary 0.6000000000000001 * epsilon with m 1 achieves loss difference 0.010984189174613046
2023-07-12 20:41:43,280 INFO feature_importance_helper greedy_search Feature 2 at boundary 0.7000000000000001 * epsilon with m 1 achieves loss difference 0.010984189174613046
2023-07-12 20:41:43,281 INFO feature_importance_helper greedy_search Feature 2 at boundary 0.7000000000000001 * epsilon with m 1 achieves loss difference 0.010984189174613046
2023-07-12 20:41:43,282 INFO feature_importance_helper greedy_search Feature 2 at boundary 0.7000000000000001 * epsilon with m 1 achieves loss difference 0.010984189174613046
2023-07-12 20:41:43,283 INFO feature_importance_helper greedy_search Feature 2 at boundary 0.7000000000000001 * epsilon with m 1 achieves loss difference 0.010984189174613046
2023-07-12 20:41:43,284 INFO feature_importance_helper greedy_search Feature 2 at boundary 0.8 * epsilon with m 1 achieves loss difference 0.010984189174613046
2023-07-12 20:41:43,285 INFO feature_importance_helper greedy_search Feature 2 at boundary 0.8 * epsilon with m 1 achieves loss difference 0.010984189174613046
2023-07-12 20:41:43,286 INFO feature_importance_helper greedy_search Feature 2 at boundary 0.8 * epsilon with m 1 achieves loss difference 0.010984189174613046
2023-07-12 20:41:43,287 INFO feature_importance_helper greedy_search Feature 2 at boundary 0.8 * epsilon with m 1 achieves loss difference 0.010984189174613046
2023-07-12 20:41:43,287 INFO feature_importance_helper greedy_search Feature 2 at boundary 0.9 * epsilon with m 1 achieves loss difference 0.010984189174613046
2023-07-12 20:41:43,289 INFO feature_importance_helper greedy_search Feature 2 at boundary 0.9 * epsilon with m 1 achieves loss difference 0.010984189174613046
2023-07-12 20:41:43,290 INFO feature_importance_helper greedy_search Feature 2 at boundary 0.9 * epsilon with m 1 achieves loss difference 0.010984189174613046
2023-07-12 20:41:43,291 INFO feature_importance_helper greedy_search Feature 2 at boundary 0.9 * epsilon with m 1 achieves loss difference 0.010984189174613046
2023-07-12 20:41:43,292 INFO feature_importance_helper greedy_search Feature 2 at boundary 1.0 * epsilon with m 1 achieves loss difference 0.010984189174613046
2023-07-12 20:41:43,293 INFO feature_importance_helper greedy_search Feature 2 at boundary 1.0 * epsilon with m 1 achieves loss difference 0.010984189174613046
2023-07-12 20:41:43,294 INFO feature_importance_helper greedy_search Feature 2 at boundary 1.0 * epsilon with m 1 achieves loss difference 0.010984189174613046
2023-07-12 20:41:43,295 INFO feature_importance_helper greedy_search Feature 2 at boundary 1.0 * epsilon with m 1 achieves loss difference 0.010984189174613046
2023-07-12 20:41:43,296 INFO feature_importance_helper greedy_search Feature 3 at boundary 0.0 * epsilon with m 1 achieves loss difference 0.0
2023-07-12 20:41:43,296 INFO feature_importance_helper greedy_search Feature 3 at boundary 0.0 * epsilon with m 1 achieves loss difference 0.0
2023-07-12 20:41:43,297 INFO feature_importance_helper greedy_search Feature 3 at boundary 0.0 * epsilon with m 1 achieves loss difference 0.0
2023-07-12 20:41:43,298 INFO feature_importance_helper greedy_search Feature 3 at boundary 0.0 * epsilon with m 1 achieves loss difference 0.0
2023-07-12 20:41:43,310 INFO feature_importance_helper greedy_search Feature 3 at boundary 0.1 * epsilon with m 1.1 achieves loss difference 0.0
2023-07-12 20:41:43,321 INFO feature_importance_helper greedy_search Feature 3 at boundary 0.1 * epsilon with m 1.2000000000000002 achieves loss difference 0.0
2023-07-12 20:41:43,335 INFO feature_importance_helper greedy_search Feature 3 at boundary 0.1 * epsilon with m 1.3000000000000003 achieves loss difference 0.0
2023-07-12 20:41:43,336 INFO feature_importance_helper greedy_search Feature 3 at boundary 0.1 * epsilon with m 1.3000000000000003 achieves loss difference 0.0168896929203778
2023-07-12 20:41:43,351 INFO feature_importance_helper greedy_search Feature 3 at boundary 0.1 * epsilon with m 1.3100000000000003 achieves loss difference 0.0
2023-07-12 20:41:43,364 INFO feature_importance_helper greedy_search Feature 3 at boundary 0.1 * epsilon with m 1.3200000000000003 achieves loss difference 0.0
2023-07-12 20:41:43,378 INFO feature_importance_helper greedy_search Feature 3 at boundary 0.1 * epsilon with m 1.3300000000000003 achieves loss difference 0.0
2023-07-12 20:41:43,380 INFO feature_importance_helper greedy_search Feature 3 at boundary 0.1 * epsilon with m 1.3300000000000003 achieves loss difference 0.0168896929203778
2023-07-12 20:41:43,392 INFO feature_importance_helper greedy_search Feature 3 at boundary 0.1 * epsilon with m 1.3310000000000002 achieves loss difference 0.0
2023-07-12 20:41:43,403 INFO feature_importance_helper greedy_search Feature 3 at boundary 0.1 * epsilon with m 1.332 achieves loss difference 0.0
2023-07-12 20:41:43,415 INFO feature_importance_helper greedy_search Feature 3 at boundary 0.1 * epsilon with m 1.333 achieves loss difference 0.0
2023-07-12 20:41:43,416 INFO feature_importance_helper greedy_search Feature 3 at boundary 0.1 * epsilon with m 1.333 achieves loss difference 0.0168896929203778
2023-07-12 20:41:43,429 INFO feature_importance_helper greedy_search Feature 3 at boundary 0.1 * epsilon with m 1.3331 achieves loss difference 0.0
2023-07-12 20:41:43,441 INFO feature_importance_helper greedy_search Feature 3 at boundary 0.1 * epsilon with m 1.3332 achieves loss difference 0.0
2023-07-12 20:41:43,453 INFO feature_importance_helper greedy_search Feature 3 at boundary 0.1 * epsilon with m 1.3333 achieves loss difference 0.0
2023-07-12 20:41:43,454 INFO feature_importance_helper greedy_search Feature 3 at boundary 0.1 * epsilon with m 1.3333 achieves loss difference 0.0168896929203778
2023-07-12 20:41:43,455 INFO feature_importance_helper greedy_search Feature 3 at boundary 0.2 * epsilon with m 1.3333 achieves loss difference 0.0168896929203778
2023-07-12 20:41:43,456 INFO feature_importance_helper greedy_search Feature 3 at boundary 0.2 * epsilon with m 1.3333 achieves loss difference 0.0168896929203778
2023-07-12 20:41:43,456 INFO feature_importance_helper greedy_search Feature 3 at boundary 0.2 * epsilon with m 1.3333 achieves loss difference 0.0168896929203778
2023-07-12 20:41:43,457 INFO feature_importance_helper greedy_search Feature 3 at boundary 0.2 * epsilon with m 1.3333 achieves loss difference 0.0168896929203778
2023-07-12 20:41:43,458 INFO feature_importance_helper greedy_search Feature 3 at boundary 0.30000000000000004 * epsilon with m 1.3333 achieves loss difference 0.0168896929203778
2023-07-12 20:41:43,459 INFO feature_importance_helper greedy_search Feature 3 at boundary 0.30000000000000004 * epsilon with m 1.3333 achieves loss difference 0.0168896929203778
2023-07-12 20:41:43,460 INFO feature_importance_helper greedy_search Feature 3 at boundary 0.30000000000000004 * epsilon with m 1.3333 achieves loss difference 0.0168896929203778
2023-07-12 20:41:43,461 INFO feature_importance_helper greedy_search Feature 3 at boundary 0.30000000000000004 * epsilon with m 1.3333 achieves loss difference 0.0168896929203778
2023-07-12 20:41:43,463 INFO feature_importance_helper greedy_search Feature 3 at boundary 0.4 * epsilon with m 1.3333 achieves loss difference 0.0168896929203778
2023-07-12 20:41:43,464 INFO feature_importance_helper greedy_search Feature 3 at boundary 0.4 * epsilon with m 1.3333 achieves loss difference 0.0168896929203778
2023-07-12 20:41:43,465 INFO feature_importance_helper greedy_search Feature 3 at boundary 0.4 * epsilon with m 1.3333 achieves loss difference 0.0168896929203778
2023-07-12 20:41:43,466 INFO feature_importance_helper greedy_search Feature 3 at boundary 0.4 * epsilon with m 1.3333 achieves loss difference 0.0168896929203778
2023-07-12 20:41:43,467 INFO feature_importance_helper greedy_search Feature 3 at boundary 0.5 * epsilon with m 1.3333 achieves loss difference 0.0168896929203778
2023-07-12 20:41:43,468 INFO feature_importance_helper greedy_search Feature 3 at boundary 0.5 * epsilon with m 1.3333 achieves loss difference 0.0168896929203778
2023-07-12 20:41:43,469 INFO feature_importance_helper greedy_search Feature 3 at boundary 0.5 * epsilon with m 1.3333 achieves loss difference 0.0168896929203778
2023-07-12 20:41:43,470 INFO feature_importance_helper greedy_search Feature 3 at boundary 0.5 * epsilon with m 1.3333 achieves loss difference 0.0168896929203778
2023-07-12 20:41:43,471 INFO feature_importance_helper greedy_search Feature 3 at boundary 0.6000000000000001 * epsilon with m 1.3333 achieves loss difference 0.0168896929203778
2023-07-12 20:41:43,472 INFO feature_importance_helper greedy_search Feature 3 at boundary 0.6000000000000001 * epsilon with m 1.3333 achieves loss difference 0.0168896929203778
2023-07-12 20:41:43,473 INFO feature_importance_helper greedy_search Feature 3 at boundary 0.6000000000000001 * epsilon with m 1.3333 achieves loss difference 0.0168896929203778
2023-07-12 20:41:43,474 INFO feature_importance_helper greedy_search Feature 3 at boundary 0.6000000000000001 * epsilon with m 1.3333 achieves loss difference 0.0168896929203778
2023-07-12 20:41:43,475 INFO feature_importance_helper greedy_search Feature 3 at boundary 0.7000000000000001 * epsilon with m 1.3333 achieves loss difference 0.0168896929203778
2023-07-12 20:41:43,476 INFO feature_importance_helper greedy_search Feature 3 at boundary 0.7000000000000001 * epsilon with m 1.3333 achieves loss difference 0.0168896929203778
2023-07-12 20:41:43,478 INFO feature_importance_helper greedy_search Feature 3 at boundary 0.7000000000000001 * epsilon with m 1.3333 achieves loss difference 0.0168896929203778
2023-07-12 20:41:43,478 INFO feature_importance_helper greedy_search Feature 3 at boundary 0.7000000000000001 * epsilon with m 1.3333 achieves loss difference 0.0168896929203778
2023-07-12 20:41:43,479 INFO feature_importance_helper greedy_search Feature 3 at boundary 0.8 * epsilon with m 1.3333 achieves loss difference 0.0168896929203778
2023-07-12 20:41:43,480 INFO feature_importance_helper greedy_search Feature 3 at boundary 0.8 * epsilon with m 1.3333 achieves loss difference 0.0168896929203778
2023-07-12 20:41:43,481 INFO feature_importance_helper greedy_search Feature 3 at boundary 0.8 * epsilon with m 1.3333 achieves loss difference 0.0168896929203778
2023-07-12 20:41:43,482 INFO feature_importance_helper greedy_search Feature 3 at boundary 0.8 * epsilon with m 1.3333 achieves loss difference 0.0168896929203778
2023-07-12 20:41:43,483 INFO feature_importance_helper greedy_search Feature 3 at boundary 0.9 * epsilon with m 1.3333 achieves loss difference 0.0168896929203778
2023-07-12 20:41:43,484 INFO feature_importance_helper greedy_search Feature 3 at boundary 0.9 * epsilon with m 1.3333 achieves loss difference 0.0168896929203778
2023-07-12 20:41:43,485 INFO feature_importance_helper greedy_search Feature 3 at boundary 0.9 * epsilon with m 1.3333 achieves loss difference 0.0168896929203778
2023-07-12 20:41:43,486 INFO feature_importance_helper greedy_search Feature 3 at boundary 0.9 * epsilon with m 1.3333 achieves loss difference 0.0168896929203778
2023-07-12 20:41:43,487 INFO feature_importance_helper greedy_search Feature 3 at boundary 1.0 * epsilon with m 1.3333 achieves loss difference 0.0168896929203778
2023-07-12 20:41:43,488 INFO feature_importance_helper greedy_search Feature 3 at boundary 1.0 * epsilon with m 1.3333 achieves loss difference 0.0168896929203778
2023-07-12 20:41:43,489 INFO feature_importance_helper greedy_search Feature 3 at boundary 1.0 * epsilon with m 1.3333 achieves loss difference 0.0168896929203778
2023-07-12 20:41:43,490 INFO feature_importance_helper greedy_search Feature 3 at boundary 1.0 * epsilon with m 1.3333 achieves loss difference 0.0168896929203778
2023-07-12 20:41:43,491 INFO feature_importance_helper greedy_search Feature 3 at boundary 0.0 * epsilon with m 1 achieves loss difference 0.062474839167832384
2023-07-12 20:41:43,492 INFO feature_importance_helper greedy_search Feature 3 at boundary 0.0 * epsilon with m 1 achieves loss difference 0.062474839167832384
2023-07-12 20:41:43,493 INFO feature_importance_helper greedy_search Feature 3 at boundary 0.0 * epsilon with m 1 achieves loss difference 0.062474839167832384
2023-07-12 20:41:43,494 INFO feature_importance_helper greedy_search Feature 3 at boundary 0.0 * epsilon with m 1 achieves loss difference 0.062474839167832384
2023-07-12 20:41:43,495 INFO feature_importance_helper greedy_search Feature 3 at boundary 0.1 * epsilon with m 1 achieves loss difference 0.062474839167832384
2023-07-12 20:41:43,496 INFO feature_importance_helper greedy_search Feature 3 at boundary 0.1 * epsilon with m 1 achieves loss difference 0.062474839167832384
2023-07-12 20:41:43,497 INFO feature_importance_helper greedy_search Feature 3 at boundary 0.1 * epsilon with m 1 achieves loss difference 0.062474839167832384
2023-07-12 20:41:43,499 INFO feature_importance_helper greedy_search Feature 3 at boundary 0.1 * epsilon with m 1 achieves loss difference 0.062474839167832384
2023-07-12 20:41:43,500 INFO feature_importance_helper greedy_search Feature 3 at boundary 0.2 * epsilon with m 1 achieves loss difference 0.062474839167832384
2023-07-12 20:41:43,501 INFO feature_importance_helper greedy_search Feature 3 at boundary 0.2 * epsilon with m 1 achieves loss difference 0.062474839167832384
2023-07-12 20:41:43,502 INFO feature_importance_helper greedy_search Feature 3 at boundary 0.2 * epsilon with m 1 achieves loss difference 0.062474839167832384
2023-07-12 20:41:43,503 INFO feature_importance_helper greedy_search Feature 3 at boundary 0.2 * epsilon with m 1 achieves loss difference 0.062474839167832384
2023-07-12 20:41:43,504 INFO feature_importance_helper greedy_search Feature 3 at boundary 0.30000000000000004 * epsilon with m 1 achieves loss difference 0.062474839167832384
2023-07-12 20:41:43,504 INFO feature_importance_helper greedy_search Feature 3 at boundary 0.30000000000000004 * epsilon with m 1 achieves loss difference 0.062474839167832384
2023-07-12 20:41:43,505 INFO feature_importance_helper greedy_search Feature 3 at boundary 0.30000000000000004 * epsilon with m 1 achieves loss difference 0.062474839167832384
2023-07-12 20:41:43,506 INFO feature_importance_helper greedy_search Feature 3 at boundary 0.30000000000000004 * epsilon with m 1 achieves loss difference 0.062474839167832384
2023-07-12 20:41:43,507 INFO feature_importance_helper greedy_search Feature 3 at boundary 0.4 * epsilon with m 1 achieves loss difference 0.062474839167832384
2023-07-12 20:41:43,508 INFO feature_importance_helper greedy_search Feature 3 at boundary 0.4 * epsilon with m 1 achieves loss difference 0.062474839167832384
2023-07-12 20:41:43,509 INFO feature_importance_helper greedy_search Feature 3 at boundary 0.4 * epsilon with m 1 achieves loss difference 0.062474839167832384
2023-07-12 20:41:43,510 INFO feature_importance_helper greedy_search Feature 3 at boundary 0.4 * epsilon with m 1 achieves loss difference 0.062474839167832384
2023-07-12 20:41:43,511 INFO feature_importance_helper greedy_search Feature 3 at boundary 0.5 * epsilon with m 1 achieves loss difference 0.062474839167832384
2023-07-12 20:41:43,512 INFO feature_importance_helper greedy_search Feature 3 at boundary 0.5 * epsilon with m 1 achieves loss difference 0.062474839167832384
2023-07-12 20:41:43,513 INFO feature_importance_helper greedy_search Feature 3 at boundary 0.5 * epsilon with m 1 achieves loss difference 0.062474839167832384
2023-07-12 20:41:43,514 INFO feature_importance_helper greedy_search Feature 3 at boundary 0.5 * epsilon with m 1 achieves loss difference 0.062474839167832384
2023-07-12 20:41:43,515 INFO feature_importance_helper greedy_search Feature 3 at boundary 0.6000000000000001 * epsilon with m 1 achieves loss difference 0.062474839167832384
2023-07-12 20:41:43,516 INFO feature_importance_helper greedy_search Feature 3 at boundary 0.6000000000000001 * epsilon with m 1 achieves loss difference 0.062474839167832384
2023-07-12 20:41:43,517 INFO feature_importance_helper greedy_search Feature 3 at boundary 0.6000000000000001 * epsilon with m 1 achieves loss difference 0.062474839167832384
2023-07-12 20:41:43,518 INFO feature_importance_helper greedy_search Feature 3 at boundary 0.6000000000000001 * epsilon with m 1 achieves loss difference 0.062474839167832384
2023-07-12 20:41:43,519 INFO feature_importance_helper greedy_search Feature 3 at boundary 0.7000000000000001 * epsilon with m 1 achieves loss difference 0.062474839167832384
2023-07-12 20:41:43,520 INFO feature_importance_helper greedy_search Feature 3 at boundary 0.7000000000000001 * epsilon with m 1 achieves loss difference 0.062474839167832384
2023-07-12 20:41:43,521 INFO feature_importance_helper greedy_search Feature 3 at boundary 0.7000000000000001 * epsilon with m 1 achieves loss difference 0.062474839167832384
2023-07-12 20:41:43,522 INFO feature_importance_helper greedy_search Feature 3 at boundary 0.7000000000000001 * epsilon with m 1 achieves loss difference 0.062474839167832384
2023-07-12 20:41:43,523 INFO feature_importance_helper greedy_search Feature 3 at boundary 0.8 * epsilon with m 1 achieves loss difference 0.062474839167832384
2023-07-12 20:41:43,524 INFO feature_importance_helper greedy_search Feature 3 at boundary 0.8 * epsilon with m 1 achieves loss difference 0.062474839167832384
2023-07-12 20:41:43,525 INFO feature_importance_helper greedy_search Feature 3 at boundary 0.8 * epsilon with m 1 achieves loss difference 0.062474839167832384
2023-07-12 20:41:43,526 INFO feature_importance_helper greedy_search Feature 3 at boundary 0.8 * epsilon with m 1 achieves loss difference 0.062474839167832384
2023-07-12 20:41:43,527 INFO feature_importance_helper greedy_search Feature 3 at boundary 0.9 * epsilon with m 1 achieves loss difference 0.062474839167832384
2023-07-12 20:41:43,528 INFO feature_importance_helper greedy_search Feature 3 at boundary 0.9 * epsilon with m 1 achieves loss difference 0.062474839167832384
2023-07-12 20:41:43,529 INFO feature_importance_helper greedy_search Feature 3 at boundary 0.9 * epsilon with m 1 achieves loss difference 0.062474839167832384
2023-07-12 20:41:43,529 INFO feature_importance_helper greedy_search Feature 3 at boundary 0.9 * epsilon with m 1 achieves loss difference 0.062474839167832384
2023-07-12 20:41:43,530 INFO feature_importance_helper greedy_search Feature 3 at boundary 1.0 * epsilon with m 1 achieves loss difference 0.062474839167832384
2023-07-12 20:41:43,531 INFO feature_importance_helper greedy_search Feature 3 at boundary 1.0 * epsilon with m 1 achieves loss difference 0.062474839167832384
2023-07-12 20:41:43,532 INFO feature_importance_helper greedy_search Feature 3 at boundary 1.0 * epsilon with m 1 achieves loss difference 0.062474839167832384
2023-07-12 20:41:43,533 INFO feature_importance_helper greedy_search Feature 3 at boundary 1.0 * epsilon with m 1 achieves loss difference 0.062474839167832384
2023-07-12 20:41:43,535 INFO FIS_explainer _explore_m_in_R Searching done and saved to E:\projects\Batteries\MXen-in-Rashomon-set\experiments/../results/FIS-main-effect-raw-20230712-204130.json
2023-07-12 20:41:43,536 INFO FIS_explainer rset_explain Calculating all main effects of features [0 1 2 3] for all models in the Rashomon set
2023-07-12 20:41:48,403 INFO FIS_explainer rset_explain Calculation done
2023-07-12 20:41:48,411 INFO FIS_explainer rset_explain Calculating all joint effects of feature in pairs 6
2023-07-12 20:42:00,143 INFO FIS_explainer rset_explain Calculation done
2023-07-12 20:42:00,144 INFO FIS_explainer rset_explain Calculating FISC in the Rashomon set for all models in the Rashomon set
2023-07-12 20:42:00,149 INFO feature_interaction_score_utilities get_fis_in_r Calculating :pair 0 with index 0 and 1
2023-07-12 20:42:00,150 INFO feature_interaction_score_utilities get_fis_in_r Calculating :pair 1 with index 0 and 2
2023-07-12 20:42:00,151 INFO feature_interaction_score_utilities get_fis_in_r Calculating :pair 2 with index 0 and 3
2023-07-12 20:42:00,152 INFO feature_interaction_score_utilities get_fis_in_r Calculating :pair 3 with index 1 and 2
2023-07-12 20:42:00,152 INFO feature_interaction_score_utilities get_fis_in_r Calculating :pair 4 with index 1 and 3
2023-07-12 20:42:00,153 INFO feature_interaction_score_utilities get_fis_in_r Calculating :pair 5 with index 2 and 3
2023-07-12 20:42:00,154 INFO feature_interaction_score_utilities get_fis_in_r Calculating :pair 0 with index 0 and 1
2023-07-12 20:42:00,154 INFO feature_interaction_score_utilities get_fis_in_r Calculating :pair 1 with index 0 and 2
2023-07-12 20:42:00,155 INFO feature_interaction_score_utilities get_fis_in_r Calculating :pair 2 with index 0 and 3
2023-07-12 20:42:00,155 INFO feature_interaction_score_utilities get_fis_in_r Calculating :pair 3 with index 1 and 2
2023-07-12 20:42:00,156 INFO feature_interaction_score_utilities get_fis_in_r Calculating :pair 4 with index 1 and 3
2023-07-12 20:42:00,157 INFO feature_interaction_score_utilities get_fis_in_r Calculating :pair 5 with index 2 and 3
2023-07-12 20:42:00,157 INFO feature_interaction_score_utilities get_fis_in_r Calculating :pair 0 with index 0 and 1
2023-07-12 20:42:00,159 INFO feature_interaction_score_utilities get_fis_in_r Calculating :pair 1 with index 0 and 2
2023-07-12 20:42:00,160 INFO feature_interaction_score_utilities get_fis_in_r Calculating :pair 2 with index 0 and 3
2023-07-12 20:42:00,160 INFO feature_interaction_score_utilities get_fis_in_r Calculating :pair 3 with index 1 and 2
2023-07-12 20:42:00,161 INFO feature_interaction_score_utilities get_fis_in_r Calculating :pair 4 with index 1 and 3
2023-07-12 20:42:00,162 INFO feature_interaction_score_utilities get_fis_in_r Calculating :pair 5 with index 2 and 3
2023-07-12 20:42:00,163 INFO feature_interaction_score_utilities get_fis_in_r Calculating :pair 0 with index 0 and 1
2023-07-12 20:42:00,164 INFO feature_interaction_score_utilities get_fis_in_r Calculating :pair 1 with index 0 and 2
2023-07-12 20:42:00,164 INFO feature_interaction_score_utilities get_fis_in_r Calculating :pair 2 with index 0 and 3
2023-07-12 20:42:00,165 INFO feature_interaction_score_utilities get_fis_in_r Calculating :pair 3 with index 1 and 2
2023-07-12 20:42:00,166 INFO feature_interaction_score_utilities get_fis_in_r Calculating :pair 4 with index 1 and 3
2023-07-12 20:42:00,167 INFO feature_interaction_score_utilities get_fis_in_r Calculating :pair 5 with index 2 and 3
2023-07-12 20:42:00,167 INFO feature_interaction_score_utilities get_fis_in_r Calculating :pair 0 with index 0 and 1
2023-07-12 20:42:00,168 INFO feature_interaction_score_utilities get_fis_in_r Calculating :pair 1 with index 0 and 2
2023-07-12 20:42:00,169 INFO feature_interaction_score_utilities get_fis_in_r Calculating :pair 2 with index 0 and 3
2023-07-12 20:42:00,169 INFO feature_interaction_score_utilities get_fis_in_r Calculating :pair 3 with index 1 and 2
2023-07-12 20:42:00,170 INFO feature_interaction_score_utilities get_fis_in_r Calculating :pair 4 with index 1 and 3
2023-07-12 20:42:00,170 INFO feature_interaction_score_utilities get_fis_in_r Calculating :pair 5 with index 2 and 3
2023-07-12 20:42:00,180 INFO FIS_explainer rset_explain Calculation done
2023-07-12 20:42:00,190 INFO FIS_explainer rset_explain Explanation is saved to E:\projects\Batteries\MXen-in-Rashomon-set\experiments/../results/FIS-in-Rashomon-set-20230712-204130.json
