2023-07-13 23:21:41,887 INFO FIS_explainer __init__ You can call function explainer.load_results(results_path="") to load trained results if exist
2023-07-13 23:21:42,625 INFO FIS_explainer ref_explain Reference model analysis
2023-07-13 23:21:42,626 INFO FIS_explainer ref_explain Calculating main effect, joint effect and FIS for the reference model
2023-07-13 23:21:42,672 INFO FIS_explainer _get_ref_fis main effects calculated and can be called by explainer.ref_analysis[ref_main_effects]
2023-07-13 23:21:42,673 INFO FIS_explainer _get_ref_fis features with importance 0 are excluded, including []
2023-07-13 23:21:42,741 INFO FIS_explainer _get_ref_fis joint effects calculated and can be called by explainer.ref_joint_effects
2023-07-13 23:21:42,745 INFO FIS_explainer ref_explain FIS calculated and can be called by explainer.ref_analysis
2023-07-13 23:21:42,746 INFO FIS_explainer ref_explain Calculation done
2023-07-13 23:21:43,454 INFO FIS_explainer rset_explain Start exploring the possible models
2023-07-13 23:21:43,455 INFO FIS_explainer _explore_m_in_R Searching models in the Rashomon set ...
2023-07-13 23:21:43,456 INFO feature_importance_helper greedy_search Feature 0 at boundary 0.0 * epsilon with m 1 achieves loss difference 0.0
2023-07-13 23:21:43,457 INFO feature_importance_helper greedy_search Feature 0 at boundary 0.0 * epsilon with m 1 achieves loss difference 0.0
2023-07-13 23:21:43,458 INFO feature_importance_helper greedy_search Feature 0 at boundary 0.0 * epsilon with m 1 achieves loss difference 0.0
2023-07-13 23:21:43,459 INFO feature_importance_helper greedy_search Feature 0 at boundary 0.0 * epsilon with m 1 achieves loss difference 0.0
2023-07-13 23:21:43,471 INFO feature_importance_helper greedy_search Feature 0 at boundary 0.1 * epsilon with m 1.1 achieves loss difference 0.0
2023-07-13 23:21:43,472 INFO feature_importance_helper greedy_search Feature 0 at boundary 0.1 * epsilon with m 1.1 achieves loss difference 0.012873870774620032
2023-07-13 23:21:43,486 INFO feature_importance_helper greedy_search Feature 0 at boundary 0.1 * epsilon with m 1.11 achieves loss difference 0.0
2023-07-13 23:21:43,500 INFO feature_importance_helper greedy_search Feature 0 at boundary 0.1 * epsilon with m 1.12 achieves loss difference 0.0
2023-07-13 23:21:43,501 INFO feature_importance_helper greedy_search Feature 0 at boundary 0.1 * epsilon with m 1.12 achieves loss difference 0.0013630288325014615
2023-07-13 23:21:43,513 INFO feature_importance_helper greedy_search Feature 0 at boundary 0.1 * epsilon with m 1.121 achieves loss difference 0.0
2023-07-13 23:21:43,528 INFO feature_importance_helper greedy_search Feature 0 at boundary 0.1 * epsilon with m 1.1219999999999999 achieves loss difference 0.0
2023-07-13 23:21:43,540 INFO feature_importance_helper greedy_search Feature 0 at boundary 0.1 * epsilon with m 1.1229999999999998 achieves loss difference 0.0
2023-07-13 23:21:43,552 INFO feature_importance_helper greedy_search Feature 0 at boundary 0.1 * epsilon with m 1.1239999999999997 achieves loss difference 0.0
2023-07-13 23:21:43,566 INFO feature_importance_helper greedy_search Feature 0 at boundary 0.1 * epsilon with m 1.1249999999999996 achieves loss difference 0.0
2023-07-13 23:21:43,567 INFO feature_importance_helper greedy_search Feature 0 at boundary 0.1 * epsilon with m 1.1249999999999996 achieves loss difference 0.0013630288325014615
2023-07-13 23:21:43,568 INFO feature_importance_helper greedy_search Feature 0 at boundary 0.1 * epsilon with m 1.1249999999999996 achieves loss difference 0.0013630288325014615
2023-07-13 23:21:43,569 INFO feature_importance_helper greedy_search Feature 0 at boundary 0.2 * epsilon with m 1.1249999999999996 achieves loss difference 0.012873870774620032
2023-07-13 23:21:43,570 INFO feature_importance_helper greedy_search Feature 0 at boundary 0.2 * epsilon with m 1.1249999999999996 achieves loss difference 0.0013630288325014615
2023-07-13 23:21:43,571 INFO feature_importance_helper greedy_search Feature 0 at boundary 0.2 * epsilon with m 1.1249999999999996 achieves loss difference 0.0013630288325014615
2023-07-13 23:21:43,572 INFO feature_importance_helper greedy_search Feature 0 at boundary 0.2 * epsilon with m 1.1249999999999996 achieves loss difference 0.0013630288325014615
2023-07-13 23:21:43,574 INFO feature_importance_helper greedy_search Feature 0 at boundary 0.30000000000000004 * epsilon with m 1.1249999999999996 achieves loss difference 0.012873870774620032
2023-07-13 23:21:43,575 INFO feature_importance_helper greedy_search Feature 0 at boundary 0.30000000000000004 * epsilon with m 1.1249999999999996 achieves loss difference 0.0013630288325014615
2023-07-13 23:21:43,576 INFO feature_importance_helper greedy_search Feature 0 at boundary 0.30000000000000004 * epsilon with m 1.1249999999999996 achieves loss difference 0.0013630288325014615
2023-07-13 23:21:43,577 INFO feature_importance_helper greedy_search Feature 0 at boundary 0.30000000000000004 * epsilon with m 1.1249999999999996 achieves loss difference 0.0013630288325014615
2023-07-13 23:21:43,578 INFO feature_importance_helper greedy_search Feature 0 at boundary 0.4 * epsilon with m 1.1249999999999996 achieves loss difference 0.012873870774620032
2023-07-13 23:21:43,579 INFO feature_importance_helper greedy_search Feature 0 at boundary 0.4 * epsilon with m 1.1249999999999996 achieves loss difference 0.0013630288325014615
2023-07-13 23:21:43,580 INFO feature_importance_helper greedy_search Feature 0 at boundary 0.4 * epsilon with m 1.1249999999999996 achieves loss difference 0.0013630288325014615
2023-07-13 23:21:43,581 INFO feature_importance_helper greedy_search Feature 0 at boundary 0.4 * epsilon with m 1.1249999999999996 achieves loss difference 0.0013630288325014615
2023-07-13 23:21:43,582 INFO feature_importance_helper greedy_search Feature 0 at boundary 0.5 * epsilon with m 1.1249999999999996 achieves loss difference 0.012873870774620032
2023-07-13 23:21:43,583 INFO feature_importance_helper greedy_search Feature 0 at boundary 0.5 * epsilon with m 1.1249999999999996 achieves loss difference 0.0013630288325014615
2023-07-13 23:21:43,584 INFO feature_importance_helper greedy_search Feature 0 at boundary 0.5 * epsilon with m 1.1249999999999996 achieves loss difference 0.0013630288325014615
2023-07-13 23:21:43,585 INFO feature_importance_helper greedy_search Feature 0 at boundary 0.5 * epsilon with m 1.1249999999999996 achieves loss difference 0.0013630288325014615
2023-07-13 23:21:43,586 INFO feature_importance_helper greedy_search Feature 0 at boundary 0.6000000000000001 * epsilon with m 1.1249999999999996 achieves loss difference 0.012873870774620032
2023-07-13 23:21:43,587 INFO feature_importance_helper greedy_search Feature 0 at boundary 0.6000000000000001 * epsilon with m 1.1249999999999996 achieves loss difference 0.0013630288325014615
2023-07-13 23:21:43,588 INFO feature_importance_helper greedy_search Feature 0 at boundary 0.6000000000000001 * epsilon with m 1.1249999999999996 achieves loss difference 0.0013630288325014615
2023-07-13 23:21:43,590 INFO feature_importance_helper greedy_search Feature 0 at boundary 0.6000000000000001 * epsilon with m 1.1249999999999996 achieves loss difference 0.0013630288325014615
2023-07-13 23:21:43,591 INFO feature_importance_helper greedy_search Feature 0 at boundary 0.7000000000000001 * epsilon with m 1.1249999999999996 achieves loss difference 0.012873870774620032
2023-07-13 23:21:43,592 INFO feature_importance_helper greedy_search Feature 0 at boundary 0.7000000000000001 * epsilon with m 1.1249999999999996 achieves loss difference 0.0013630288325014615
2023-07-13 23:21:43,593 INFO feature_importance_helper greedy_search Feature 0 at boundary 0.7000000000000001 * epsilon with m 1.1249999999999996 achieves loss difference 0.0013630288325014615
2023-07-13 23:21:43,594 INFO feature_importance_helper greedy_search Feature 0 at boundary 0.7000000000000001 * epsilon with m 1.1249999999999996 achieves loss difference 0.0013630288325014615
2023-07-13 23:21:43,595 INFO feature_importance_helper greedy_search Feature 0 at boundary 0.8 * epsilon with m 1.1249999999999996 achieves loss difference 0.012873870774620032
2023-07-13 23:21:43,596 INFO feature_importance_helper greedy_search Feature 0 at boundary 0.8 * epsilon with m 1.1249999999999996 achieves loss difference 0.0013630288325014615
2023-07-13 23:21:43,597 INFO feature_importance_helper greedy_search Feature 0 at boundary 0.8 * epsilon with m 1.1249999999999996 achieves loss difference 0.0013630288325014615
2023-07-13 23:21:43,598 INFO feature_importance_helper greedy_search Feature 0 at boundary 0.8 * epsilon with m 1.1249999999999996 achieves loss difference 0.0013630288325014615
2023-07-13 23:21:43,599 INFO feature_importance_helper greedy_search Feature 0 at boundary 0.9 * epsilon with m 1.1249999999999996 achieves loss difference 0.012873870774620032
2023-07-13 23:21:43,600 INFO feature_importance_helper greedy_search Feature 0 at boundary 0.9 * epsilon with m 1.1249999999999996 achieves loss difference 0.0013630288325014615
2023-07-13 23:21:43,602 INFO feature_importance_helper greedy_search Feature 0 at boundary 0.9 * epsilon with m 1.1249999999999996 achieves loss difference 0.0013630288325014615
2023-07-13 23:21:43,603 INFO feature_importance_helper greedy_search Feature 0 at boundary 0.9 * epsilon with m 1.1249999999999996 achieves loss difference 0.0013630288325014615
2023-07-13 23:21:43,604 INFO feature_importance_helper greedy_search Feature 0 at boundary 1.0 * epsilon with m 1.1249999999999996 achieves loss difference 0.012873870774620032
2023-07-13 23:21:43,605 INFO feature_importance_helper greedy_search Feature 0 at boundary 1.0 * epsilon with m 1.1249999999999996 achieves loss difference 0.0013630288325014615
2023-07-13 23:21:43,606 INFO feature_importance_helper greedy_search Feature 0 at boundary 1.0 * epsilon with m 1.1249999999999996 achieves loss difference 0.0013630288325014615
2023-07-13 23:21:43,607 INFO feature_importance_helper greedy_search Feature 0 at boundary 1.0 * epsilon with m 1.1249999999999996 achieves loss difference 0.0013630288325014615
2023-07-13 23:21:43,608 INFO feature_importance_helper greedy_search Feature 0 at boundary 0.0 * epsilon with m 1 achieves loss difference 0.026960015772600716
2023-07-13 23:21:43,609 INFO feature_importance_helper greedy_search Feature 0 at boundary 0.0 * epsilon with m 1 achieves loss difference 0.026960015772600716
2023-07-13 23:21:43,610 INFO feature_importance_helper greedy_search Feature 0 at boundary 0.0 * epsilon with m 1 achieves loss difference 0.026960015772600716
2023-07-13 23:21:43,611 INFO feature_importance_helper greedy_search Feature 0 at boundary 0.0 * epsilon with m 1 achieves loss difference 0.026960015772600716
2023-07-13 23:21:43,612 INFO feature_importance_helper greedy_search Feature 0 at boundary 0.1 * epsilon with m 1 achieves loss difference 0.026960015772600716
2023-07-13 23:21:43,613 INFO feature_importance_helper greedy_search Feature 0 at boundary 0.1 * epsilon with m 1 achieves loss difference 0.026960015772600716
2023-07-13 23:21:43,614 INFO feature_importance_helper greedy_search Feature 0 at boundary 0.1 * epsilon with m 1 achieves loss difference 0.026960015772600716
2023-07-13 23:21:43,615 INFO feature_importance_helper greedy_search Feature 0 at boundary 0.1 * epsilon with m 1 achieves loss difference 0.026960015772600716
2023-07-13 23:21:43,616 INFO feature_importance_helper greedy_search Feature 0 at boundary 0.2 * epsilon with m 1 achieves loss difference 0.026960015772600716
2023-07-13 23:21:43,617 INFO feature_importance_helper greedy_search Feature 0 at boundary 0.2 * epsilon with m 1 achieves loss difference 0.026960015772600716
2023-07-13 23:21:43,618 INFO feature_importance_helper greedy_search Feature 0 at boundary 0.2 * epsilon with m 1 achieves loss difference 0.026960015772600716
2023-07-13 23:21:43,619 INFO feature_importance_helper greedy_search Feature 0 at boundary 0.2 * epsilon with m 1 achieves loss difference 0.026960015772600716
2023-07-13 23:21:43,620 INFO feature_importance_helper greedy_search Feature 0 at boundary 0.30000000000000004 * epsilon with m 1 achieves loss difference 0.026960015772600716
2023-07-13 23:21:43,621 INFO feature_importance_helper greedy_search Feature 0 at boundary 0.30000000000000004 * epsilon with m 1 achieves loss difference 0.026960015772600716
2023-07-13 23:21:43,621 INFO feature_importance_helper greedy_search Feature 0 at boundary 0.30000000000000004 * epsilon with m 1 achieves loss difference 0.026960015772600716
2023-07-13 23:21:43,622 INFO feature_importance_helper greedy_search Feature 0 at boundary 0.30000000000000004 * epsilon with m 1 achieves loss difference 0.026960015772600716
2023-07-13 23:21:43,624 INFO feature_importance_helper greedy_search Feature 0 at boundary 0.4 * epsilon with m 1 achieves loss difference 0.026960015772600716
2023-07-13 23:21:43,625 INFO feature_importance_helper greedy_search Feature 0 at boundary 0.4 * epsilon with m 1 achieves loss difference 0.026960015772600716
2023-07-13 23:21:43,626 INFO feature_importance_helper greedy_search Feature 0 at boundary 0.4 * epsilon with m 1 achieves loss difference 0.026960015772600716
2023-07-13 23:21:43,627 INFO feature_importance_helper greedy_search Feature 0 at boundary 0.4 * epsilon with m 1 achieves loss difference 0.026960015772600716
2023-07-13 23:21:43,628 INFO feature_importance_helper greedy_search Feature 0 at boundary 0.5 * epsilon with m 1 achieves loss difference 0.026960015772600716
2023-07-13 23:21:43,629 INFO feature_importance_helper greedy_search Feature 0 at boundary 0.5 * epsilon with m 1 achieves loss difference 0.026960015772600716
2023-07-13 23:21:43,630 INFO feature_importance_helper greedy_search Feature 0 at boundary 0.5 * epsilon with m 1 achieves loss difference 0.026960015772600716
2023-07-13 23:21:43,631 INFO feature_importance_helper greedy_search Feature 0 at boundary 0.5 * epsilon with m 1 achieves loss difference 0.026960015772600716
2023-07-13 23:21:43,632 INFO feature_importance_helper greedy_search Feature 0 at boundary 0.6000000000000001 * epsilon with m 1 achieves loss difference 0.026960015772600716
2023-07-13 23:21:43,633 INFO feature_importance_helper greedy_search Feature 0 at boundary 0.6000000000000001 * epsilon with m 1 achieves loss difference 0.026960015772600716
2023-07-13 23:21:43,634 INFO feature_importance_helper greedy_search Feature 0 at boundary 0.6000000000000001 * epsilon with m 1 achieves loss difference 0.026960015772600716
2023-07-13 23:21:43,635 INFO feature_importance_helper greedy_search Feature 0 at boundary 0.6000000000000001 * epsilon with m 1 achieves loss difference 0.026960015772600716
2023-07-13 23:21:43,636 INFO feature_importance_helper greedy_search Feature 0 at boundary 0.7000000000000001 * epsilon with m 1 achieves loss difference 0.026960015772600716
2023-07-13 23:21:43,637 INFO feature_importance_helper greedy_search Feature 0 at boundary 0.7000000000000001 * epsilon with m 1 achieves loss difference 0.026960015772600716
2023-07-13 23:21:43,638 INFO feature_importance_helper greedy_search Feature 0 at boundary 0.7000000000000001 * epsilon with m 1 achieves loss difference 0.026960015772600716
2023-07-13 23:21:43,639 INFO feature_importance_helper greedy_search Feature 0 at boundary 0.7000000000000001 * epsilon with m 1 achieves loss difference 0.026960015772600716
2023-07-13 23:21:43,640 INFO feature_importance_helper greedy_search Feature 0 at boundary 0.8 * epsilon with m 1 achieves loss difference 0.026960015772600716
2023-07-13 23:21:43,641 INFO feature_importance_helper greedy_search Feature 0 at boundary 0.8 * epsilon with m 1 achieves loss difference 0.026960015772600716
2023-07-13 23:21:43,642 INFO feature_importance_helper greedy_search Feature 0 at boundary 0.8 * epsilon with m 1 achieves loss difference 0.026960015772600716
2023-07-13 23:21:43,644 INFO feature_importance_helper greedy_search Feature 0 at boundary 0.8 * epsilon with m 1 achieves loss difference 0.026960015772600716
2023-07-13 23:21:43,645 INFO feature_importance_helper greedy_search Feature 0 at boundary 0.9 * epsilon with m 1 achieves loss difference 0.026960015772600716
2023-07-13 23:21:43,646 INFO feature_importance_helper greedy_search Feature 0 at boundary 0.9 * epsilon with m 1 achieves loss difference 0.026960015772600716
2023-07-13 23:21:43,647 INFO feature_importance_helper greedy_search Feature 0 at boundary 0.9 * epsilon with m 1 achieves loss difference 0.026960015772600716
2023-07-13 23:21:43,648 INFO feature_importance_helper greedy_search Feature 0 at boundary 0.9 * epsilon with m 1 achieves loss difference 0.026960015772600716
2023-07-13 23:21:43,649 INFO feature_importance_helper greedy_search Feature 0 at boundary 1.0 * epsilon with m 1 achieves loss difference 0.026960015772600716
2023-07-13 23:21:43,650 INFO feature_importance_helper greedy_search Feature 0 at boundary 1.0 * epsilon with m 1 achieves loss difference 0.026960015772600716
2023-07-13 23:21:43,651 INFO feature_importance_helper greedy_search Feature 0 at boundary 1.0 * epsilon with m 1 achieves loss difference 0.026960015772600716
2023-07-13 23:21:43,652 INFO feature_importance_helper greedy_search Feature 0 at boundary 1.0 * epsilon with m 1 achieves loss difference 0.026960015772600716
2023-07-13 23:21:43,653 INFO feature_importance_helper greedy_search Feature 1 at boundary 0.0 * epsilon with m 1 achieves loss difference 0.0
2023-07-13 23:21:43,654 INFO feature_importance_helper greedy_search Feature 1 at boundary 0.0 * epsilon with m 1 achieves loss difference 0.0
2023-07-13 23:21:43,655 INFO feature_importance_helper greedy_search Feature 1 at boundary 0.0 * epsilon with m 1 achieves loss difference 0.0
2023-07-13 23:21:43,656 INFO feature_importance_helper greedy_search Feature 1 at boundary 0.0 * epsilon with m 1 achieves loss difference 0.0
2023-07-13 23:21:43,669 INFO feature_importance_helper greedy_search Feature 1 at boundary 0.1 * epsilon with m 1.1 achieves loss difference 0.0
2023-07-13 23:21:43,682 INFO feature_importance_helper greedy_search Feature 1 at boundary 0.1 * epsilon with m 1.2000000000000002 achieves loss difference 0.0
2023-07-13 23:21:43,694 INFO feature_importance_helper greedy_search Feature 1 at boundary 0.1 * epsilon with m 1.3000000000000003 achieves loss difference 0.0
2023-07-13 23:21:43,705 INFO feature_importance_helper greedy_search Feature 1 at boundary 0.1 * epsilon with m 1.4000000000000004 achieves loss difference 0.0
2023-07-13 23:21:43,721 INFO feature_importance_helper greedy_search Feature 1 at boundary 0.1 * epsilon with m 1.5000000000000004 achieves loss difference 0.0
2023-07-13 23:21:43,733 INFO feature_importance_helper greedy_search Feature 1 at boundary 0.1 * epsilon with m 1.6000000000000005 achieves loss difference 0.0
2023-07-13 23:21:43,747 INFO feature_importance_helper greedy_search Feature 1 at boundary 0.1 * epsilon with m 1.7000000000000006 achieves loss difference 0.0
2023-07-13 23:21:43,760 INFO feature_importance_helper greedy_search Feature 1 at boundary 0.1 * epsilon with m 1.8000000000000007 achieves loss difference 0.0
2023-07-13 23:21:43,773 INFO feature_importance_helper greedy_search Feature 1 at boundary 0.1 * epsilon with m 1.9000000000000008 achieves loss difference 0.0
2023-07-13 23:21:43,774 INFO feature_importance_helper greedy_search Feature 1 at boundary 0.1 * epsilon with m 1.9000000000000008 achieves loss difference 0.007612117893129152
2023-07-13 23:21:43,785 INFO feature_importance_helper greedy_search Feature 1 at boundary 0.1 * epsilon with m 1.9100000000000008 achieves loss difference 0.0
2023-07-13 23:21:43,798 INFO feature_importance_helper greedy_search Feature 1 at boundary 0.1 * epsilon with m 1.9200000000000008 achieves loss difference 0.0
2023-07-13 23:21:43,810 INFO feature_importance_helper greedy_search Feature 1 at boundary 0.1 * epsilon with m 1.9300000000000008 achieves loss difference 0.0
2023-07-13 23:21:43,824 INFO feature_importance_helper greedy_search Feature 1 at boundary 0.1 * epsilon with m 1.9400000000000008 achieves loss difference 0.0
2023-07-13 23:21:43,838 INFO feature_importance_helper greedy_search Feature 1 at boundary 0.1 * epsilon with m 1.9500000000000008 achieves loss difference 0.0
2023-07-13 23:21:43,849 INFO feature_importance_helper greedy_search Feature 1 at boundary 0.1 * epsilon with m 1.9600000000000009 achieves loss difference 0.0
2023-07-13 23:21:43,862 INFO feature_importance_helper greedy_search Feature 1 at boundary 0.1 * epsilon with m 1.9700000000000009 achieves loss difference 0.0
2023-07-13 23:21:43,874 INFO feature_importance_helper greedy_search Feature 1 at boundary 0.1 * epsilon with m 1.9800000000000009 achieves loss difference 0.0
2023-07-13 23:21:43,887 INFO feature_importance_helper greedy_search Feature 1 at boundary 0.1 * epsilon with m 1.9900000000000009 achieves loss difference 0.0
2023-07-13 23:21:43,888 INFO feature_importance_helper greedy_search Feature 1 at boundary 0.1 * epsilon with m 1.9900000000000009 achieves loss difference 0.007612117893129152
2023-07-13 23:21:43,899 INFO feature_importance_helper greedy_search Feature 1 at boundary 0.1 * epsilon with m 1.9910000000000008 achieves loss difference 0.0
2023-07-13 23:21:43,911 INFO feature_importance_helper greedy_search Feature 1 at boundary 0.1 * epsilon with m 1.9920000000000007 achieves loss difference 0.0
2023-07-13 23:21:43,922 INFO feature_importance_helper greedy_search Feature 1 at boundary 0.1 * epsilon with m 1.9930000000000005 achieves loss difference 0.0
2023-07-13 23:21:43,935 INFO feature_importance_helper greedy_search Feature 1 at boundary 0.1 * epsilon with m 1.9940000000000004 achieves loss difference 0.0
2023-07-13 23:21:43,949 INFO feature_importance_helper greedy_search Feature 1 at boundary 0.1 * epsilon with m 1.9950000000000003 achieves loss difference 0.0
2023-07-13 23:21:43,962 INFO feature_importance_helper greedy_search Feature 1 at boundary 0.1 * epsilon with m 1.9960000000000002 achieves loss difference 0.0
2023-07-13 23:21:43,976 INFO feature_importance_helper greedy_search Feature 1 at boundary 0.1 * epsilon with m 1.997 achieves loss difference 0.0
2023-07-13 23:21:43,990 INFO feature_importance_helper greedy_search Feature 1 at boundary 0.1 * epsilon with m 1.998 achieves loss difference 0.0
2023-07-13 23:21:44,005 INFO feature_importance_helper greedy_search Feature 1 at boundary 0.1 * epsilon with m 1.9989999999999999 achieves loss difference 0.0
2023-07-13 23:21:44,020 INFO feature_importance_helper greedy_search Feature 1 at boundary 0.1 * epsilon with m 1.9999999999999998 achieves loss difference 0.0
2023-07-13 23:21:44,022 INFO feature_importance_helper greedy_search Feature 1 at boundary 0.1 * epsilon with m 1.9999999999999998 achieves loss difference 0.007612117893129152
2023-07-13 23:21:44,023 INFO feature_importance_helper greedy_search Feature 1 at boundary 0.1 * epsilon with m 1.9999999999999998 achieves loss difference 0.007612117893129152
2023-07-13 23:21:44,024 INFO feature_importance_helper greedy_search Feature 1 at boundary 0.2 * epsilon with m 1.9999999999999998 achieves loss difference 0.007612117893129152
2023-07-13 23:21:44,026 INFO feature_importance_helper greedy_search Feature 1 at boundary 0.2 * epsilon with m 1.9999999999999998 achieves loss difference 0.007612117893129152
2023-07-13 23:21:44,027 INFO feature_importance_helper greedy_search Feature 1 at boundary 0.2 * epsilon with m 1.9999999999999998 achieves loss difference 0.007612117893129152
2023-07-13 23:21:44,028 INFO feature_importance_helper greedy_search Feature 1 at boundary 0.2 * epsilon with m 1.9999999999999998 achieves loss difference 0.007612117893129152
2023-07-13 23:21:44,028 INFO feature_importance_helper greedy_search Feature 1 at boundary 0.30000000000000004 * epsilon with m 1.9999999999999998 achieves loss difference 0.007612117893129152
2023-07-13 23:21:44,029 INFO feature_importance_helper greedy_search Feature 1 at boundary 0.30000000000000004 * epsilon with m 1.9999999999999998 achieves loss difference 0.007612117893129152
2023-07-13 23:21:44,030 INFO feature_importance_helper greedy_search Feature 1 at boundary 0.30000000000000004 * epsilon with m 1.9999999999999998 achieves loss difference 0.007612117893129152
2023-07-13 23:21:44,031 INFO feature_importance_helper greedy_search Feature 1 at boundary 0.30000000000000004 * epsilon with m 1.9999999999999998 achieves loss difference 0.007612117893129152
2023-07-13 23:21:44,033 INFO feature_importance_helper greedy_search Feature 1 at boundary 0.4 * epsilon with m 1.9999999999999998 achieves loss difference 0.007612117893129152
2023-07-13 23:21:44,034 INFO feature_importance_helper greedy_search Feature 1 at boundary 0.4 * epsilon with m 1.9999999999999998 achieves loss difference 0.007612117893129152
2023-07-13 23:21:44,035 INFO feature_importance_helper greedy_search Feature 1 at boundary 0.4 * epsilon with m 1.9999999999999998 achieves loss difference 0.007612117893129152
2023-07-13 23:21:44,036 INFO feature_importance_helper greedy_search Feature 1 at boundary 0.4 * epsilon with m 1.9999999999999998 achieves loss difference 0.007612117893129152
2023-07-13 23:21:44,037 INFO feature_importance_helper greedy_search Feature 1 at boundary 0.5 * epsilon with m 1.9999999999999998 achieves loss difference 0.007612117893129152
2023-07-13 23:21:44,038 INFO feature_importance_helper greedy_search Feature 1 at boundary 0.5 * epsilon with m 1.9999999999999998 achieves loss difference 0.007612117893129152
2023-07-13 23:21:44,040 INFO feature_importance_helper greedy_search Feature 1 at boundary 0.5 * epsilon with m 1.9999999999999998 achieves loss difference 0.007612117893129152
2023-07-13 23:21:44,041 INFO feature_importance_helper greedy_search Feature 1 at boundary 0.5 * epsilon with m 1.9999999999999998 achieves loss difference 0.007612117893129152
2023-07-13 23:21:44,042 INFO feature_importance_helper greedy_search Feature 1 at boundary 0.6000000000000001 * epsilon with m 1.9999999999999998 achieves loss difference 0.007612117893129152
2023-07-13 23:21:44,043 INFO feature_importance_helper greedy_search Feature 1 at boundary 0.6000000000000001 * epsilon with m 1.9999999999999998 achieves loss difference 0.007612117893129152
2023-07-13 23:21:44,045 INFO feature_importance_helper greedy_search Feature 1 at boundary 0.6000000000000001 * epsilon with m 1.9999999999999998 achieves loss difference 0.007612117893129152
2023-07-13 23:21:44,046 INFO feature_importance_helper greedy_search Feature 1 at boundary 0.6000000000000001 * epsilon with m 1.9999999999999998 achieves loss difference 0.007612117893129152
2023-07-13 23:21:44,047 INFO feature_importance_helper greedy_search Feature 1 at boundary 0.7000000000000001 * epsilon with m 1.9999999999999998 achieves loss difference 0.007612117893129152
2023-07-13 23:21:44,048 INFO feature_importance_helper greedy_search Feature 1 at boundary 0.7000000000000001 * epsilon with m 1.9999999999999998 achieves loss difference 0.007612117893129152
2023-07-13 23:21:44,050 INFO feature_importance_helper greedy_search Feature 1 at boundary 0.7000000000000001 * epsilon with m 1.9999999999999998 achieves loss difference 0.007612117893129152
2023-07-13 23:21:44,051 INFO feature_importance_helper greedy_search Feature 1 at boundary 0.7000000000000001 * epsilon with m 1.9999999999999998 achieves loss difference 0.007612117893129152
2023-07-13 23:21:44,052 INFO feature_importance_helper greedy_search Feature 1 at boundary 0.8 * epsilon with m 1.9999999999999998 achieves loss difference 0.007612117893129152
2023-07-13 23:21:44,053 INFO feature_importance_helper greedy_search Feature 1 at boundary 0.8 * epsilon with m 1.9999999999999998 achieves loss difference 0.007612117893129152
2023-07-13 23:21:44,054 INFO feature_importance_helper greedy_search Feature 1 at boundary 0.8 * epsilon with m 1.9999999999999998 achieves loss difference 0.007612117893129152
2023-07-13 23:21:44,055 INFO feature_importance_helper greedy_search Feature 1 at boundary 0.8 * epsilon with m 1.9999999999999998 achieves loss difference 0.007612117893129152
2023-07-13 23:21:44,056 INFO feature_importance_helper greedy_search Feature 1 at boundary 0.9 * epsilon with m 1.9999999999999998 achieves loss difference 0.007612117893129152
2023-07-13 23:21:44,057 INFO feature_importance_helper greedy_search Feature 1 at boundary 0.9 * epsilon with m 1.9999999999999998 achieves loss difference 0.007612117893129152
2023-07-13 23:21:44,058 INFO feature_importance_helper greedy_search Feature 1 at boundary 0.9 * epsilon with m 1.9999999999999998 achieves loss difference 0.007612117893129152
2023-07-13 23:21:44,059 INFO feature_importance_helper greedy_search Feature 1 at boundary 0.9 * epsilon with m 1.9999999999999998 achieves loss difference 0.007612117893129152
2023-07-13 23:21:44,060 INFO feature_importance_helper greedy_search Feature 1 at boundary 1.0 * epsilon with m 1.9999999999999998 achieves loss difference 0.007612117893129152
2023-07-13 23:21:44,061 INFO feature_importance_helper greedy_search Feature 1 at boundary 1.0 * epsilon with m 1.9999999999999998 achieves loss difference 0.007612117893129152
2023-07-13 23:21:44,062 INFO feature_importance_helper greedy_search Feature 1 at boundary 1.0 * epsilon with m 1.9999999999999998 achieves loss difference 0.007612117893129152
2023-07-13 23:21:44,063 INFO feature_importance_helper greedy_search Feature 1 at boundary 1.0 * epsilon with m 1.9999999999999998 achieves loss difference 0.007612117893129152
2023-07-13 23:21:44,064 INFO feature_importance_helper greedy_search Feature 1 at boundary 0.0 * epsilon with m 1 achieves loss difference 0.0036386806489174094
2023-07-13 23:21:44,065 INFO feature_importance_helper greedy_search Feature 1 at boundary 0.0 * epsilon with m 1 achieves loss difference 0.0036386806489174094
2023-07-13 23:21:44,066 INFO feature_importance_helper greedy_search Feature 1 at boundary 0.0 * epsilon with m 1 achieves loss difference 0.0036386806489174094
2023-07-13 23:21:44,067 INFO feature_importance_helper greedy_search Feature 1 at boundary 0.0 * epsilon with m 1 achieves loss difference 0.0036386806489174094
2023-07-13 23:21:44,069 INFO feature_importance_helper greedy_search Feature 1 at boundary 0.1 * epsilon with m 1 achieves loss difference 0.0036386806489174094
2023-07-13 23:21:44,070 INFO feature_importance_helper greedy_search Feature 1 at boundary 0.1 * epsilon with m 1 achieves loss difference 0.0036386806489174094
2023-07-13 23:21:44,071 INFO feature_importance_helper greedy_search Feature 1 at boundary 0.1 * epsilon with m 1 achieves loss difference 0.0036386806489174094
2023-07-13 23:21:44,072 INFO feature_importance_helper greedy_search Feature 1 at boundary 0.1 * epsilon with m 1 achieves loss difference 0.0036386806489174094
2023-07-13 23:21:44,073 INFO feature_importance_helper greedy_search Feature 1 at boundary 0.2 * epsilon with m 1 achieves loss difference 0.0036386806489174094
2023-07-13 23:21:44,074 INFO feature_importance_helper greedy_search Feature 1 at boundary 0.2 * epsilon with m 1 achieves loss difference 0.0036386806489174094
2023-07-13 23:21:44,075 INFO feature_importance_helper greedy_search Feature 1 at boundary 0.2 * epsilon with m 1 achieves loss difference 0.0036386806489174094
2023-07-13 23:21:44,076 INFO feature_importance_helper greedy_search Feature 1 at boundary 0.2 * epsilon with m 1 achieves loss difference 0.0036386806489174094
2023-07-13 23:21:44,077 INFO feature_importance_helper greedy_search Feature 1 at boundary 0.30000000000000004 * epsilon with m 1 achieves loss difference 0.0036386806489174094
2023-07-13 23:21:44,078 INFO feature_importance_helper greedy_search Feature 1 at boundary 0.30000000000000004 * epsilon with m 1 achieves loss difference 0.0036386806489174094
2023-07-13 23:21:44,079 INFO feature_importance_helper greedy_search Feature 1 at boundary 0.30000000000000004 * epsilon with m 1 achieves loss difference 0.0036386806489174094
2023-07-13 23:21:44,080 INFO feature_importance_helper greedy_search Feature 1 at boundary 0.30000000000000004 * epsilon with m 1 achieves loss difference 0.0036386806489174094
2023-07-13 23:21:44,081 INFO feature_importance_helper greedy_search Feature 1 at boundary 0.4 * epsilon with m 1 achieves loss difference 0.0036386806489174094
2023-07-13 23:21:44,082 INFO feature_importance_helper greedy_search Feature 1 at boundary 0.4 * epsilon with m 1 achieves loss difference 0.0036386806489174094
2023-07-13 23:21:44,083 INFO feature_importance_helper greedy_search Feature 1 at boundary 0.4 * epsilon with m 1 achieves loss difference 0.0036386806489174094
2023-07-13 23:21:44,084 INFO feature_importance_helper greedy_search Feature 1 at boundary 0.4 * epsilon with m 1 achieves loss difference 0.0036386806489174094
2023-07-13 23:21:44,086 INFO feature_importance_helper greedy_search Feature 1 at boundary 0.5 * epsilon with m 1 achieves loss difference 0.0036386806489174094
2023-07-13 23:21:44,087 INFO feature_importance_helper greedy_search Feature 1 at boundary 0.5 * epsilon with m 1 achieves loss difference 0.0036386806489174094
2023-07-13 23:21:44,088 INFO feature_importance_helper greedy_search Feature 1 at boundary 0.5 * epsilon with m 1 achieves loss difference 0.0036386806489174094
2023-07-13 23:21:44,089 INFO feature_importance_helper greedy_search Feature 1 at boundary 0.5 * epsilon with m 1 achieves loss difference 0.0036386806489174094
2023-07-13 23:21:44,090 INFO feature_importance_helper greedy_search Feature 1 at boundary 0.6000000000000001 * epsilon with m 1 achieves loss difference 0.0036386806489174094
2023-07-13 23:21:44,091 INFO feature_importance_helper greedy_search Feature 1 at boundary 0.6000000000000001 * epsilon with m 1 achieves loss difference 0.0036386806489174094
2023-07-13 23:21:44,092 INFO feature_importance_helper greedy_search Feature 1 at boundary 0.6000000000000001 * epsilon with m 1 achieves loss difference 0.0036386806489174094
2023-07-13 23:21:44,093 INFO feature_importance_helper greedy_search Feature 1 at boundary 0.6000000000000001 * epsilon with m 1 achieves loss difference 0.0036386806489174094
2023-07-13 23:21:44,094 INFO feature_importance_helper greedy_search Feature 1 at boundary 0.7000000000000001 * epsilon with m 1 achieves loss difference 0.0036386806489174094
2023-07-13 23:21:44,095 INFO feature_importance_helper greedy_search Feature 1 at boundary 0.7000000000000001 * epsilon with m 1 achieves loss difference 0.0036386806489174094
2023-07-13 23:21:44,096 INFO feature_importance_helper greedy_search Feature 1 at boundary 0.7000000000000001 * epsilon with m 1 achieves loss difference 0.0036386806489174094
2023-07-13 23:21:44,097 INFO feature_importance_helper greedy_search Feature 1 at boundary 0.7000000000000001 * epsilon with m 1 achieves loss difference 0.0036386806489174094
2023-07-13 23:21:44,098 INFO feature_importance_helper greedy_search Feature 1 at boundary 0.8 * epsilon with m 1 achieves loss difference 0.0036386806489174094
2023-07-13 23:21:44,099 INFO feature_importance_helper greedy_search Feature 1 at boundary 0.8 * epsilon with m 1 achieves loss difference 0.0036386806489174094
2023-07-13 23:21:44,100 INFO feature_importance_helper greedy_search Feature 1 at boundary 0.8 * epsilon with m 1 achieves loss difference 0.0036386806489174094
2023-07-13 23:21:44,101 INFO feature_importance_helper greedy_search Feature 1 at boundary 0.8 * epsilon with m 1 achieves loss difference 0.0036386806489174094
2023-07-13 23:21:44,102 INFO feature_importance_helper greedy_search Feature 1 at boundary 0.9 * epsilon with m 1 achieves loss difference 0.0036386806489174094
2023-07-13 23:21:44,103 INFO feature_importance_helper greedy_search Feature 1 at boundary 0.9 * epsilon with m 1 achieves loss difference 0.0036386806489174094
2023-07-13 23:21:44,104 INFO feature_importance_helper greedy_search Feature 1 at boundary 0.9 * epsilon with m 1 achieves loss difference 0.0036386806489174094
2023-07-13 23:21:44,105 INFO feature_importance_helper greedy_search Feature 1 at boundary 0.9 * epsilon with m 1 achieves loss difference 0.0036386806489174094
2023-07-13 23:21:44,106 INFO feature_importance_helper greedy_search Feature 1 at boundary 1.0 * epsilon with m 1 achieves loss difference 0.0036386806489174094
2023-07-13 23:21:44,107 INFO feature_importance_helper greedy_search Feature 1 at boundary 1.0 * epsilon with m 1 achieves loss difference 0.0036386806489174094
2023-07-13 23:21:44,108 INFO feature_importance_helper greedy_search Feature 1 at boundary 1.0 * epsilon with m 1 achieves loss difference 0.0036386806489174094
2023-07-13 23:21:44,109 INFO feature_importance_helper greedy_search Feature 1 at boundary 1.0 * epsilon with m 1 achieves loss difference 0.0036386806489174094
2023-07-13 23:21:44,110 INFO feature_importance_helper greedy_search Feature 2 at boundary 0.0 * epsilon with m 1 achieves loss difference 0.0
2023-07-13 23:21:44,111 INFO feature_importance_helper greedy_search Feature 2 at boundary 0.0 * epsilon with m 1 achieves loss difference 0.0
2023-07-13 23:21:44,112 INFO feature_importance_helper greedy_search Feature 2 at boundary 0.0 * epsilon with m 1 achieves loss difference 0.0
2023-07-13 23:21:44,113 INFO feature_importance_helper greedy_search Feature 2 at boundary 0.0 * epsilon with m 1 achieves loss difference 0.0
2023-07-13 23:21:44,126 INFO feature_importance_helper greedy_search Feature 2 at boundary 0.1 * epsilon with m 1.1 achieves loss difference 0.0
2023-07-13 23:21:44,140 INFO feature_importance_helper greedy_search Feature 2 at boundary 0.1 * epsilon with m 1.2000000000000002 achieves loss difference 0.0
2023-07-13 23:21:44,141 INFO feature_importance_helper greedy_search Feature 2 at boundary 0.1 * epsilon with m 1.2000000000000002 achieves loss difference 0.002061152187107826
2023-07-13 23:21:44,152 INFO feature_importance_helper greedy_search Feature 2 at boundary 0.1 * epsilon with m 1.2100000000000002 achieves loss difference 0.0
2023-07-13 23:21:44,164 INFO feature_importance_helper greedy_search Feature 2 at boundary 0.1 * epsilon with m 1.2200000000000002 achieves loss difference 0.0
2023-07-13 23:21:44,177 INFO feature_importance_helper greedy_search Feature 2 at boundary 0.1 * epsilon with m 1.2300000000000002 achieves loss difference 0.0
2023-07-13 23:21:44,189 INFO feature_importance_helper greedy_search Feature 2 at boundary 0.1 * epsilon with m 1.2400000000000002 achieves loss difference 0.0
2023-07-13 23:21:44,191 INFO feature_importance_helper greedy_search Feature 2 at boundary 0.1 * epsilon with m 1.2400000000000002 achieves loss difference 0.002061152187107826
2023-07-13 23:21:44,202 INFO feature_importance_helper greedy_search Feature 2 at boundary 0.1 * epsilon with m 1.241 achieves loss difference 0.0
2023-07-13 23:21:44,216 INFO feature_importance_helper greedy_search Feature 2 at boundary 0.1 * epsilon with m 1.242 achieves loss difference 0.0
2023-07-13 23:21:44,230 INFO feature_importance_helper greedy_search Feature 2 at boundary 0.1 * epsilon with m 1.2429999999999999 achieves loss difference 0.0
2023-07-13 23:21:44,243 INFO feature_importance_helper greedy_search Feature 2 at boundary 0.1 * epsilon with m 1.2439999999999998 achieves loss difference 0.0
2023-07-13 23:21:44,257 INFO feature_importance_helper greedy_search Feature 2 at boundary 0.1 * epsilon with m 1.2449999999999997 achieves loss difference 0.0
2023-07-13 23:21:44,270 INFO feature_importance_helper greedy_search Feature 2 at boundary 0.1 * epsilon with m 1.2459999999999996 achieves loss difference 0.0
2023-07-13 23:21:44,282 INFO feature_importance_helper greedy_search Feature 2 at boundary 0.1 * epsilon with m 1.2469999999999994 achieves loss difference 0.0
2023-07-13 23:21:44,294 INFO feature_importance_helper greedy_search Feature 2 at boundary 0.1 * epsilon with m 1.2479999999999993 achieves loss difference 0.0
2023-07-13 23:21:44,307 INFO feature_importance_helper greedy_search Feature 2 at boundary 0.1 * epsilon with m 1.2489999999999992 achieves loss difference 0.0
2023-07-13 23:21:44,319 INFO feature_importance_helper greedy_search Feature 2 at boundary 0.1 * epsilon with m 1.2499999999999991 achieves loss difference 0.0
2023-07-13 23:21:44,320 INFO feature_importance_helper greedy_search Feature 2 at boundary 0.1 * epsilon with m 1.2499999999999991 achieves loss difference 0.002061152187107826
2023-07-13 23:21:44,321 INFO feature_importance_helper greedy_search Feature 2 at boundary 0.1 * epsilon with m 1.2499999999999991 achieves loss difference 0.002061152187107826
2023-07-13 23:21:44,322 INFO feature_importance_helper greedy_search Feature 2 at boundary 0.2 * epsilon with m 1.2499999999999991 achieves loss difference 0.005178213172097813
2023-07-13 23:21:44,323 INFO feature_importance_helper greedy_search Feature 2 at boundary 0.2 * epsilon with m 1.2499999999999991 achieves loss difference 0.002061152187107826
2023-07-13 23:21:44,324 INFO feature_importance_helper greedy_search Feature 2 at boundary 0.2 * epsilon with m 1.2499999999999991 achieves loss difference 0.002061152187107826
2023-07-13 23:21:44,325 INFO feature_importance_helper greedy_search Feature 2 at boundary 0.2 * epsilon with m 1.2499999999999991 achieves loss difference 0.002061152187107826
2023-07-13 23:21:44,326 INFO feature_importance_helper greedy_search Feature 2 at boundary 0.30000000000000004 * epsilon with m 1.2499999999999991 achieves loss difference 0.005178213172097813
2023-07-13 23:21:44,327 INFO feature_importance_helper greedy_search Feature 2 at boundary 0.30000000000000004 * epsilon with m 1.2499999999999991 achieves loss difference 0.002061152187107826
2023-07-13 23:21:44,328 INFO feature_importance_helper greedy_search Feature 2 at boundary 0.30000000000000004 * epsilon with m 1.2499999999999991 achieves loss difference 0.002061152187107826
2023-07-13 23:21:44,329 INFO feature_importance_helper greedy_search Feature 2 at boundary 0.30000000000000004 * epsilon with m 1.2499999999999991 achieves loss difference 0.002061152187107826
2023-07-13 23:21:44,330 INFO feature_importance_helper greedy_search Feature 2 at boundary 0.4 * epsilon with m 1.2499999999999991 achieves loss difference 0.005178213172097813
2023-07-13 23:21:44,331 INFO feature_importance_helper greedy_search Feature 2 at boundary 0.4 * epsilon with m 1.2499999999999991 achieves loss difference 0.002061152187107826
2023-07-13 23:21:44,332 INFO feature_importance_helper greedy_search Feature 2 at boundary 0.4 * epsilon with m 1.2499999999999991 achieves loss difference 0.002061152187107826
2023-07-13 23:21:44,333 INFO feature_importance_helper greedy_search Feature 2 at boundary 0.4 * epsilon with m 1.2499999999999991 achieves loss difference 0.002061152187107826
2023-07-13 23:21:44,334 INFO feature_importance_helper greedy_search Feature 2 at boundary 0.5 * epsilon with m 1.2499999999999991 achieves loss difference 0.005178213172097813
2023-07-13 23:21:44,335 INFO feature_importance_helper greedy_search Feature 2 at boundary 0.5 * epsilon with m 1.2499999999999991 achieves loss difference 0.002061152187107826
2023-07-13 23:21:44,336 INFO feature_importance_helper greedy_search Feature 2 at boundary 0.5 * epsilon with m 1.2499999999999991 achieves loss difference 0.002061152187107826
2023-07-13 23:21:44,337 INFO feature_importance_helper greedy_search Feature 2 at boundary 0.5 * epsilon with m 1.2499999999999991 achieves loss difference 0.002061152187107826
2023-07-13 23:21:44,338 INFO feature_importance_helper greedy_search Feature 2 at boundary 0.6000000000000001 * epsilon with m 1.2499999999999991 achieves loss difference 0.005178213172097813
2023-07-13 23:21:44,339 INFO feature_importance_helper greedy_search Feature 2 at boundary 0.6000000000000001 * epsilon with m 1.2499999999999991 achieves loss difference 0.002061152187107826
2023-07-13 23:21:44,340 INFO feature_importance_helper greedy_search Feature 2 at boundary 0.6000000000000001 * epsilon with m 1.2499999999999991 achieves loss difference 0.002061152187107826
2023-07-13 23:21:44,341 INFO feature_importance_helper greedy_search Feature 2 at boundary 0.6000000000000001 * epsilon with m 1.2499999999999991 achieves loss difference 0.002061152187107826
2023-07-13 23:21:44,343 INFO feature_importance_helper greedy_search Feature 2 at boundary 0.7000000000000001 * epsilon with m 1.2499999999999991 achieves loss difference 0.005178213172097813
2023-07-13 23:21:44,344 INFO feature_importance_helper greedy_search Feature 2 at boundary 0.7000000000000001 * epsilon with m 1.2499999999999991 achieves loss difference 0.002061152187107826
2023-07-13 23:21:44,345 INFO feature_importance_helper greedy_search Feature 2 at boundary 0.7000000000000001 * epsilon with m 1.2499999999999991 achieves loss difference 0.002061152187107826
2023-07-13 23:21:44,346 INFO feature_importance_helper greedy_search Feature 2 at boundary 0.7000000000000001 * epsilon with m 1.2499999999999991 achieves loss difference 0.002061152187107826
2023-07-13 23:21:44,347 INFO feature_importance_helper greedy_search Feature 2 at boundary 0.8 * epsilon with m 1.2499999999999991 achieves loss difference 0.005178213172097813
2023-07-13 23:21:44,348 INFO feature_importance_helper greedy_search Feature 2 at boundary 0.8 * epsilon with m 1.2499999999999991 achieves loss difference 0.002061152187107826
2023-07-13 23:21:44,349 INFO feature_importance_helper greedy_search Feature 2 at boundary 0.8 * epsilon with m 1.2499999999999991 achieves loss difference 0.002061152187107826
2023-07-13 23:21:44,350 INFO feature_importance_helper greedy_search Feature 2 at boundary 0.8 * epsilon with m 1.2499999999999991 achieves loss difference 0.002061152187107826
2023-07-13 23:21:44,352 INFO feature_importance_helper greedy_search Feature 2 at boundary 0.9 * epsilon with m 1.2499999999999991 achieves loss difference 0.005178213172097813
2023-07-13 23:21:44,353 INFO feature_importance_helper greedy_search Feature 2 at boundary 0.9 * epsilon with m 1.2499999999999991 achieves loss difference 0.002061152187107826
2023-07-13 23:21:44,354 INFO feature_importance_helper greedy_search Feature 2 at boundary 0.9 * epsilon with m 1.2499999999999991 achieves loss difference 0.002061152187107826
2023-07-13 23:21:44,355 INFO feature_importance_helper greedy_search Feature 2 at boundary 0.9 * epsilon with m 1.2499999999999991 achieves loss difference 0.002061152187107826
2023-07-13 23:21:44,356 INFO feature_importance_helper greedy_search Feature 2 at boundary 1.0 * epsilon with m 1.2499999999999991 achieves loss difference 0.005178213172097813
2023-07-13 23:21:44,357 INFO feature_importance_helper greedy_search Feature 2 at boundary 1.0 * epsilon with m 1.2499999999999991 achieves loss difference 0.002061152187107826
2023-07-13 23:21:44,358 INFO feature_importance_helper greedy_search Feature 2 at boundary 1.0 * epsilon with m 1.2499999999999991 achieves loss difference 0.002061152187107826
2023-07-13 23:21:44,359 INFO feature_importance_helper greedy_search Feature 2 at boundary 1.0 * epsilon with m 1.2499999999999991 achieves loss difference 0.002061152187107826
2023-07-13 23:21:44,360 INFO feature_importance_helper greedy_search Feature 2 at boundary 0.0 * epsilon with m 1 achieves loss difference 0.010984189174613046
2023-07-13 23:21:44,362 INFO feature_importance_helper greedy_search Feature 2 at boundary 0.0 * epsilon with m 1 achieves loss difference 0.010984189174613046
2023-07-13 23:21:44,363 INFO feature_importance_helper greedy_search Feature 2 at boundary 0.0 * epsilon with m 1 achieves loss difference 0.010984189174613046
2023-07-13 23:21:44,364 INFO feature_importance_helper greedy_search Feature 2 at boundary 0.0 * epsilon with m 1 achieves loss difference 0.010984189174613046
2023-07-13 23:21:44,365 INFO feature_importance_helper greedy_search Feature 2 at boundary 0.1 * epsilon with m 1 achieves loss difference 0.010984189174613046
2023-07-13 23:21:44,366 INFO feature_importance_helper greedy_search Feature 2 at boundary 0.1 * epsilon with m 1 achieves loss difference 0.010984189174613046
2023-07-13 23:21:44,367 INFO feature_importance_helper greedy_search Feature 2 at boundary 0.1 * epsilon with m 1 achieves loss difference 0.010984189174613046
2023-07-13 23:21:44,368 INFO feature_importance_helper greedy_search Feature 2 at boundary 0.1 * epsilon with m 1 achieves loss difference 0.010984189174613046
2023-07-13 23:21:44,370 INFO feature_importance_helper greedy_search Feature 2 at boundary 0.2 * epsilon with m 1 achieves loss difference 0.010984189174613046
2023-07-13 23:21:44,371 INFO feature_importance_helper greedy_search Feature 2 at boundary 0.2 * epsilon with m 1 achieves loss difference 0.010984189174613046
2023-07-13 23:21:44,372 INFO feature_importance_helper greedy_search Feature 2 at boundary 0.2 * epsilon with m 1 achieves loss difference 0.010984189174613046
2023-07-13 23:21:44,373 INFO feature_importance_helper greedy_search Feature 2 at boundary 0.2 * epsilon with m 1 achieves loss difference 0.010984189174613046
2023-07-13 23:21:44,374 INFO feature_importance_helper greedy_search Feature 2 at boundary 0.30000000000000004 * epsilon with m 1 achieves loss difference 0.010984189174613046
2023-07-13 23:21:44,375 INFO feature_importance_helper greedy_search Feature 2 at boundary 0.30000000000000004 * epsilon with m 1 achieves loss difference 0.010984189174613046
2023-07-13 23:21:44,376 INFO feature_importance_helper greedy_search Feature 2 at boundary 0.30000000000000004 * epsilon with m 1 achieves loss difference 0.010984189174613046
2023-07-13 23:21:44,377 INFO feature_importance_helper greedy_search Feature 2 at boundary 0.30000000000000004 * epsilon with m 1 achieves loss difference 0.010984189174613046
2023-07-13 23:21:44,378 INFO feature_importance_helper greedy_search Feature 2 at boundary 0.4 * epsilon with m 1 achieves loss difference 0.010984189174613046
2023-07-13 23:21:44,379 INFO feature_importance_helper greedy_search Feature 2 at boundary 0.4 * epsilon with m 1 achieves loss difference 0.010984189174613046
2023-07-13 23:21:44,380 INFO feature_importance_helper greedy_search Feature 2 at boundary 0.4 * epsilon with m 1 achieves loss difference 0.010984189174613046
2023-07-13 23:21:44,381 INFO feature_importance_helper greedy_search Feature 2 at boundary 0.4 * epsilon with m 1 achieves loss difference 0.010984189174613046
2023-07-13 23:21:44,382 INFO feature_importance_helper greedy_search Feature 2 at boundary 0.5 * epsilon with m 1 achieves loss difference 0.010984189174613046
2023-07-13 23:21:44,383 INFO feature_importance_helper greedy_search Feature 2 at boundary 0.5 * epsilon with m 1 achieves loss difference 0.010984189174613046
2023-07-13 23:21:44,384 INFO feature_importance_helper greedy_search Feature 2 at boundary 0.5 * epsilon with m 1 achieves loss difference 0.010984189174613046
2023-07-13 23:21:44,386 INFO feature_importance_helper greedy_search Feature 2 at boundary 0.5 * epsilon with m 1 achieves loss difference 0.010984189174613046
2023-07-13 23:21:44,387 INFO feature_importance_helper greedy_search Feature 2 at boundary 0.6000000000000001 * epsilon with m 1 achieves loss difference 0.010984189174613046
2023-07-13 23:21:44,388 INFO feature_importance_helper greedy_search Feature 2 at boundary 0.6000000000000001 * epsilon with m 1 achieves loss difference 0.010984189174613046
2023-07-13 23:21:44,389 INFO feature_importance_helper greedy_search Feature 2 at boundary 0.6000000000000001 * epsilon with m 1 achieves loss difference 0.010984189174613046
2023-07-13 23:21:44,390 INFO feature_importance_helper greedy_search Feature 2 at boundary 0.6000000000000001 * epsilon with m 1 achieves loss difference 0.010984189174613046
2023-07-13 23:21:44,392 INFO feature_importance_helper greedy_search Feature 2 at boundary 0.7000000000000001 * epsilon with m 1 achieves loss difference 0.010984189174613046
2023-07-13 23:21:44,393 INFO feature_importance_helper greedy_search Feature 2 at boundary 0.7000000000000001 * epsilon with m 1 achieves loss difference 0.010984189174613046
2023-07-13 23:21:44,394 INFO feature_importance_helper greedy_search Feature 2 at boundary 0.7000000000000001 * epsilon with m 1 achieves loss difference 0.010984189174613046
2023-07-13 23:21:44,395 INFO feature_importance_helper greedy_search Feature 2 at boundary 0.7000000000000001 * epsilon with m 1 achieves loss difference 0.010984189174613046
2023-07-13 23:21:44,396 INFO feature_importance_helper greedy_search Feature 2 at boundary 0.8 * epsilon with m 1 achieves loss difference 0.010984189174613046
2023-07-13 23:21:44,397 INFO feature_importance_helper greedy_search Feature 2 at boundary 0.8 * epsilon with m 1 achieves loss difference 0.010984189174613046
2023-07-13 23:21:44,398 INFO feature_importance_helper greedy_search Feature 2 at boundary 0.8 * epsilon with m 1 achieves loss difference 0.010984189174613046
2023-07-13 23:21:44,399 INFO feature_importance_helper greedy_search Feature 2 at boundary 0.8 * epsilon with m 1 achieves loss difference 0.010984189174613046
2023-07-13 23:21:44,400 INFO feature_importance_helper greedy_search Feature 2 at boundary 0.9 * epsilon with m 1 achieves loss difference 0.010984189174613046
2023-07-13 23:21:44,401 INFO feature_importance_helper greedy_search Feature 2 at boundary 0.9 * epsilon with m 1 achieves loss difference 0.010984189174613046
2023-07-13 23:21:44,402 INFO feature_importance_helper greedy_search Feature 2 at boundary 0.9 * epsilon with m 1 achieves loss difference 0.010984189174613046
2023-07-13 23:21:44,403 INFO feature_importance_helper greedy_search Feature 2 at boundary 0.9 * epsilon with m 1 achieves loss difference 0.010984189174613046
2023-07-13 23:21:44,404 INFO feature_importance_helper greedy_search Feature 2 at boundary 1.0 * epsilon with m 1 achieves loss difference 0.010984189174613046
2023-07-13 23:21:44,405 INFO feature_importance_helper greedy_search Feature 2 at boundary 1.0 * epsilon with m 1 achieves loss difference 0.010984189174613046
2023-07-13 23:21:44,406 INFO feature_importance_helper greedy_search Feature 2 at boundary 1.0 * epsilon with m 1 achieves loss difference 0.010984189174613046
2023-07-13 23:21:44,407 INFO feature_importance_helper greedy_search Feature 2 at boundary 1.0 * epsilon with m 1 achieves loss difference 0.010984189174613046
2023-07-13 23:21:44,408 INFO feature_importance_helper greedy_search Feature 3 at boundary 0.0 * epsilon with m 1 achieves loss difference 0.0
2023-07-13 23:21:44,409 INFO feature_importance_helper greedy_search Feature 3 at boundary 0.0 * epsilon with m 1 achieves loss difference 0.0
2023-07-13 23:21:44,410 INFO feature_importance_helper greedy_search Feature 3 at boundary 0.0 * epsilon with m 1 achieves loss difference 0.0
2023-07-13 23:21:44,411 INFO feature_importance_helper greedy_search Feature 3 at boundary 0.0 * epsilon with m 1 achieves loss difference 0.0
2023-07-13 23:21:44,423 INFO feature_importance_helper greedy_search Feature 3 at boundary 0.1 * epsilon with m 1.1 achieves loss difference 0.0
2023-07-13 23:21:44,436 INFO feature_importance_helper greedy_search Feature 3 at boundary 0.1 * epsilon with m 1.2000000000000002 achieves loss difference 0.0
2023-07-13 23:21:44,450 INFO feature_importance_helper greedy_search Feature 3 at boundary 0.1 * epsilon with m 1.3000000000000003 achieves loss difference 0.0
2023-07-13 23:21:44,451 INFO feature_importance_helper greedy_search Feature 3 at boundary 0.1 * epsilon with m 1.3000000000000003 achieves loss difference 0.0168896929203778
2023-07-13 23:21:44,465 INFO feature_importance_helper greedy_search Feature 3 at boundary 0.1 * epsilon with m 1.3100000000000003 achieves loss difference 0.0
2023-07-13 23:21:44,476 INFO feature_importance_helper greedy_search Feature 3 at boundary 0.1 * epsilon with m 1.3200000000000003 achieves loss difference 0.0
2023-07-13 23:21:44,490 INFO feature_importance_helper greedy_search Feature 3 at boundary 0.1 * epsilon with m 1.3300000000000003 achieves loss difference 0.0
2023-07-13 23:21:44,492 INFO feature_importance_helper greedy_search Feature 3 at boundary 0.1 * epsilon with m 1.3300000000000003 achieves loss difference 0.0168896929203778
2023-07-13 23:21:44,505 INFO feature_importance_helper greedy_search Feature 3 at boundary 0.1 * epsilon with m 1.3310000000000002 achieves loss difference 0.0
2023-07-13 23:21:44,519 INFO feature_importance_helper greedy_search Feature 3 at boundary 0.1 * epsilon with m 1.332 achieves loss difference 0.0
2023-07-13 23:21:44,533 INFO feature_importance_helper greedy_search Feature 3 at boundary 0.1 * epsilon with m 1.333 achieves loss difference 0.0
2023-07-13 23:21:44,534 INFO feature_importance_helper greedy_search Feature 3 at boundary 0.1 * epsilon with m 1.333 achieves loss difference 0.0168896929203778
2023-07-13 23:21:44,550 INFO feature_importance_helper greedy_search Feature 3 at boundary 0.1 * epsilon with m 1.3331 achieves loss difference 0.0
2023-07-13 23:21:44,563 INFO feature_importance_helper greedy_search Feature 3 at boundary 0.1 * epsilon with m 1.3332 achieves loss difference 0.0
2023-07-13 23:21:44,577 INFO feature_importance_helper greedy_search Feature 3 at boundary 0.1 * epsilon with m 1.3333 achieves loss difference 0.0
2023-07-13 23:21:44,578 INFO feature_importance_helper greedy_search Feature 3 at boundary 0.1 * epsilon with m 1.3333 achieves loss difference 0.0168896929203778
2023-07-13 23:21:44,579 INFO feature_importance_helper greedy_search Feature 3 at boundary 0.2 * epsilon with m 1.3333 achieves loss difference 0.0168896929203778
2023-07-13 23:21:44,580 INFO feature_importance_helper greedy_search Feature 3 at boundary 0.2 * epsilon with m 1.3333 achieves loss difference 0.0168896929203778
2023-07-13 23:21:44,581 INFO feature_importance_helper greedy_search Feature 3 at boundary 0.2 * epsilon with m 1.3333 achieves loss difference 0.0168896929203778
2023-07-13 23:21:44,582 INFO feature_importance_helper greedy_search Feature 3 at boundary 0.2 * epsilon with m 1.3333 achieves loss difference 0.0168896929203778
2023-07-13 23:21:44,583 INFO feature_importance_helper greedy_search Feature 3 at boundary 0.30000000000000004 * epsilon with m 1.3333 achieves loss difference 0.0168896929203778
2023-07-13 23:21:44,584 INFO feature_importance_helper greedy_search Feature 3 at boundary 0.30000000000000004 * epsilon with m 1.3333 achieves loss difference 0.0168896929203778
2023-07-13 23:21:44,585 INFO feature_importance_helper greedy_search Feature 3 at boundary 0.30000000000000004 * epsilon with m 1.3333 achieves loss difference 0.0168896929203778
2023-07-13 23:21:44,586 INFO feature_importance_helper greedy_search Feature 3 at boundary 0.30000000000000004 * epsilon with m 1.3333 achieves loss difference 0.0168896929203778
2023-07-13 23:21:44,587 INFO feature_importance_helper greedy_search Feature 3 at boundary 0.4 * epsilon with m 1.3333 achieves loss difference 0.0168896929203778
2023-07-13 23:21:44,588 INFO feature_importance_helper greedy_search Feature 3 at boundary 0.4 * epsilon with m 1.3333 achieves loss difference 0.0168896929203778
2023-07-13 23:21:44,589 INFO feature_importance_helper greedy_search Feature 3 at boundary 0.4 * epsilon with m 1.3333 achieves loss difference 0.0168896929203778
2023-07-13 23:21:44,590 INFO feature_importance_helper greedy_search Feature 3 at boundary 0.4 * epsilon with m 1.3333 achieves loss difference 0.0168896929203778
2023-07-13 23:21:44,591 INFO feature_importance_helper greedy_search Feature 3 at boundary 0.5 * epsilon with m 1.3333 achieves loss difference 0.0168896929203778
2023-07-13 23:21:44,593 INFO feature_importance_helper greedy_search Feature 3 at boundary 0.5 * epsilon with m 1.3333 achieves loss difference 0.0168896929203778
2023-07-13 23:21:44,594 INFO feature_importance_helper greedy_search Feature 3 at boundary 0.5 * epsilon with m 1.3333 achieves loss difference 0.0168896929203778
2023-07-13 23:21:44,595 INFO feature_importance_helper greedy_search Feature 3 at boundary 0.5 * epsilon with m 1.3333 achieves loss difference 0.0168896929203778
2023-07-13 23:21:44,596 INFO feature_importance_helper greedy_search Feature 3 at boundary 0.6000000000000001 * epsilon with m 1.3333 achieves loss difference 0.0168896929203778
2023-07-13 23:21:44,597 INFO feature_importance_helper greedy_search Feature 3 at boundary 0.6000000000000001 * epsilon with m 1.3333 achieves loss difference 0.0168896929203778
2023-07-13 23:21:44,598 INFO feature_importance_helper greedy_search Feature 3 at boundary 0.6000000000000001 * epsilon with m 1.3333 achieves loss difference 0.0168896929203778
2023-07-13 23:21:44,599 INFO feature_importance_helper greedy_search Feature 3 at boundary 0.6000000000000001 * epsilon with m 1.3333 achieves loss difference 0.0168896929203778
2023-07-13 23:21:44,600 INFO feature_importance_helper greedy_search Feature 3 at boundary 0.7000000000000001 * epsilon with m 1.3333 achieves loss difference 0.0168896929203778
2023-07-13 23:21:44,601 INFO feature_importance_helper greedy_search Feature 3 at boundary 0.7000000000000001 * epsilon with m 1.3333 achieves loss difference 0.0168896929203778
2023-07-13 23:21:44,602 INFO feature_importance_helper greedy_search Feature 3 at boundary 0.7000000000000001 * epsilon with m 1.3333 achieves loss difference 0.0168896929203778
2023-07-13 23:21:44,603 INFO feature_importance_helper greedy_search Feature 3 at boundary 0.7000000000000001 * epsilon with m 1.3333 achieves loss difference 0.0168896929203778
2023-07-13 23:21:44,604 INFO feature_importance_helper greedy_search Feature 3 at boundary 0.8 * epsilon with m 1.3333 achieves loss difference 0.0168896929203778
2023-07-13 23:21:44,605 INFO feature_importance_helper greedy_search Feature 3 at boundary 0.8 * epsilon with m 1.3333 achieves loss difference 0.0168896929203778
2023-07-13 23:21:44,605 INFO feature_importance_helper greedy_search Feature 3 at boundary 0.8 * epsilon with m 1.3333 achieves loss difference 0.0168896929203778
2023-07-13 23:21:44,607 INFO feature_importance_helper greedy_search Feature 3 at boundary 0.8 * epsilon with m 1.3333 achieves loss difference 0.0168896929203778
2023-07-13 23:21:44,608 INFO feature_importance_helper greedy_search Feature 3 at boundary 0.9 * epsilon with m 1.3333 achieves loss difference 0.0168896929203778
2023-07-13 23:21:44,609 INFO feature_importance_helper greedy_search Feature 3 at boundary 0.9 * epsilon with m 1.3333 achieves loss difference 0.0168896929203778
2023-07-13 23:21:44,609 INFO feature_importance_helper greedy_search Feature 3 at boundary 0.9 * epsilon with m 1.3333 achieves loss difference 0.0168896929203778
2023-07-13 23:21:44,610 INFO feature_importance_helper greedy_search Feature 3 at boundary 0.9 * epsilon with m 1.3333 achieves loss difference 0.0168896929203778
2023-07-13 23:21:44,611 INFO feature_importance_helper greedy_search Feature 3 at boundary 1.0 * epsilon with m 1.3333 achieves loss difference 0.0168896929203778
2023-07-13 23:21:44,612 INFO feature_importance_helper greedy_search Feature 3 at boundary 1.0 * epsilon with m 1.3333 achieves loss difference 0.0168896929203778
2023-07-13 23:21:44,613 INFO feature_importance_helper greedy_search Feature 3 at boundary 1.0 * epsilon with m 1.3333 achieves loss difference 0.0168896929203778
2023-07-13 23:21:44,614 INFO feature_importance_helper greedy_search Feature 3 at boundary 1.0 * epsilon with m 1.3333 achieves loss difference 0.0168896929203778
2023-07-13 23:21:44,615 INFO feature_importance_helper greedy_search Feature 3 at boundary 0.0 * epsilon with m 1 achieves loss difference 0.062474839167832384
2023-07-13 23:21:44,617 INFO feature_importance_helper greedy_search Feature 3 at boundary 0.0 * epsilon with m 1 achieves loss difference 0.062474839167832384
2023-07-13 23:21:44,618 INFO feature_importance_helper greedy_search Feature 3 at boundary 0.0 * epsilon with m 1 achieves loss difference 0.062474839167832384
2023-07-13 23:21:44,619 INFO feature_importance_helper greedy_search Feature 3 at boundary 0.0 * epsilon with m 1 achieves loss difference 0.062474839167832384
2023-07-13 23:21:44,620 INFO feature_importance_helper greedy_search Feature 3 at boundary 0.1 * epsilon with m 1 achieves loss difference 0.062474839167832384
2023-07-13 23:21:44,621 INFO feature_importance_helper greedy_search Feature 3 at boundary 0.1 * epsilon with m 1 achieves loss difference 0.062474839167832384
2023-07-13 23:21:44,622 INFO feature_importance_helper greedy_search Feature 3 at boundary 0.1 * epsilon with m 1 achieves loss difference 0.062474839167832384
2023-07-13 23:21:44,623 INFO feature_importance_helper greedy_search Feature 3 at boundary 0.1 * epsilon with m 1 achieves loss difference 0.062474839167832384
2023-07-13 23:21:44,624 INFO feature_importance_helper greedy_search Feature 3 at boundary 0.2 * epsilon with m 1 achieves loss difference 0.062474839167832384
2023-07-13 23:21:44,625 INFO feature_importance_helper greedy_search Feature 3 at boundary 0.2 * epsilon with m 1 achieves loss difference 0.062474839167832384
2023-07-13 23:21:44,626 INFO feature_importance_helper greedy_search Feature 3 at boundary 0.2 * epsilon with m 1 achieves loss difference 0.062474839167832384
2023-07-13 23:21:44,627 INFO feature_importance_helper greedy_search Feature 3 at boundary 0.2 * epsilon with m 1 achieves loss difference 0.062474839167832384
2023-07-13 23:21:44,628 INFO feature_importance_helper greedy_search Feature 3 at boundary 0.30000000000000004 * epsilon with m 1 achieves loss difference 0.062474839167832384
2023-07-13 23:21:44,629 INFO feature_importance_helper greedy_search Feature 3 at boundary 0.30000000000000004 * epsilon with m 1 achieves loss difference 0.062474839167832384
2023-07-13 23:21:44,630 INFO feature_importance_helper greedy_search Feature 3 at boundary 0.30000000000000004 * epsilon with m 1 achieves loss difference 0.062474839167832384
2023-07-13 23:21:44,630 INFO feature_importance_helper greedy_search Feature 3 at boundary 0.30000000000000004 * epsilon with m 1 achieves loss difference 0.062474839167832384
2023-07-13 23:21:44,631 INFO feature_importance_helper greedy_search Feature 3 at boundary 0.4 * epsilon with m 1 achieves loss difference 0.062474839167832384
2023-07-13 23:21:44,632 INFO feature_importance_helper greedy_search Feature 3 at boundary 0.4 * epsilon with m 1 achieves loss difference 0.062474839167832384
2023-07-13 23:21:44,633 INFO feature_importance_helper greedy_search Feature 3 at boundary 0.4 * epsilon with m 1 achieves loss difference 0.062474839167832384
2023-07-13 23:21:44,634 INFO feature_importance_helper greedy_search Feature 3 at boundary 0.4 * epsilon with m 1 achieves loss difference 0.062474839167832384
2023-07-13 23:21:44,635 INFO feature_importance_helper greedy_search Feature 3 at boundary 0.5 * epsilon with m 1 achieves loss difference 0.062474839167832384
2023-07-13 23:21:44,636 INFO feature_importance_helper greedy_search Feature 3 at boundary 0.5 * epsilon with m 1 achieves loss difference 0.062474839167832384
2023-07-13 23:21:44,637 INFO feature_importance_helper greedy_search Feature 3 at boundary 0.5 * epsilon with m 1 achieves loss difference 0.062474839167832384
2023-07-13 23:21:44,638 INFO feature_importance_helper greedy_search Feature 3 at boundary 0.5 * epsilon with m 1 achieves loss difference 0.062474839167832384
2023-07-13 23:21:44,639 INFO feature_importance_helper greedy_search Feature 3 at boundary 0.6000000000000001 * epsilon with m 1 achieves loss difference 0.062474839167832384
2023-07-13 23:21:44,640 INFO feature_importance_helper greedy_search Feature 3 at boundary 0.6000000000000001 * epsilon with m 1 achieves loss difference 0.062474839167832384
2023-07-13 23:21:44,641 INFO feature_importance_helper greedy_search Feature 3 at boundary 0.6000000000000001 * epsilon with m 1 achieves loss difference 0.062474839167832384
2023-07-13 23:21:44,643 INFO feature_importance_helper greedy_search Feature 3 at boundary 0.6000000000000001 * epsilon with m 1 achieves loss difference 0.062474839167832384
2023-07-13 23:21:44,644 INFO feature_importance_helper greedy_search Feature 3 at boundary 0.7000000000000001 * epsilon with m 1 achieves loss difference 0.062474839167832384
2023-07-13 23:21:44,645 INFO feature_importance_helper greedy_search Feature 3 at boundary 0.7000000000000001 * epsilon with m 1 achieves loss difference 0.062474839167832384
2023-07-13 23:21:44,646 INFO feature_importance_helper greedy_search Feature 3 at boundary 0.7000000000000001 * epsilon with m 1 achieves loss difference 0.062474839167832384
2023-07-13 23:21:44,647 INFO feature_importance_helper greedy_search Feature 3 at boundary 0.7000000000000001 * epsilon with m 1 achieves loss difference 0.062474839167832384
2023-07-13 23:21:44,648 INFO feature_importance_helper greedy_search Feature 3 at boundary 0.8 * epsilon with m 1 achieves loss difference 0.062474839167832384
2023-07-13 23:21:44,649 INFO feature_importance_helper greedy_search Feature 3 at boundary 0.8 * epsilon with m 1 achieves loss difference 0.062474839167832384
2023-07-13 23:21:44,650 INFO feature_importance_helper greedy_search Feature 3 at boundary 0.8 * epsilon with m 1 achieves loss difference 0.062474839167832384
2023-07-13 23:21:44,651 INFO feature_importance_helper greedy_search Feature 3 at boundary 0.8 * epsilon with m 1 achieves loss difference 0.062474839167832384
2023-07-13 23:21:44,652 INFO feature_importance_helper greedy_search Feature 3 at boundary 0.9 * epsilon with m 1 achieves loss difference 0.062474839167832384
2023-07-13 23:21:44,653 INFO feature_importance_helper greedy_search Feature 3 at boundary 0.9 * epsilon with m 1 achieves loss difference 0.062474839167832384
2023-07-13 23:21:44,654 INFO feature_importance_helper greedy_search Feature 3 at boundary 0.9 * epsilon with m 1 achieves loss difference 0.062474839167832384
2023-07-13 23:21:44,655 INFO feature_importance_helper greedy_search Feature 3 at boundary 0.9 * epsilon with m 1 achieves loss difference 0.062474839167832384
2023-07-13 23:21:44,656 INFO feature_importance_helper greedy_search Feature 3 at boundary 1.0 * epsilon with m 1 achieves loss difference 0.062474839167832384
2023-07-13 23:21:44,657 INFO feature_importance_helper greedy_search Feature 3 at boundary 1.0 * epsilon with m 1 achieves loss difference 0.062474839167832384
2023-07-13 23:21:44,658 INFO feature_importance_helper greedy_search Feature 3 at boundary 1.0 * epsilon with m 1 achieves loss difference 0.062474839167832384
2023-07-13 23:21:44,659 INFO feature_importance_helper greedy_search Feature 3 at boundary 1.0 * epsilon with m 1 achieves loss difference 0.062474839167832384
2023-07-13 23:21:44,660 INFO FIS_explainer _explore_m_in_R Searching done and saved to E:\projects\Batteries\MXen-in-Rashomon-set\experiments/../results/FIS-main-effect-raw-20230713-232141.json
2023-07-13 23:21:44,661 INFO FIS_explainer rset_explain Calculating all main effects of features [0 1 2 3] for all models in the Rashomon set
2023-07-13 23:21:49,422 INFO FIS_explainer rset_explain Calculation done
2023-07-13 23:21:49,436 INFO FIS_explainer rset_explain Calculating all joint effects of feature in pairs 6
2023-07-13 23:22:01,341 INFO FIS_explainer rset_explain Calculation done
2023-07-13 23:22:01,342 INFO FIS_explainer rset_explain Calculating FISC in the Rashomon set for all models in the Rashomon set
2023-07-13 23:22:01,347 INFO feature_interaction_score_utilities get_fis_in_r Calculating :pair 0 with index 0 and 1
2023-07-13 23:22:01,347 INFO feature_interaction_score_utilities get_fis_in_r Calculating :pair 1 with index 0 and 2
2023-07-13 23:22:01,348 INFO feature_interaction_score_utilities get_fis_in_r Calculating :pair 2 with index 0 and 3
2023-07-13 23:22:01,349 INFO feature_interaction_score_utilities get_fis_in_r Calculating :pair 3 with index 1 and 2
2023-07-13 23:22:01,349 INFO feature_interaction_score_utilities get_fis_in_r Calculating :pair 4 with index 1 and 3
2023-07-13 23:22:01,350 INFO feature_interaction_score_utilities get_fis_in_r Calculating :pair 5 with index 2 and 3
2023-07-13 23:22:01,351 INFO feature_interaction_score_utilities get_fis_in_r Calculating :pair 0 with index 0 and 1
2023-07-13 23:22:01,351 INFO feature_interaction_score_utilities get_fis_in_r Calculating :pair 1 with index 0 and 2
2023-07-13 23:22:01,352 INFO feature_interaction_score_utilities get_fis_in_r Calculating :pair 2 with index 0 and 3
2023-07-13 23:22:01,353 INFO feature_interaction_score_utilities get_fis_in_r Calculating :pair 3 with index 1 and 2
2023-07-13 23:22:01,354 INFO feature_interaction_score_utilities get_fis_in_r Calculating :pair 4 with index 1 and 3
2023-07-13 23:22:01,354 INFO feature_interaction_score_utilities get_fis_in_r Calculating :pair 5 with index 2 and 3
2023-07-13 23:22:01,355 INFO feature_interaction_score_utilities get_fis_in_r Calculating :pair 0 with index 0 and 1
2023-07-13 23:22:01,356 INFO feature_interaction_score_utilities get_fis_in_r Calculating :pair 1 with index 0 and 2
2023-07-13 23:22:01,357 INFO feature_interaction_score_utilities get_fis_in_r Calculating :pair 2 with index 0 and 3
2023-07-13 23:22:01,357 INFO feature_interaction_score_utilities get_fis_in_r Calculating :pair 3 with index 1 and 2
2023-07-13 23:22:01,358 INFO feature_interaction_score_utilities get_fis_in_r Calculating :pair 4 with index 1 and 3
2023-07-13 23:22:01,359 INFO feature_interaction_score_utilities get_fis_in_r Calculating :pair 5 with index 2 and 3
2023-07-13 23:22:01,360 INFO feature_interaction_score_utilities get_fis_in_r Calculating :pair 0 with index 0 and 1
2023-07-13 23:22:01,360 INFO feature_interaction_score_utilities get_fis_in_r Calculating :pair 1 with index 0 and 2
2023-07-13 23:22:01,361 INFO feature_interaction_score_utilities get_fis_in_r Calculating :pair 2 with index 0 and 3
2023-07-13 23:22:01,362 INFO feature_interaction_score_utilities get_fis_in_r Calculating :pair 3 with index 1 and 2
2023-07-13 23:22:01,363 INFO feature_interaction_score_utilities get_fis_in_r Calculating :pair 4 with index 1 and 3
2023-07-13 23:22:01,364 INFO feature_interaction_score_utilities get_fis_in_r Calculating :pair 5 with index 2 and 3
2023-07-13 23:22:01,365 INFO feature_interaction_score_utilities get_fis_in_r Calculating :pair 0 with index 0 and 1
2023-07-13 23:22:01,365 INFO feature_interaction_score_utilities get_fis_in_r Calculating :pair 1 with index 0 and 2
2023-07-13 23:22:01,366 INFO feature_interaction_score_utilities get_fis_in_r Calculating :pair 2 with index 0 and 3
2023-07-13 23:22:01,367 INFO feature_interaction_score_utilities get_fis_in_r Calculating :pair 3 with index 1 and 2
2023-07-13 23:22:01,368 INFO feature_interaction_score_utilities get_fis_in_r Calculating :pair 4 with index 1 and 3
2023-07-13 23:22:01,368 INFO feature_interaction_score_utilities get_fis_in_r Calculating :pair 5 with index 2 and 3
2023-07-13 23:22:01,379 INFO FIS_explainer rset_explain Calculation done
2023-07-13 23:22:01,381 INFO FIS_explainer rset_explain Explanation is saved to E:\projects\Batteries\MXen-in-Rashomon-set\experiments/../results/FIS-in-Rashomon-set-20230713-232141.json
