2023-09-04 14:24:30,265 INFO config <module> The output directory is E:\projects\Batteries\MXen-in-Rashomon-set\experiments/../results
 The log directory is E:\projects\Batteries\MXen-in-Rashomon-set\experiments/../logs
2023-09-04 15:45:10,377 INFO _explainer __init__ You can call function explainer.load_results(results_path="") to load trained results if exist
2023-09-04 15:47:00,906 INFO _explainer ref_explain Reference model analysis
2023-09-04 15:47:00,906 INFO _explainer ref_explain Calculating main effect, joint effect and FIS for the reference model
2023-09-04 15:47:00,951 INFO _explainer ref_explain main effects calculated and can be called by explainer.ref_analysis[ref_main_effects]
2023-09-04 15:47:00,952 INFO _explainer ref_explain features with importance 0 are excluded, including []
2023-09-04 15:47:01,016 INFO _explainer _get_ref_fis joint effects calculated and can be called by explainer.ref_joint_effects
2023-09-04 15:47:01,016 INFO _explainer ref_explain FIS calculated and can be called by explainer.ref_analysis
2023-09-04 15:47:01,017 INFO _explainer ref_explain Calculation done
2023-09-04 15:47:01,960 INFO _explainer rset_explain Start exploring the possible models
2023-09-04 15:47:01,961 INFO _explainer _explore_m_in_R Searching models in the Rashomon set ...
2023-09-04 15:47:01,962 INFO _general_utils greedy_search Feature 0 at boundary 0.0 * epsilon with m 1 achieves loss difference 0.0
2023-09-04 15:47:01,963 INFO _general_utils greedy_search Feature 0 at boundary 0.0 * epsilon with m 1 achieves loss difference 0.0
2023-09-04 15:47:01,964 INFO _general_utils greedy_search Feature 0 at boundary 0.0 * epsilon with m 1 achieves loss difference 0.0
2023-09-04 15:47:01,965 INFO _general_utils greedy_search Feature 0 at boundary 0.0 * epsilon with m 1 achieves loss difference 0.0
2023-09-04 15:47:01,976 INFO _general_utils greedy_search Feature 0 at boundary 0.1 * epsilon with m 1.1 achieves loss difference 0.0
2023-09-04 15:47:01,977 INFO _general_utils greedy_search Feature 0 at boundary 0.1 * epsilon with m 1.1 achieves loss difference 0.012889781359013523
2023-09-04 15:47:01,988 INFO _general_utils greedy_search Feature 0 at boundary 0.1 * epsilon with m 1.11 achieves loss difference 0.0
2023-09-04 15:47:02,000 INFO _general_utils greedy_search Feature 0 at boundary 0.1 * epsilon with m 1.12 achieves loss difference 0.0
2023-09-04 15:47:02,001 INFO _general_utils greedy_search Feature 0 at boundary 0.1 * epsilon with m 1.12 achieves loss difference 0.0016141527942665932
2023-09-04 15:47:02,012 INFO _general_utils greedy_search Feature 0 at boundary 0.1 * epsilon with m 1.121 achieves loss difference 0.0
2023-09-04 15:47:02,024 INFO _general_utils greedy_search Feature 0 at boundary 0.1 * epsilon with m 1.1219999999999999 achieves loss difference 0.0
2023-09-04 15:47:02,039 INFO _general_utils greedy_search Feature 0 at boundary 0.1 * epsilon with m 1.1229999999999998 achieves loss difference 0.0
2023-09-04 15:47:02,052 INFO _general_utils greedy_search Feature 0 at boundary 0.1 * epsilon with m 1.1239999999999997 achieves loss difference 0.0
2023-09-04 15:47:02,065 INFO _general_utils greedy_search Feature 0 at boundary 0.1 * epsilon with m 1.1249999999999996 achieves loss difference 0.0
2023-09-04 15:47:02,066 INFO _general_utils greedy_search Feature 0 at boundary 0.1 * epsilon with m 1.1249999999999996 achieves loss difference 0.0016141527942665932
2023-09-04 15:47:02,067 INFO _general_utils greedy_search Feature 0 at boundary 0.1 * epsilon with m 1.1249999999999996 achieves loss difference 0.0016141527942665932
2023-09-04 15:47:02,069 INFO _general_utils greedy_search Feature 0 at boundary 0.2 * epsilon with m 1.1249999999999996 achieves loss difference 0.012889781359013523
2023-09-04 15:47:02,070 INFO _general_utils greedy_search Feature 0 at boundary 0.2 * epsilon with m 1.1249999999999996 achieves loss difference 0.0016141527942665932
2023-09-04 15:47:02,071 INFO _general_utils greedy_search Feature 0 at boundary 0.2 * epsilon with m 1.1249999999999996 achieves loss difference 0.0016141527942665932
2023-09-04 15:47:02,072 INFO _general_utils greedy_search Feature 0 at boundary 0.2 * epsilon with m 1.1249999999999996 achieves loss difference 0.0016141527942665932
2023-09-04 15:47:02,073 INFO _general_utils greedy_search Feature 0 at boundary 0.30000000000000004 * epsilon with m 1.1249999999999996 achieves loss difference 0.012889781359013523
2023-09-04 15:47:02,074 INFO _general_utils greedy_search Feature 0 at boundary 0.30000000000000004 * epsilon with m 1.1249999999999996 achieves loss difference 0.0016141527942665932
2023-09-04 15:47:02,075 INFO _general_utils greedy_search Feature 0 at boundary 0.30000000000000004 * epsilon with m 1.1249999999999996 achieves loss difference 0.0016141527942665932
2023-09-04 15:47:02,076 INFO _general_utils greedy_search Feature 0 at boundary 0.30000000000000004 * epsilon with m 1.1249999999999996 achieves loss difference 0.0016141527942665932
2023-09-04 15:47:02,077 INFO _general_utils greedy_search Feature 0 at boundary 0.4 * epsilon with m 1.1249999999999996 achieves loss difference 0.012889781359013523
2023-09-04 15:47:02,078 INFO _general_utils greedy_search Feature 0 at boundary 0.4 * epsilon with m 1.1249999999999996 achieves loss difference 0.0016141527942665932
2023-09-04 15:47:02,079 INFO _general_utils greedy_search Feature 0 at boundary 0.4 * epsilon with m 1.1249999999999996 achieves loss difference 0.0016141527942665932
2023-09-04 15:47:02,080 INFO _general_utils greedy_search Feature 0 at boundary 0.4 * epsilon with m 1.1249999999999996 achieves loss difference 0.0016141527942665932
2023-09-04 15:47:02,081 INFO _general_utils greedy_search Feature 0 at boundary 0.5 * epsilon with m 1.1249999999999996 achieves loss difference 0.012889781359013523
2023-09-04 15:47:02,082 INFO _general_utils greedy_search Feature 0 at boundary 0.5 * epsilon with m 1.1249999999999996 achieves loss difference 0.0016141527942665932
2023-09-04 15:47:02,083 INFO _general_utils greedy_search Feature 0 at boundary 0.5 * epsilon with m 1.1249999999999996 achieves loss difference 0.0016141527942665932
2023-09-04 15:47:02,084 INFO _general_utils greedy_search Feature 0 at boundary 0.5 * epsilon with m 1.1249999999999996 achieves loss difference 0.0016141527942665932
2023-09-04 15:47:02,085 INFO _general_utils greedy_search Feature 0 at boundary 0.6000000000000001 * epsilon with m 1.1249999999999996 achieves loss difference 0.012889781359013523
2023-09-04 15:47:02,086 INFO _general_utils greedy_search Feature 0 at boundary 0.6000000000000001 * epsilon with m 1.1249999999999996 achieves loss difference 0.0016141527942665932
2023-09-04 15:47:02,087 INFO _general_utils greedy_search Feature 0 at boundary 0.6000000000000001 * epsilon with m 1.1249999999999996 achieves loss difference 0.0016141527942665932
2023-09-04 15:47:02,088 INFO _general_utils greedy_search Feature 0 at boundary 0.6000000000000001 * epsilon with m 1.1249999999999996 achieves loss difference 0.0016141527942665932
2023-09-04 15:47:02,089 INFO _general_utils greedy_search Feature 0 at boundary 0.7000000000000001 * epsilon with m 1.1249999999999996 achieves loss difference 0.012889781359013523
2023-09-04 15:47:02,090 INFO _general_utils greedy_search Feature 0 at boundary 0.7000000000000001 * epsilon with m 1.1249999999999996 achieves loss difference 0.0016141527942665932
2023-09-04 15:47:02,092 INFO _general_utils greedy_search Feature 0 at boundary 0.7000000000000001 * epsilon with m 1.1249999999999996 achieves loss difference 0.0016141527942665932
2023-09-04 15:47:02,093 INFO _general_utils greedy_search Feature 0 at boundary 0.7000000000000001 * epsilon with m 1.1249999999999996 achieves loss difference 0.0016141527942665932
2023-09-04 15:47:02,094 INFO _general_utils greedy_search Feature 0 at boundary 0.8 * epsilon with m 1.1249999999999996 achieves loss difference 0.012889781359013523
2023-09-04 15:47:02,095 INFO _general_utils greedy_search Feature 0 at boundary 0.8 * epsilon with m 1.1249999999999996 achieves loss difference 0.0016141527942665932
2023-09-04 15:47:02,096 INFO _general_utils greedy_search Feature 0 at boundary 0.8 * epsilon with m 1.1249999999999996 achieves loss difference 0.0016141527942665932
2023-09-04 15:47:02,097 INFO _general_utils greedy_search Feature 0 at boundary 0.8 * epsilon with m 1.1249999999999996 achieves loss difference 0.0016141527942665932
2023-09-04 15:47:02,098 INFO _general_utils greedy_search Feature 0 at boundary 0.9 * epsilon with m 1.1249999999999996 achieves loss difference 0.012889781359013523
2023-09-04 15:47:02,099 INFO _general_utils greedy_search Feature 0 at boundary 0.9 * epsilon with m 1.1249999999999996 achieves loss difference 0.0016141527942665932
2023-09-04 15:47:02,100 INFO _general_utils greedy_search Feature 0 at boundary 0.9 * epsilon with m 1.1249999999999996 achieves loss difference 0.0016141527942665932
2023-09-04 15:47:02,101 INFO _general_utils greedy_search Feature 0 at boundary 0.9 * epsilon with m 1.1249999999999996 achieves loss difference 0.0016141527942665932
2023-09-04 15:47:02,102 INFO _general_utils greedy_search Feature 0 at boundary 1.0 * epsilon with m 1.1249999999999996 achieves loss difference 0.012889781359013523
2023-09-04 15:47:02,102 INFO _general_utils greedy_search Feature 0 at boundary 1.0 * epsilon with m 1.1249999999999996 achieves loss difference 0.0016141527942665932
2023-09-04 15:47:02,103 INFO _general_utils greedy_search Feature 0 at boundary 1.0 * epsilon with m 1.1249999999999996 achieves loss difference 0.0016141527942665932
2023-09-04 15:47:02,104 INFO _general_utils greedy_search Feature 0 at boundary 1.0 * epsilon with m 1.1249999999999996 achieves loss difference 0.0016141527942665932
2023-09-04 15:47:02,105 INFO _general_utils greedy_search Feature 0 at boundary 0.0 * epsilon with m 1 achieves loss difference 0.02712158078002201
2023-09-04 15:47:02,106 INFO _general_utils greedy_search Feature 0 at boundary 0.0 * epsilon with m 1 achieves loss difference 0.02712158078002201
2023-09-04 15:47:02,107 INFO _general_utils greedy_search Feature 0 at boundary 0.0 * epsilon with m 1 achieves loss difference 0.02712158078002201
2023-09-04 15:47:02,108 INFO _general_utils greedy_search Feature 0 at boundary 0.0 * epsilon with m 1 achieves loss difference 0.02712158078002201
2023-09-04 15:47:02,109 INFO _general_utils greedy_search Feature 0 at boundary 0.1 * epsilon with m 1 achieves loss difference 0.02712158078002201
2023-09-04 15:47:02,110 INFO _general_utils greedy_search Feature 0 at boundary 0.1 * epsilon with m 1 achieves loss difference 0.02712158078002201
2023-09-04 15:47:02,110 INFO _general_utils greedy_search Feature 0 at boundary 0.1 * epsilon with m 1 achieves loss difference 0.02712158078002201
2023-09-04 15:47:02,111 INFO _general_utils greedy_search Feature 0 at boundary 0.1 * epsilon with m 1 achieves loss difference 0.02712158078002201
2023-09-04 15:47:02,112 INFO _general_utils greedy_search Feature 0 at boundary 0.2 * epsilon with m 1 achieves loss difference 0.02712158078002201
2023-09-04 15:47:02,114 INFO _general_utils greedy_search Feature 0 at boundary 0.2 * epsilon with m 1 achieves loss difference 0.02712158078002201
2023-09-04 15:47:02,114 INFO _general_utils greedy_search Feature 0 at boundary 0.2 * epsilon with m 1 achieves loss difference 0.02712158078002201
2023-09-04 15:47:02,115 INFO _general_utils greedy_search Feature 0 at boundary 0.2 * epsilon with m 1 achieves loss difference 0.02712158078002201
2023-09-04 15:47:02,116 INFO _general_utils greedy_search Feature 0 at boundary 0.30000000000000004 * epsilon with m 1 achieves loss difference 0.02712158078002201
2023-09-04 15:47:02,117 INFO _general_utils greedy_search Feature 0 at boundary 0.30000000000000004 * epsilon with m 1 achieves loss difference 0.02712158078002201
2023-09-04 15:47:02,118 INFO _general_utils greedy_search Feature 0 at boundary 0.30000000000000004 * epsilon with m 1 achieves loss difference 0.02712158078002201
2023-09-04 15:47:02,119 INFO _general_utils greedy_search Feature 0 at boundary 0.30000000000000004 * epsilon with m 1 achieves loss difference 0.02712158078002201
2023-09-04 15:47:02,120 INFO _general_utils greedy_search Feature 0 at boundary 0.4 * epsilon with m 1 achieves loss difference 0.02712158078002201
2023-09-04 15:47:02,121 INFO _general_utils greedy_search Feature 0 at boundary 0.4 * epsilon with m 1 achieves loss difference 0.02712158078002201
2023-09-04 15:47:02,122 INFO _general_utils greedy_search Feature 0 at boundary 0.4 * epsilon with m 1 achieves loss difference 0.02712158078002201
2023-09-04 15:47:02,123 INFO _general_utils greedy_search Feature 0 at boundary 0.4 * epsilon with m 1 achieves loss difference 0.02712158078002201
2023-09-04 15:47:02,124 INFO _general_utils greedy_search Feature 0 at boundary 0.5 * epsilon with m 1 achieves loss difference 0.02712158078002201
2023-09-04 15:47:02,125 INFO _general_utils greedy_search Feature 0 at boundary 0.5 * epsilon with m 1 achieves loss difference 0.02712158078002201
2023-09-04 15:47:02,126 INFO _general_utils greedy_search Feature 0 at boundary 0.5 * epsilon with m 1 achieves loss difference 0.02712158078002201
2023-09-04 15:47:02,127 INFO _general_utils greedy_search Feature 0 at boundary 0.5 * epsilon with m 1 achieves loss difference 0.02712158078002201
2023-09-04 15:47:02,128 INFO _general_utils greedy_search Feature 0 at boundary 0.6000000000000001 * epsilon with m 1 achieves loss difference 0.02712158078002201
2023-09-04 15:47:02,129 INFO _general_utils greedy_search Feature 0 at boundary 0.6000000000000001 * epsilon with m 1 achieves loss difference 0.02712158078002201
2023-09-04 15:47:02,130 INFO _general_utils greedy_search Feature 0 at boundary 0.6000000000000001 * epsilon with m 1 achieves loss difference 0.02712158078002201
2023-09-04 15:47:02,131 INFO _general_utils greedy_search Feature 0 at boundary 0.6000000000000001 * epsilon with m 1 achieves loss difference 0.02712158078002201
2023-09-04 15:47:02,131 INFO _general_utils greedy_search Feature 0 at boundary 0.7000000000000001 * epsilon with m 1 achieves loss difference 0.02712158078002201
2023-09-04 15:47:02,133 INFO _general_utils greedy_search Feature 0 at boundary 0.7000000000000001 * epsilon with m 1 achieves loss difference 0.02712158078002201
2023-09-04 15:47:02,134 INFO _general_utils greedy_search Feature 0 at boundary 0.7000000000000001 * epsilon with m 1 achieves loss difference 0.02712158078002201
2023-09-04 15:47:02,135 INFO _general_utils greedy_search Feature 0 at boundary 0.7000000000000001 * epsilon with m 1 achieves loss difference 0.02712158078002201
2023-09-04 15:47:02,136 INFO _general_utils greedy_search Feature 0 at boundary 0.8 * epsilon with m 1 achieves loss difference 0.02712158078002201
2023-09-04 15:47:02,137 INFO _general_utils greedy_search Feature 0 at boundary 0.8 * epsilon with m 1 achieves loss difference 0.02712158078002201
2023-09-04 15:47:02,138 INFO _general_utils greedy_search Feature 0 at boundary 0.8 * epsilon with m 1 achieves loss difference 0.02712158078002201
2023-09-04 15:47:02,139 INFO _general_utils greedy_search Feature 0 at boundary 0.8 * epsilon with m 1 achieves loss difference 0.02712158078002201
2023-09-04 15:47:02,140 INFO _general_utils greedy_search Feature 0 at boundary 0.9 * epsilon with m 1 achieves loss difference 0.02712158078002201
2023-09-04 15:47:02,141 INFO _general_utils greedy_search Feature 0 at boundary 0.9 * epsilon with m 1 achieves loss difference 0.02712158078002201
2023-09-04 15:47:02,141 INFO _general_utils greedy_search Feature 0 at boundary 0.9 * epsilon with m 1 achieves loss difference 0.02712158078002201
2023-09-04 15:47:02,142 INFO _general_utils greedy_search Feature 0 at boundary 0.9 * epsilon with m 1 achieves loss difference 0.02712158078002201
2023-09-04 15:47:02,143 INFO _general_utils greedy_search Feature 0 at boundary 1.0 * epsilon with m 1 achieves loss difference 0.02712158078002201
2023-09-04 15:47:02,144 INFO _general_utils greedy_search Feature 0 at boundary 1.0 * epsilon with m 1 achieves loss difference 0.02712158078002201
2023-09-04 15:47:02,145 INFO _general_utils greedy_search Feature 0 at boundary 1.0 * epsilon with m 1 achieves loss difference 0.02712158078002201
2023-09-04 15:47:02,146 INFO _general_utils greedy_search Feature 0 at boundary 1.0 * epsilon with m 1 achieves loss difference 0.02712158078002201
2023-09-04 15:47:02,147 INFO _general_utils greedy_search Feature 1 at boundary 0.0 * epsilon with m 1 achieves loss difference 0.0
2023-09-04 15:47:02,148 INFO _general_utils greedy_search Feature 1 at boundary 0.0 * epsilon with m 1 achieves loss difference 0.0
2023-09-04 15:47:02,149 INFO _general_utils greedy_search Feature 1 at boundary 0.0 * epsilon with m 1 achieves loss difference 0.0
2023-09-04 15:47:02,150 INFO _general_utils greedy_search Feature 1 at boundary 0.0 * epsilon with m 1 achieves loss difference 0.0
2023-09-04 15:47:02,161 INFO _general_utils greedy_search Feature 1 at boundary 0.1 * epsilon with m 1.1 achieves loss difference 0.0
2023-09-04 15:47:02,175 INFO _general_utils greedy_search Feature 1 at boundary 0.1 * epsilon with m 1.2000000000000002 achieves loss difference 0.0
2023-09-04 15:47:02,187 INFO _general_utils greedy_search Feature 1 at boundary 0.1 * epsilon with m 1.3000000000000003 achieves loss difference 0.0
2023-09-04 15:47:02,198 INFO _general_utils greedy_search Feature 1 at boundary 0.1 * epsilon with m 1.4000000000000004 achieves loss difference 0.0
2023-09-04 15:47:02,211 INFO _general_utils greedy_search Feature 1 at boundary 0.1 * epsilon with m 1.5000000000000004 achieves loss difference 0.0
2023-09-04 15:47:02,224 INFO _general_utils greedy_search Feature 1 at boundary 0.1 * epsilon with m 1.6000000000000005 achieves loss difference 0.0
2023-09-04 15:47:02,236 INFO _general_utils greedy_search Feature 1 at boundary 0.1 * epsilon with m 1.7000000000000006 achieves loss difference 0.0
2023-09-04 15:47:02,248 INFO _general_utils greedy_search Feature 1 at boundary 0.1 * epsilon with m 1.8000000000000007 achieves loss difference 0.0
2023-09-04 15:47:02,261 INFO _general_utils greedy_search Feature 1 at boundary 0.1 * epsilon with m 1.9000000000000008 achieves loss difference 0.0
2023-09-04 15:47:02,262 INFO _general_utils greedy_search Feature 1 at boundary 0.1 * epsilon with m 1.9000000000000008 achieves loss difference 0.005302233934256777
2023-09-04 15:47:02,272 INFO _general_utils greedy_search Feature 1 at boundary 0.1 * epsilon with m 1.9100000000000008 achieves loss difference 0.0
2023-09-04 15:47:02,285 INFO _general_utils greedy_search Feature 1 at boundary 0.1 * epsilon with m 1.9200000000000008 achieves loss difference 0.0
2023-09-04 15:47:02,298 INFO _general_utils greedy_search Feature 1 at boundary 0.1 * epsilon with m 1.9300000000000008 achieves loss difference 0.0
2023-09-04 15:47:02,311 INFO _general_utils greedy_search Feature 1 at boundary 0.1 * epsilon with m 1.9400000000000008 achieves loss difference 0.0
2023-09-04 15:47:02,323 INFO _general_utils greedy_search Feature 1 at boundary 0.1 * epsilon with m 1.9500000000000008 achieves loss difference 0.0
2023-09-04 15:47:02,336 INFO _general_utils greedy_search Feature 1 at boundary 0.1 * epsilon with m 1.9600000000000009 achieves loss difference 0.0
2023-09-04 15:47:02,350 INFO _general_utils greedy_search Feature 1 at boundary 0.1 * epsilon with m 1.9700000000000009 achieves loss difference 0.0
2023-09-04 15:47:02,363 INFO _general_utils greedy_search Feature 1 at boundary 0.1 * epsilon with m 1.9800000000000009 achieves loss difference 0.0
2023-09-04 15:47:02,375 INFO _general_utils greedy_search Feature 1 at boundary 0.1 * epsilon with m 1.9900000000000009 achieves loss difference 0.0
2023-09-04 15:47:02,376 INFO _general_utils greedy_search Feature 1 at boundary 0.1 * epsilon with m 1.9900000000000009 achieves loss difference 0.005302233934256777
2023-09-04 15:47:02,387 INFO _general_utils greedy_search Feature 1 at boundary 0.1 * epsilon with m 1.9910000000000008 achieves loss difference 0.0
2023-09-04 15:47:02,397 INFO _general_utils greedy_search Feature 1 at boundary 0.1 * epsilon with m 1.9920000000000007 achieves loss difference 0.0
2023-09-04 15:47:02,407 INFO _general_utils greedy_search Feature 1 at boundary 0.1 * epsilon with m 1.9930000000000005 achieves loss difference 0.0
2023-09-04 15:47:02,421 INFO _general_utils greedy_search Feature 1 at boundary 0.1 * epsilon with m 1.9940000000000004 achieves loss difference 0.0
2023-09-04 15:47:02,434 INFO _general_utils greedy_search Feature 1 at boundary 0.1 * epsilon with m 1.9950000000000003 achieves loss difference 0.0
2023-09-04 15:47:02,447 INFO _general_utils greedy_search Feature 1 at boundary 0.1 * epsilon with m 1.9960000000000002 achieves loss difference 0.0
2023-09-04 15:47:02,460 INFO _general_utils greedy_search Feature 1 at boundary 0.1 * epsilon with m 1.997 achieves loss difference 0.0
2023-09-04 15:47:02,471 INFO _general_utils greedy_search Feature 1 at boundary 0.1 * epsilon with m 1.998 achieves loss difference 0.0
2023-09-04 15:47:02,482 INFO _general_utils greedy_search Feature 1 at boundary 0.1 * epsilon with m 1.9989999999999999 achieves loss difference 0.0
2023-09-04 15:47:02,494 INFO _general_utils greedy_search Feature 1 at boundary 0.1 * epsilon with m 1.9999999999999998 achieves loss difference 0.0
2023-09-04 15:47:02,496 INFO _general_utils greedy_search Feature 1 at boundary 0.1 * epsilon with m 1.9999999999999998 achieves loss difference 0.005302233934256777
2023-09-04 15:47:02,497 INFO _general_utils greedy_search Feature 1 at boundary 0.1 * epsilon with m 1.9999999999999998 achieves loss difference 0.005302233934256777
2023-09-04 15:47:02,497 INFO _general_utils greedy_search Feature 1 at boundary 0.2 * epsilon with m 1.9999999999999998 achieves loss difference 0.005302233934256777
2023-09-04 15:47:02,498 INFO _general_utils greedy_search Feature 1 at boundary 0.2 * epsilon with m 1.9999999999999998 achieves loss difference 0.005302233934256777
2023-09-04 15:47:02,499 INFO _general_utils greedy_search Feature 1 at boundary 0.2 * epsilon with m 1.9999999999999998 achieves loss difference 0.005302233934256777
2023-09-04 15:47:02,500 INFO _general_utils greedy_search Feature 1 at boundary 0.2 * epsilon with m 1.9999999999999998 achieves loss difference 0.005302233934256777
2023-09-04 15:47:02,502 INFO _general_utils greedy_search Feature 1 at boundary 0.30000000000000004 * epsilon with m 1.9999999999999998 achieves loss difference 0.005302233934256777
2023-09-04 15:47:02,503 INFO _general_utils greedy_search Feature 1 at boundary 0.30000000000000004 * epsilon with m 1.9999999999999998 achieves loss difference 0.005302233934256777
2023-09-04 15:47:02,504 INFO _general_utils greedy_search Feature 1 at boundary 0.30000000000000004 * epsilon with m 1.9999999999999998 achieves loss difference 0.005302233934256777
2023-09-04 15:47:02,504 INFO _general_utils greedy_search Feature 1 at boundary 0.30000000000000004 * epsilon with m 1.9999999999999998 achieves loss difference 0.005302233934256777
2023-09-04 15:47:02,505 INFO _general_utils greedy_search Feature 1 at boundary 0.4 * epsilon with m 1.9999999999999998 achieves loss difference 0.005302233934256777
2023-09-04 15:47:02,506 INFO _general_utils greedy_search Feature 1 at boundary 0.4 * epsilon with m 1.9999999999999998 achieves loss difference 0.005302233934256777
2023-09-04 15:47:02,507 INFO _general_utils greedy_search Feature 1 at boundary 0.4 * epsilon with m 1.9999999999999998 achieves loss difference 0.005302233934256777
2023-09-04 15:47:02,508 INFO _general_utils greedy_search Feature 1 at boundary 0.4 * epsilon with m 1.9999999999999998 achieves loss difference 0.005302233934256777
2023-09-04 15:47:02,509 INFO _general_utils greedy_search Feature 1 at boundary 0.5 * epsilon with m 1.9999999999999998 achieves loss difference 0.005302233934256777
2023-09-04 15:47:02,510 INFO _general_utils greedy_search Feature 1 at boundary 0.5 * epsilon with m 1.9999999999999998 achieves loss difference 0.005302233934256777
2023-09-04 15:47:02,511 INFO _general_utils greedy_search Feature 1 at boundary 0.5 * epsilon with m 1.9999999999999998 achieves loss difference 0.005302233934256777
2023-09-04 15:47:02,512 INFO _general_utils greedy_search Feature 1 at boundary 0.5 * epsilon with m 1.9999999999999998 achieves loss difference 0.005302233934256777
2023-09-04 15:47:02,513 INFO _general_utils greedy_search Feature 1 at boundary 0.6000000000000001 * epsilon with m 1.9999999999999998 achieves loss difference 0.005302233934256777
2023-09-04 15:47:02,514 INFO _general_utils greedy_search Feature 1 at boundary 0.6000000000000001 * epsilon with m 1.9999999999999998 achieves loss difference 0.005302233934256777
2023-09-04 15:47:02,515 INFO _general_utils greedy_search Feature 1 at boundary 0.6000000000000001 * epsilon with m 1.9999999999999998 achieves loss difference 0.005302233934256777
2023-09-04 15:47:02,516 INFO _general_utils greedy_search Feature 1 at boundary 0.6000000000000001 * epsilon with m 1.9999999999999998 achieves loss difference 0.005302233934256777
2023-09-04 15:47:02,517 INFO _general_utils greedy_search Feature 1 at boundary 0.7000000000000001 * epsilon with m 1.9999999999999998 achieves loss difference 0.005302233934256777
2023-09-04 15:47:02,518 INFO _general_utils greedy_search Feature 1 at boundary 0.7000000000000001 * epsilon with m 1.9999999999999998 achieves loss difference 0.005302233934256777
2023-09-04 15:47:02,519 INFO _general_utils greedy_search Feature 1 at boundary 0.7000000000000001 * epsilon with m 1.9999999999999998 achieves loss difference 0.005302233934256777
2023-09-04 15:47:02,520 INFO _general_utils greedy_search Feature 1 at boundary 0.7000000000000001 * epsilon with m 1.9999999999999998 achieves loss difference 0.005302233934256777
2023-09-04 15:47:02,521 INFO _general_utils greedy_search Feature 1 at boundary 0.8 * epsilon with m 1.9999999999999998 achieves loss difference 0.005302233934256777
2023-09-04 15:47:02,522 INFO _general_utils greedy_search Feature 1 at boundary 0.8 * epsilon with m 1.9999999999999998 achieves loss difference 0.005302233934256777
2023-09-04 15:47:02,523 INFO _general_utils greedy_search Feature 1 at boundary 0.8 * epsilon with m 1.9999999999999998 achieves loss difference 0.005302233934256777
2023-09-04 15:47:02,524 INFO _general_utils greedy_search Feature 1 at boundary 0.8 * epsilon with m 1.9999999999999998 achieves loss difference 0.005302233934256777
2023-09-04 15:47:02,525 INFO _general_utils greedy_search Feature 1 at boundary 0.9 * epsilon with m 1.9999999999999998 achieves loss difference 0.005302233934256777
2023-09-04 15:47:02,525 INFO _general_utils greedy_search Feature 1 at boundary 0.9 * epsilon with m 1.9999999999999998 achieves loss difference 0.005302233934256777
2023-09-04 15:47:02,526 INFO _general_utils greedy_search Feature 1 at boundary 0.9 * epsilon with m 1.9999999999999998 achieves loss difference 0.005302233934256777
2023-09-04 15:47:02,527 INFO _general_utils greedy_search Feature 1 at boundary 0.9 * epsilon with m 1.9999999999999998 achieves loss difference 0.005302233934256777
2023-09-04 15:47:02,528 INFO _general_utils greedy_search Feature 1 at boundary 1.0 * epsilon with m 1.9999999999999998 achieves loss difference 0.005302233934256777
2023-09-04 15:47:02,529 INFO _general_utils greedy_search Feature 1 at boundary 1.0 * epsilon with m 1.9999999999999998 achieves loss difference 0.005302233934256777
2023-09-04 15:47:02,530 INFO _general_utils greedy_search Feature 1 at boundary 1.0 * epsilon with m 1.9999999999999998 achieves loss difference 0.005302233934256777
2023-09-04 15:47:02,531 INFO _general_utils greedy_search Feature 1 at boundary 1.0 * epsilon with m 1.9999999999999998 achieves loss difference 0.005302233934256777
2023-09-04 15:47:02,532 INFO _general_utils greedy_search Feature 1 at boundary 0.0 * epsilon with m 1 achieves loss difference 0.0032741104833621517
2023-09-04 15:47:02,533 INFO _general_utils greedy_search Feature 1 at boundary 0.0 * epsilon with m 1 achieves loss difference 0.0032741104833621517
2023-09-04 15:47:02,534 INFO _general_utils greedy_search Feature 1 at boundary 0.0 * epsilon with m 1 achieves loss difference 0.0032741104833621517
2023-09-04 15:47:02,535 INFO _general_utils greedy_search Feature 1 at boundary 0.0 * epsilon with m 1 achieves loss difference 0.0032741104833621517
2023-09-04 15:47:02,536 INFO _general_utils greedy_search Feature 1 at boundary 0.1 * epsilon with m 1 achieves loss difference 0.0032741104833621517
2023-09-04 15:47:02,537 INFO _general_utils greedy_search Feature 1 at boundary 0.1 * epsilon with m 1 achieves loss difference 0.0032741104833621517
2023-09-04 15:47:02,538 INFO _general_utils greedy_search Feature 1 at boundary 0.1 * epsilon with m 1 achieves loss difference 0.0032741104833621517
2023-09-04 15:47:02,539 INFO _general_utils greedy_search Feature 1 at boundary 0.1 * epsilon with m 1 achieves loss difference 0.0032741104833621517
2023-09-04 15:47:02,540 INFO _general_utils greedy_search Feature 1 at boundary 0.2 * epsilon with m 1 achieves loss difference 0.0032741104833621517
2023-09-04 15:47:02,541 INFO _general_utils greedy_search Feature 1 at boundary 0.2 * epsilon with m 1 achieves loss difference 0.0032741104833621517
2023-09-04 15:47:02,542 INFO _general_utils greedy_search Feature 1 at boundary 0.2 * epsilon with m 1 achieves loss difference 0.0032741104833621517
2023-09-04 15:47:02,543 INFO _general_utils greedy_search Feature 1 at boundary 0.2 * epsilon with m 1 achieves loss difference 0.0032741104833621517
2023-09-04 15:47:02,544 INFO _general_utils greedy_search Feature 1 at boundary 0.30000000000000004 * epsilon with m 1 achieves loss difference 0.0032741104833621517
2023-09-04 15:47:02,545 INFO _general_utils greedy_search Feature 1 at boundary 0.30000000000000004 * epsilon with m 1 achieves loss difference 0.0032741104833621517
2023-09-04 15:47:02,545 INFO _general_utils greedy_search Feature 1 at boundary 0.30000000000000004 * epsilon with m 1 achieves loss difference 0.0032741104833621517
2023-09-04 15:47:02,546 INFO _general_utils greedy_search Feature 1 at boundary 0.30000000000000004 * epsilon with m 1 achieves loss difference 0.0032741104833621517
2023-09-04 15:47:02,547 INFO _general_utils greedy_search Feature 1 at boundary 0.4 * epsilon with m 1 achieves loss difference 0.0032741104833621517
2023-09-04 15:47:02,548 INFO _general_utils greedy_search Feature 1 at boundary 0.4 * epsilon with m 1 achieves loss difference 0.0032741104833621517
2023-09-04 15:47:02,549 INFO _general_utils greedy_search Feature 1 at boundary 0.4 * epsilon with m 1 achieves loss difference 0.0032741104833621517
2023-09-04 15:47:02,550 INFO _general_utils greedy_search Feature 1 at boundary 0.4 * epsilon with m 1 achieves loss difference 0.0032741104833621517
2023-09-04 15:47:02,551 INFO _general_utils greedy_search Feature 1 at boundary 0.5 * epsilon with m 1 achieves loss difference 0.0032741104833621517
2023-09-04 15:47:02,552 INFO _general_utils greedy_search Feature 1 at boundary 0.5 * epsilon with m 1 achieves loss difference 0.0032741104833621517
2023-09-04 15:47:02,553 INFO _general_utils greedy_search Feature 1 at boundary 0.5 * epsilon with m 1 achieves loss difference 0.0032741104833621517
2023-09-04 15:47:02,554 INFO _general_utils greedy_search Feature 1 at boundary 0.5 * epsilon with m 1 achieves loss difference 0.0032741104833621517
2023-09-04 15:47:02,555 INFO _general_utils greedy_search Feature 1 at boundary 0.6000000000000001 * epsilon with m 1 achieves loss difference 0.0032741104833621517
2023-09-04 15:47:02,556 INFO _general_utils greedy_search Feature 1 at boundary 0.6000000000000001 * epsilon with m 1 achieves loss difference 0.0032741104833621517
2023-09-04 15:47:02,557 INFO _general_utils greedy_search Feature 1 at boundary 0.6000000000000001 * epsilon with m 1 achieves loss difference 0.0032741104833621517
2023-09-04 15:47:02,558 INFO _general_utils greedy_search Feature 1 at boundary 0.6000000000000001 * epsilon with m 1 achieves loss difference 0.0032741104833621517
2023-09-04 15:47:02,559 INFO _general_utils greedy_search Feature 1 at boundary 0.7000000000000001 * epsilon with m 1 achieves loss difference 0.0032741104833621517
2023-09-04 15:47:02,560 INFO _general_utils greedy_search Feature 1 at boundary 0.7000000000000001 * epsilon with m 1 achieves loss difference 0.0032741104833621517
2023-09-04 15:47:02,561 INFO _general_utils greedy_search Feature 1 at boundary 0.7000000000000001 * epsilon with m 1 achieves loss difference 0.0032741104833621517
2023-09-04 15:47:02,562 INFO _general_utils greedy_search Feature 1 at boundary 0.7000000000000001 * epsilon with m 1 achieves loss difference 0.0032741104833621517
2023-09-04 15:47:02,563 INFO _general_utils greedy_search Feature 1 at boundary 0.8 * epsilon with m 1 achieves loss difference 0.0032741104833621517
2023-09-04 15:47:02,564 INFO _general_utils greedy_search Feature 1 at boundary 0.8 * epsilon with m 1 achieves loss difference 0.0032741104833621517
2023-09-04 15:47:02,565 INFO _general_utils greedy_search Feature 1 at boundary 0.8 * epsilon with m 1 achieves loss difference 0.0032741104833621517
2023-09-04 15:47:02,566 INFO _general_utils greedy_search Feature 1 at boundary 0.8 * epsilon with m 1 achieves loss difference 0.0032741104833621517
2023-09-04 15:47:02,567 INFO _general_utils greedy_search Feature 1 at boundary 0.9 * epsilon with m 1 achieves loss difference 0.0032741104833621517
2023-09-04 15:47:02,568 INFO _general_utils greedy_search Feature 1 at boundary 0.9 * epsilon with m 1 achieves loss difference 0.0032741104833621517
2023-09-04 15:47:02,569 INFO _general_utils greedy_search Feature 1 at boundary 0.9 * epsilon with m 1 achieves loss difference 0.0032741104833621517
2023-09-04 15:47:02,570 INFO _general_utils greedy_search Feature 1 at boundary 0.9 * epsilon with m 1 achieves loss difference 0.0032741104833621517
2023-09-04 15:47:02,571 INFO _general_utils greedy_search Feature 1 at boundary 1.0 * epsilon with m 1 achieves loss difference 0.0032741104833621517
2023-09-04 15:47:02,572 INFO _general_utils greedy_search Feature 1 at boundary 1.0 * epsilon with m 1 achieves loss difference 0.0032741104833621517
2023-09-04 15:47:02,573 INFO _general_utils greedy_search Feature 1 at boundary 1.0 * epsilon with m 1 achieves loss difference 0.0032741104833621517
2023-09-04 15:47:02,574 INFO _general_utils greedy_search Feature 1 at boundary 1.0 * epsilon with m 1 achieves loss difference 0.0032741104833621517
2023-09-04 15:47:02,575 INFO _general_utils greedy_search Feature 2 at boundary 0.0 * epsilon with m 1 achieves loss difference 0.0
2023-09-04 15:47:02,576 INFO _general_utils greedy_search Feature 2 at boundary 0.0 * epsilon with m 1 achieves loss difference 0.0
2023-09-04 15:47:02,577 INFO _general_utils greedy_search Feature 2 at boundary 0.0 * epsilon with m 1 achieves loss difference 0.0
2023-09-04 15:47:02,578 INFO _general_utils greedy_search Feature 2 at boundary 0.0 * epsilon with m 1 achieves loss difference 0.0
2023-09-04 15:47:02,590 INFO _general_utils greedy_search Feature 2 at boundary 0.1 * epsilon with m 1.1 achieves loss difference 0.0
2023-09-04 15:47:02,603 INFO _general_utils greedy_search Feature 2 at boundary 0.1 * epsilon with m 1.2000000000000002 achieves loss difference 0.0
2023-09-04 15:47:02,604 INFO _general_utils greedy_search Feature 2 at boundary 0.1 * epsilon with m 1.2000000000000002 achieves loss difference 0.0033178547373600388
2023-09-04 15:47:02,617 INFO _general_utils greedy_search Feature 2 at boundary 0.1 * epsilon with m 1.2100000000000002 achieves loss difference 0.0
2023-09-04 15:47:02,629 INFO _general_utils greedy_search Feature 2 at boundary 0.1 * epsilon with m 1.2200000000000002 achieves loss difference 0.0
2023-09-04 15:47:02,640 INFO _general_utils greedy_search Feature 2 at boundary 0.1 * epsilon with m 1.2300000000000002 achieves loss difference 0.0
2023-09-04 15:47:02,654 INFO _general_utils greedy_search Feature 2 at boundary 0.1 * epsilon with m 1.2400000000000002 achieves loss difference 0.0
2023-09-04 15:47:02,655 INFO _general_utils greedy_search Feature 2 at boundary 0.1 * epsilon with m 1.2400000000000002 achieves loss difference 0.0033178547373600388
2023-09-04 15:47:02,668 INFO _general_utils greedy_search Feature 2 at boundary 0.1 * epsilon with m 1.241 achieves loss difference 0.0
2023-09-04 15:47:02,681 INFO _general_utils greedy_search Feature 2 at boundary 0.1 * epsilon with m 1.242 achieves loss difference 0.0
2023-09-04 15:47:02,692 INFO _general_utils greedy_search Feature 2 at boundary 0.1 * epsilon with m 1.2429999999999999 achieves loss difference 0.0
2023-09-04 15:47:02,704 INFO _general_utils greedy_search Feature 2 at boundary 0.1 * epsilon with m 1.2439999999999998 achieves loss difference 0.0
2023-09-04 15:47:02,718 INFO _general_utils greedy_search Feature 2 at boundary 0.1 * epsilon with m 1.2449999999999997 achieves loss difference 0.0
2023-09-04 15:47:02,731 INFO _general_utils greedy_search Feature 2 at boundary 0.1 * epsilon with m 1.2459999999999996 achieves loss difference 0.0
2023-09-04 15:47:02,743 INFO _general_utils greedy_search Feature 2 at boundary 0.1 * epsilon with m 1.2469999999999994 achieves loss difference 0.0
2023-09-04 15:47:02,755 INFO _general_utils greedy_search Feature 2 at boundary 0.1 * epsilon with m 1.2479999999999993 achieves loss difference 0.0
2023-09-04 15:47:02,768 INFO _general_utils greedy_search Feature 2 at boundary 0.1 * epsilon with m 1.2489999999999992 achieves loss difference 0.0
2023-09-04 15:47:02,778 INFO _general_utils greedy_search Feature 2 at boundary 0.1 * epsilon with m 1.2499999999999991 achieves loss difference 0.0
2023-09-04 15:47:02,779 INFO _general_utils greedy_search Feature 2 at boundary 0.1 * epsilon with m 1.2499999999999991 achieves loss difference 0.0033178547373600388
2023-09-04 15:47:02,780 INFO _general_utils greedy_search Feature 2 at boundary 0.1 * epsilon with m 1.2499999999999991 achieves loss difference 0.0033178547373600388
2023-09-04 15:47:02,781 INFO _general_utils greedy_search Feature 2 at boundary 0.2 * epsilon with m 1.2499999999999991 achieves loss difference 0.006640841703991642
2023-09-04 15:47:02,782 INFO _general_utils greedy_search Feature 2 at boundary 0.2 * epsilon with m 1.2499999999999991 achieves loss difference 0.0033178547373600388
2023-09-04 15:47:02,783 INFO _general_utils greedy_search Feature 2 at boundary 0.2 * epsilon with m 1.2499999999999991 achieves loss difference 0.0033178547373600388
2023-09-04 15:47:02,784 INFO _general_utils greedy_search Feature 2 at boundary 0.2 * epsilon with m 1.2499999999999991 achieves loss difference 0.0033178547373600388
2023-09-04 15:47:02,785 INFO _general_utils greedy_search Feature 2 at boundary 0.30000000000000004 * epsilon with m 1.2499999999999991 achieves loss difference 0.006640841703991642
2023-09-04 15:47:02,786 INFO _general_utils greedy_search Feature 2 at boundary 0.30000000000000004 * epsilon with m 1.2499999999999991 achieves loss difference 0.0033178547373600388
2023-09-04 15:47:02,787 INFO _general_utils greedy_search Feature 2 at boundary 0.30000000000000004 * epsilon with m 1.2499999999999991 achieves loss difference 0.0033178547373600388
2023-09-04 15:47:02,788 INFO _general_utils greedy_search Feature 2 at boundary 0.30000000000000004 * epsilon with m 1.2499999999999991 achieves loss difference 0.0033178547373600388
2023-09-04 15:47:02,789 INFO _general_utils greedy_search Feature 2 at boundary 0.4 * epsilon with m 1.2499999999999991 achieves loss difference 0.006640841703991642
2023-09-04 15:47:02,790 INFO _general_utils greedy_search Feature 2 at boundary 0.4 * epsilon with m 1.2499999999999991 achieves loss difference 0.0033178547373600388
2023-09-04 15:47:02,791 INFO _general_utils greedy_search Feature 2 at boundary 0.4 * epsilon with m 1.2499999999999991 achieves loss difference 0.0033178547373600388
2023-09-04 15:47:02,792 INFO _general_utils greedy_search Feature 2 at boundary 0.4 * epsilon with m 1.2499999999999991 achieves loss difference 0.0033178547373600388
2023-09-04 15:47:02,793 INFO _general_utils greedy_search Feature 2 at boundary 0.5 * epsilon with m 1.2499999999999991 achieves loss difference 0.006640841703991642
2023-09-04 15:47:02,794 INFO _general_utils greedy_search Feature 2 at boundary 0.5 * epsilon with m 1.2499999999999991 achieves loss difference 0.0033178547373600388
2023-09-04 15:47:02,795 INFO _general_utils greedy_search Feature 2 at boundary 0.5 * epsilon with m 1.2499999999999991 achieves loss difference 0.0033178547373600388
2023-09-04 15:47:02,796 INFO _general_utils greedy_search Feature 2 at boundary 0.5 * epsilon with m 1.2499999999999991 achieves loss difference 0.0033178547373600388
2023-09-04 15:47:02,797 INFO _general_utils greedy_search Feature 2 at boundary 0.6000000000000001 * epsilon with m 1.2499999999999991 achieves loss difference 0.006640841703991642
2023-09-04 15:47:02,798 INFO _general_utils greedy_search Feature 2 at boundary 0.6000000000000001 * epsilon with m 1.2499999999999991 achieves loss difference 0.0033178547373600388
2023-09-04 15:47:02,800 INFO _general_utils greedy_search Feature 2 at boundary 0.6000000000000001 * epsilon with m 1.2499999999999991 achieves loss difference 0.0033178547373600388
2023-09-04 15:47:02,800 INFO _general_utils greedy_search Feature 2 at boundary 0.6000000000000001 * epsilon with m 1.2499999999999991 achieves loss difference 0.0033178547373600388
2023-09-04 15:47:02,801 INFO _general_utils greedy_search Feature 2 at boundary 0.7000000000000001 * epsilon with m 1.2499999999999991 achieves loss difference 0.006640841703991642
2023-09-04 15:47:02,803 INFO _general_utils greedy_search Feature 2 at boundary 0.7000000000000001 * epsilon with m 1.2499999999999991 achieves loss difference 0.0033178547373600388
2023-09-04 15:47:02,804 INFO _general_utils greedy_search Feature 2 at boundary 0.7000000000000001 * epsilon with m 1.2499999999999991 achieves loss difference 0.0033178547373600388
2023-09-04 15:47:02,805 INFO _general_utils greedy_search Feature 2 at boundary 0.7000000000000001 * epsilon with m 1.2499999999999991 achieves loss difference 0.0033178547373600388
2023-09-04 15:47:02,806 INFO _general_utils greedy_search Feature 2 at boundary 0.8 * epsilon with m 1.2499999999999991 achieves loss difference 0.006640841703991642
2023-09-04 15:47:02,807 INFO _general_utils greedy_search Feature 2 at boundary 0.8 * epsilon with m 1.2499999999999991 achieves loss difference 0.0033178547373600388
2023-09-04 15:47:02,808 INFO _general_utils greedy_search Feature 2 at boundary 0.8 * epsilon with m 1.2499999999999991 achieves loss difference 0.0033178547373600388
2023-09-04 15:47:02,809 INFO _general_utils greedy_search Feature 2 at boundary 0.8 * epsilon with m 1.2499999999999991 achieves loss difference 0.0033178547373600388
2023-09-04 15:47:02,811 INFO _general_utils greedy_search Feature 2 at boundary 0.9 * epsilon with m 1.2499999999999991 achieves loss difference 0.006640841703991642
2023-09-04 15:47:02,812 INFO _general_utils greedy_search Feature 2 at boundary 0.9 * epsilon with m 1.2499999999999991 achieves loss difference 0.0033178547373600388
2023-09-04 15:47:02,813 INFO _general_utils greedy_search Feature 2 at boundary 0.9 * epsilon with m 1.2499999999999991 achieves loss difference 0.0033178547373600388
2023-09-04 15:47:02,814 INFO _general_utils greedy_search Feature 2 at boundary 0.9 * epsilon with m 1.2499999999999991 achieves loss difference 0.0033178547373600388
2023-09-04 15:47:02,815 INFO _general_utils greedy_search Feature 2 at boundary 1.0 * epsilon with m 1.2499999999999991 achieves loss difference 0.006640841703991642
2023-09-04 15:47:02,815 INFO _general_utils greedy_search Feature 2 at boundary 1.0 * epsilon with m 1.2499999999999991 achieves loss difference 0.0033178547373600388
2023-09-04 15:47:02,816 INFO _general_utils greedy_search Feature 2 at boundary 1.0 * epsilon with m 1.2499999999999991 achieves loss difference 0.0033178547373600388
2023-09-04 15:47:02,818 INFO _general_utils greedy_search Feature 2 at boundary 1.0 * epsilon with m 1.2499999999999991 achieves loss difference 0.0033178547373600388
2023-09-04 15:47:02,818 INFO _general_utils greedy_search Feature 2 at boundary 0.0 * epsilon with m 1 achieves loss difference 0.011431397946888123
2023-09-04 15:47:02,819 INFO _general_utils greedy_search Feature 2 at boundary 0.0 * epsilon with m 1 achieves loss difference 0.011431397946888123
2023-09-04 15:47:02,820 INFO _general_utils greedy_search Feature 2 at boundary 0.0 * epsilon with m 1 achieves loss difference 0.011431397946888123
2023-09-04 15:47:02,821 INFO _general_utils greedy_search Feature 2 at boundary 0.0 * epsilon with m 1 achieves loss difference 0.011431397946888123
2023-09-04 15:47:02,822 INFO _general_utils greedy_search Feature 2 at boundary 0.1 * epsilon with m 1 achieves loss difference 0.011431397946888123
2023-09-04 15:47:02,823 INFO _general_utils greedy_search Feature 2 at boundary 0.1 * epsilon with m 1 achieves loss difference 0.011431397946888123
2023-09-04 15:47:02,824 INFO _general_utils greedy_search Feature 2 at boundary 0.1 * epsilon with m 1 achieves loss difference 0.011431397946888123
2023-09-04 15:47:02,825 INFO _general_utils greedy_search Feature 2 at boundary 0.1 * epsilon with m 1 achieves loss difference 0.011431397946888123
2023-09-04 15:47:02,827 INFO _general_utils greedy_search Feature 2 at boundary 0.2 * epsilon with m 1 achieves loss difference 0.011431397946888123
2023-09-04 15:47:02,828 INFO _general_utils greedy_search Feature 2 at boundary 0.2 * epsilon with m 1 achieves loss difference 0.011431397946888123
2023-09-04 15:47:02,829 INFO _general_utils greedy_search Feature 2 at boundary 0.2 * epsilon with m 1 achieves loss difference 0.011431397946888123
2023-09-04 15:47:02,830 INFO _general_utils greedy_search Feature 2 at boundary 0.2 * epsilon with m 1 achieves loss difference 0.011431397946888123
2023-09-04 15:47:02,831 INFO _general_utils greedy_search Feature 2 at boundary 0.30000000000000004 * epsilon with m 1 achieves loss difference 0.011431397946888123
2023-09-04 15:47:02,832 INFO _general_utils greedy_search Feature 2 at boundary 0.30000000000000004 * epsilon with m 1 achieves loss difference 0.011431397946888123
2023-09-04 15:47:02,833 INFO _general_utils greedy_search Feature 2 at boundary 0.30000000000000004 * epsilon with m 1 achieves loss difference 0.011431397946888123
2023-09-04 15:47:02,834 INFO _general_utils greedy_search Feature 2 at boundary 0.30000000000000004 * epsilon with m 1 achieves loss difference 0.011431397946888123
2023-09-04 15:47:02,835 INFO _general_utils greedy_search Feature 2 at boundary 0.4 * epsilon with m 1 achieves loss difference 0.011431397946888123
2023-09-04 15:47:02,836 INFO _general_utils greedy_search Feature 2 at boundary 0.4 * epsilon with m 1 achieves loss difference 0.011431397946888123
2023-09-04 15:47:02,837 INFO _general_utils greedy_search Feature 2 at boundary 0.4 * epsilon with m 1 achieves loss difference 0.011431397946888123
2023-09-04 15:47:02,838 INFO _general_utils greedy_search Feature 2 at boundary 0.4 * epsilon with m 1 achieves loss difference 0.011431397946888123
2023-09-04 15:47:02,840 INFO _general_utils greedy_search Feature 2 at boundary 0.5 * epsilon with m 1 achieves loss difference 0.011431397946888123
2023-09-04 15:47:02,841 INFO _general_utils greedy_search Feature 2 at boundary 0.5 * epsilon with m 1 achieves loss difference 0.011431397946888123
2023-09-04 15:47:02,842 INFO _general_utils greedy_search Feature 2 at boundary 0.5 * epsilon with m 1 achieves loss difference 0.011431397946888123
2023-09-04 15:47:02,843 INFO _general_utils greedy_search Feature 2 at boundary 0.5 * epsilon with m 1 achieves loss difference 0.011431397946888123
2023-09-04 15:47:02,844 INFO _general_utils greedy_search Feature 2 at boundary 0.6000000000000001 * epsilon with m 1 achieves loss difference 0.011431397946888123
2023-09-04 15:47:02,845 INFO _general_utils greedy_search Feature 2 at boundary 0.6000000000000001 * epsilon with m 1 achieves loss difference 0.011431397946888123
2023-09-04 15:47:02,846 INFO _general_utils greedy_search Feature 2 at boundary 0.6000000000000001 * epsilon with m 1 achieves loss difference 0.011431397946888123
2023-09-04 15:47:02,847 INFO _general_utils greedy_search Feature 2 at boundary 0.6000000000000001 * epsilon with m 1 achieves loss difference 0.011431397946888123
2023-09-04 15:47:02,848 INFO _general_utils greedy_search Feature 2 at boundary 0.7000000000000001 * epsilon with m 1 achieves loss difference 0.011431397946888123
2023-09-04 15:47:02,849 INFO _general_utils greedy_search Feature 2 at boundary 0.7000000000000001 * epsilon with m 1 achieves loss difference 0.011431397946888123
2023-09-04 15:47:02,850 INFO _general_utils greedy_search Feature 2 at boundary 0.7000000000000001 * epsilon with m 1 achieves loss difference 0.011431397946888123
2023-09-04 15:47:02,852 INFO _general_utils greedy_search Feature 2 at boundary 0.7000000000000001 * epsilon with m 1 achieves loss difference 0.011431397946888123
2023-09-04 15:47:02,853 INFO _general_utils greedy_search Feature 2 at boundary 0.8 * epsilon with m 1 achieves loss difference 0.011431397946888123
2023-09-04 15:47:02,854 INFO _general_utils greedy_search Feature 2 at boundary 0.8 * epsilon with m 1 achieves loss difference 0.011431397946888123
2023-09-04 15:47:02,855 INFO _general_utils greedy_search Feature 2 at boundary 0.8 * epsilon with m 1 achieves loss difference 0.011431397946888123
2023-09-04 15:47:02,856 INFO _general_utils greedy_search Feature 2 at boundary 0.8 * epsilon with m 1 achieves loss difference 0.011431397946888123
2023-09-04 15:47:02,857 INFO _general_utils greedy_search Feature 2 at boundary 0.9 * epsilon with m 1 achieves loss difference 0.011431397946888123
2023-09-04 15:47:02,858 INFO _general_utils greedy_search Feature 2 at boundary 0.9 * epsilon with m 1 achieves loss difference 0.011431397946888123
2023-09-04 15:47:02,859 INFO _general_utils greedy_search Feature 2 at boundary 0.9 * epsilon with m 1 achieves loss difference 0.011431397946888123
2023-09-04 15:47:02,860 INFO _general_utils greedy_search Feature 2 at boundary 0.9 * epsilon with m 1 achieves loss difference 0.011431397946888123
2023-09-04 15:47:02,861 INFO _general_utils greedy_search Feature 2 at boundary 1.0 * epsilon with m 1 achieves loss difference 0.011431397946888123
2023-09-04 15:47:02,862 INFO _general_utils greedy_search Feature 2 at boundary 1.0 * epsilon with m 1 achieves loss difference 0.011431397946888123
2023-09-04 15:47:02,863 INFO _general_utils greedy_search Feature 2 at boundary 1.0 * epsilon with m 1 achieves loss difference 0.011431397946888123
2023-09-04 15:47:02,864 INFO _general_utils greedy_search Feature 2 at boundary 1.0 * epsilon with m 1 achieves loss difference 0.011431397946888123
2023-09-04 15:47:02,865 INFO _general_utils greedy_search Feature 3 at boundary 0.0 * epsilon with m 1 achieves loss difference 0.0
2023-09-04 15:47:02,866 INFO _general_utils greedy_search Feature 3 at boundary 0.0 * epsilon with m 1 achieves loss difference 0.0
2023-09-04 15:47:02,867 INFO _general_utils greedy_search Feature 3 at boundary 0.0 * epsilon with m 1 achieves loss difference 0.0
2023-09-04 15:47:02,868 INFO _general_utils greedy_search Feature 3 at boundary 0.0 * epsilon with m 1 achieves loss difference 0.0
2023-09-04 15:47:02,878 INFO _general_utils greedy_search Feature 3 at boundary 0.1 * epsilon with m 1.1 achieves loss difference 0.0
2023-09-04 15:47:02,891 INFO _general_utils greedy_search Feature 3 at boundary 0.1 * epsilon with m 1.2000000000000002 achieves loss difference 0.0
2023-09-04 15:47:02,902 INFO _general_utils greedy_search Feature 3 at boundary 0.1 * epsilon with m 1.3000000000000003 achieves loss difference 0.0
2023-09-04 15:47:02,903 INFO _general_utils greedy_search Feature 3 at boundary 0.1 * epsilon with m 1.3000000000000003 achieves loss difference 0.0034823983640597097
2023-09-04 15:47:02,918 INFO _general_utils greedy_search Feature 3 at boundary 0.1 * epsilon with m 1.3100000000000003 achieves loss difference 0.0
2023-09-04 15:47:02,929 INFO _general_utils greedy_search Feature 3 at boundary 0.1 * epsilon with m 1.3200000000000003 achieves loss difference 0.0
2023-09-04 15:47:02,943 INFO _general_utils greedy_search Feature 3 at boundary 0.1 * epsilon with m 1.3300000000000003 achieves loss difference 0.0
2023-09-04 15:47:02,944 INFO _general_utils greedy_search Feature 3 at boundary 0.1 * epsilon with m 1.3300000000000003 achieves loss difference 0.0034823983640597097
2023-09-04 15:47:02,958 INFO _general_utils greedy_search Feature 3 at boundary 0.1 * epsilon with m 1.3310000000000002 achieves loss difference 0.0
2023-09-04 15:47:02,971 INFO _general_utils greedy_search Feature 3 at boundary 0.1 * epsilon with m 1.332 achieves loss difference 0.0
2023-09-04 15:47:02,982 INFO _general_utils greedy_search Feature 3 at boundary 0.1 * epsilon with m 1.333 achieves loss difference 0.0
2023-09-04 15:47:02,983 INFO _general_utils greedy_search Feature 3 at boundary 0.1 * epsilon with m 1.333 achieves loss difference 0.0034823983640597097
2023-09-04 15:47:02,996 INFO _general_utils greedy_search Feature 3 at boundary 0.1 * epsilon with m 1.3331 achieves loss difference 0.0
2023-09-04 15:47:03,007 INFO _general_utils greedy_search Feature 3 at boundary 0.1 * epsilon with m 1.3332 achieves loss difference 0.0
2023-09-04 15:47:03,020 INFO _general_utils greedy_search Feature 3 at boundary 0.1 * epsilon with m 1.3333 achieves loss difference 0.0
2023-09-04 15:47:03,021 INFO _general_utils greedy_search Feature 3 at boundary 0.1 * epsilon with m 1.3333 achieves loss difference 0.0034823983640597097
2023-09-04 15:47:03,022 INFO _general_utils greedy_search Feature 3 at boundary 0.2 * epsilon with m 1.3333 achieves loss difference 0.0034823983640597097
2023-09-04 15:47:03,023 INFO _general_utils greedy_search Feature 3 at boundary 0.2 * epsilon with m 1.3333 achieves loss difference 0.0034823983640597097
2023-09-04 15:47:03,024 INFO _general_utils greedy_search Feature 3 at boundary 0.2 * epsilon with m 1.3333 achieves loss difference 0.0034823983640597097
2023-09-04 15:47:03,025 INFO _general_utils greedy_search Feature 3 at boundary 0.2 * epsilon with m 1.3333 achieves loss difference 0.0034823983640597097
2023-09-04 15:47:03,026 INFO _general_utils greedy_search Feature 3 at boundary 0.30000000000000004 * epsilon with m 1.3333 achieves loss difference 0.0034823983640597097
2023-09-04 15:47:03,027 INFO _general_utils greedy_search Feature 3 at boundary 0.30000000000000004 * epsilon with m 1.3333 achieves loss difference 0.0034823983640597097
2023-09-04 15:47:03,028 INFO _general_utils greedy_search Feature 3 at boundary 0.30000000000000004 * epsilon with m 1.3333 achieves loss difference 0.0034823983640597097
2023-09-04 15:47:03,029 INFO _general_utils greedy_search Feature 3 at boundary 0.30000000000000004 * epsilon with m 1.3333 achieves loss difference 0.0034823983640597097
2023-09-04 15:47:03,030 INFO _general_utils greedy_search Feature 3 at boundary 0.4 * epsilon with m 1.3333 achieves loss difference 0.0034823983640597097
2023-09-04 15:47:03,031 INFO _general_utils greedy_search Feature 3 at boundary 0.4 * epsilon with m 1.3333 achieves loss difference 0.0034823983640597097
2023-09-04 15:47:03,032 INFO _general_utils greedy_search Feature 3 at boundary 0.4 * epsilon with m 1.3333 achieves loss difference 0.0034823983640597097
2023-09-04 15:47:03,033 INFO _general_utils greedy_search Feature 3 at boundary 0.4 * epsilon with m 1.3333 achieves loss difference 0.0034823983640597097
2023-09-04 15:47:03,034 INFO _general_utils greedy_search Feature 3 at boundary 0.5 * epsilon with m 1.3333 achieves loss difference 0.0034823983640597097
2023-09-04 15:47:03,035 INFO _general_utils greedy_search Feature 3 at boundary 0.5 * epsilon with m 1.3333 achieves loss difference 0.0034823983640597097
2023-09-04 15:47:03,036 INFO _general_utils greedy_search Feature 3 at boundary 0.5 * epsilon with m 1.3333 achieves loss difference 0.0034823983640597097
2023-09-04 15:47:03,037 INFO _general_utils greedy_search Feature 3 at boundary 0.5 * epsilon with m 1.3333 achieves loss difference 0.0034823983640597097
2023-09-04 15:47:03,038 INFO _general_utils greedy_search Feature 3 at boundary 0.6000000000000001 * epsilon with m 1.3333 achieves loss difference 0.0034823983640597097
2023-09-04 15:47:03,038 INFO _general_utils greedy_search Feature 3 at boundary 0.6000000000000001 * epsilon with m 1.3333 achieves loss difference 0.0034823983640597097
2023-09-04 15:47:03,039 INFO _general_utils greedy_search Feature 3 at boundary 0.6000000000000001 * epsilon with m 1.3333 achieves loss difference 0.0034823983640597097
2023-09-04 15:47:03,040 INFO _general_utils greedy_search Feature 3 at boundary 0.6000000000000001 * epsilon with m 1.3333 achieves loss difference 0.0034823983640597097
2023-09-04 15:47:03,041 INFO _general_utils greedy_search Feature 3 at boundary 0.7000000000000001 * epsilon with m 1.3333 achieves loss difference 0.0034823983640597097
2023-09-04 15:47:03,042 INFO _general_utils greedy_search Feature 3 at boundary 0.7000000000000001 * epsilon with m 1.3333 achieves loss difference 0.0034823983640597097
2023-09-04 15:47:03,043 INFO _general_utils greedy_search Feature 3 at boundary 0.7000000000000001 * epsilon with m 1.3333 achieves loss difference 0.0034823983640597097
2023-09-04 15:47:03,045 INFO _general_utils greedy_search Feature 3 at boundary 0.7000000000000001 * epsilon with m 1.3333 achieves loss difference 0.0034823983640597097
2023-09-04 15:47:03,046 INFO _general_utils greedy_search Feature 3 at boundary 0.8 * epsilon with m 1.3333 achieves loss difference 0.0034823983640597097
2023-09-04 15:47:03,046 INFO _general_utils greedy_search Feature 3 at boundary 0.8 * epsilon with m 1.3333 achieves loss difference 0.0034823983640597097
2023-09-04 15:47:03,047 INFO _general_utils greedy_search Feature 3 at boundary 0.8 * epsilon with m 1.3333 achieves loss difference 0.0034823983640597097
2023-09-04 15:47:03,048 INFO _general_utils greedy_search Feature 3 at boundary 0.8 * epsilon with m 1.3333 achieves loss difference 0.0034823983640597097
2023-09-04 15:47:03,049 INFO _general_utils greedy_search Feature 3 at boundary 0.9 * epsilon with m 1.3333 achieves loss difference 0.0034823983640597097
2023-09-04 15:47:03,050 INFO _general_utils greedy_search Feature 3 at boundary 0.9 * epsilon with m 1.3333 achieves loss difference 0.0034823983640597097
2023-09-04 15:47:03,051 INFO _general_utils greedy_search Feature 3 at boundary 0.9 * epsilon with m 1.3333 achieves loss difference 0.0034823983640597097
2023-09-04 15:47:03,052 INFO _general_utils greedy_search Feature 3 at boundary 0.9 * epsilon with m 1.3333 achieves loss difference 0.0034823983640597097
2023-09-04 15:47:03,053 INFO _general_utils greedy_search Feature 3 at boundary 1.0 * epsilon with m 1.3333 achieves loss difference 0.0034823983640597097
2023-09-04 15:47:03,054 INFO _general_utils greedy_search Feature 3 at boundary 1.0 * epsilon with m 1.3333 achieves loss difference 0.0034823983640597097
2023-09-04 15:47:03,055 INFO _general_utils greedy_search Feature 3 at boundary 1.0 * epsilon with m 1.3333 achieves loss difference 0.0034823983640597097
2023-09-04 15:47:03,056 INFO _general_utils greedy_search Feature 3 at boundary 1.0 * epsilon with m 1.3333 achieves loss difference 0.0034823983640597097
2023-09-04 15:47:03,057 INFO _general_utils greedy_search Feature 3 at boundary 0.0 * epsilon with m 1 achieves loss difference 0.062045589112995486
2023-09-04 15:47:03,058 INFO _general_utils greedy_search Feature 3 at boundary 0.0 * epsilon with m 1 achieves loss difference 0.062045589112995486
2023-09-04 15:47:03,059 INFO _general_utils greedy_search Feature 3 at boundary 0.0 * epsilon with m 1 achieves loss difference 0.062045589112995486
2023-09-04 15:47:03,060 INFO _general_utils greedy_search Feature 3 at boundary 0.0 * epsilon with m 1 achieves loss difference 0.062045589112995486
2023-09-04 15:47:03,061 INFO _general_utils greedy_search Feature 3 at boundary 0.1 * epsilon with m 1 achieves loss difference 0.062045589112995486
2023-09-04 15:47:03,062 INFO _general_utils greedy_search Feature 3 at boundary 0.1 * epsilon with m 1 achieves loss difference 0.062045589112995486
2023-09-04 15:47:03,063 INFO _general_utils greedy_search Feature 3 at boundary 0.1 * epsilon with m 1 achieves loss difference 0.062045589112995486
2023-09-04 15:47:03,064 INFO _general_utils greedy_search Feature 3 at boundary 0.1 * epsilon with m 1 achieves loss difference 0.062045589112995486
2023-09-04 15:47:03,065 INFO _general_utils greedy_search Feature 3 at boundary 0.2 * epsilon with m 1 achieves loss difference 0.062045589112995486
2023-09-04 15:47:03,066 INFO _general_utils greedy_search Feature 3 at boundary 0.2 * epsilon with m 1 achieves loss difference 0.062045589112995486
2023-09-04 15:47:03,067 INFO _general_utils greedy_search Feature 3 at boundary 0.2 * epsilon with m 1 achieves loss difference 0.062045589112995486
2023-09-04 15:47:03,068 INFO _general_utils greedy_search Feature 3 at boundary 0.2 * epsilon with m 1 achieves loss difference 0.062045589112995486
2023-09-04 15:47:03,069 INFO _general_utils greedy_search Feature 3 at boundary 0.30000000000000004 * epsilon with m 1 achieves loss difference 0.062045589112995486
2023-09-04 15:47:03,070 INFO _general_utils greedy_search Feature 3 at boundary 0.30000000000000004 * epsilon with m 1 achieves loss difference 0.062045589112995486
2023-09-04 15:47:03,071 INFO _general_utils greedy_search Feature 3 at boundary 0.30000000000000004 * epsilon with m 1 achieves loss difference 0.062045589112995486
2023-09-04 15:47:03,072 INFO _general_utils greedy_search Feature 3 at boundary 0.30000000000000004 * epsilon with m 1 achieves loss difference 0.062045589112995486
2023-09-04 15:47:03,073 INFO _general_utils greedy_search Feature 3 at boundary 0.4 * epsilon with m 1 achieves loss difference 0.062045589112995486
2023-09-04 15:47:03,074 INFO _general_utils greedy_search Feature 3 at boundary 0.4 * epsilon with m 1 achieves loss difference 0.062045589112995486
2023-09-04 15:47:03,075 INFO _general_utils greedy_search Feature 3 at boundary 0.4 * epsilon with m 1 achieves loss difference 0.062045589112995486
2023-09-04 15:47:03,076 INFO _general_utils greedy_search Feature 3 at boundary 0.4 * epsilon with m 1 achieves loss difference 0.062045589112995486
2023-09-04 15:47:03,077 INFO _general_utils greedy_search Feature 3 at boundary 0.5 * epsilon with m 1 achieves loss difference 0.062045589112995486
2023-09-04 15:47:03,078 INFO _general_utils greedy_search Feature 3 at boundary 0.5 * epsilon with m 1 achieves loss difference 0.062045589112995486
2023-09-04 15:47:03,079 INFO _general_utils greedy_search Feature 3 at boundary 0.5 * epsilon with m 1 achieves loss difference 0.062045589112995486
2023-09-04 15:47:03,080 INFO _general_utils greedy_search Feature 3 at boundary 0.5 * epsilon with m 1 achieves loss difference 0.062045589112995486
2023-09-04 15:47:03,081 INFO _general_utils greedy_search Feature 3 at boundary 0.6000000000000001 * epsilon with m 1 achieves loss difference 0.062045589112995486
2023-09-04 15:47:03,082 INFO _general_utils greedy_search Feature 3 at boundary 0.6000000000000001 * epsilon with m 1 achieves loss difference 0.062045589112995486
2023-09-04 15:47:03,083 INFO _general_utils greedy_search Feature 3 at boundary 0.6000000000000001 * epsilon with m 1 achieves loss difference 0.062045589112995486
2023-09-04 15:47:03,084 INFO _general_utils greedy_search Feature 3 at boundary 0.6000000000000001 * epsilon with m 1 achieves loss difference 0.062045589112995486
2023-09-04 15:47:03,085 INFO _general_utils greedy_search Feature 3 at boundary 0.7000000000000001 * epsilon with m 1 achieves loss difference 0.062045589112995486
2023-09-04 15:47:03,086 INFO _general_utils greedy_search Feature 3 at boundary 0.7000000000000001 * epsilon with m 1 achieves loss difference 0.062045589112995486
2023-09-04 15:47:03,087 INFO _general_utils greedy_search Feature 3 at boundary 0.7000000000000001 * epsilon with m 1 achieves loss difference 0.062045589112995486
2023-09-04 15:47:03,088 INFO _general_utils greedy_search Feature 3 at boundary 0.7000000000000001 * epsilon with m 1 achieves loss difference 0.062045589112995486
2023-09-04 15:47:03,089 INFO _general_utils greedy_search Feature 3 at boundary 0.8 * epsilon with m 1 achieves loss difference 0.062045589112995486
2023-09-04 15:47:03,090 INFO _general_utils greedy_search Feature 3 at boundary 0.8 * epsilon with m 1 achieves loss difference 0.062045589112995486
2023-09-04 15:47:03,091 INFO _general_utils greedy_search Feature 3 at boundary 0.8 * epsilon with m 1 achieves loss difference 0.062045589112995486
2023-09-04 15:47:03,092 INFO _general_utils greedy_search Feature 3 at boundary 0.8 * epsilon with m 1 achieves loss difference 0.062045589112995486
2023-09-04 15:47:03,093 INFO _general_utils greedy_search Feature 3 at boundary 0.9 * epsilon with m 1 achieves loss difference 0.062045589112995486
2023-09-04 15:47:03,094 INFO _general_utils greedy_search Feature 3 at boundary 0.9 * epsilon with m 1 achieves loss difference 0.062045589112995486
2023-09-04 15:47:03,095 INFO _general_utils greedy_search Feature 3 at boundary 0.9 * epsilon with m 1 achieves loss difference 0.062045589112995486
2023-09-04 15:47:03,096 INFO _general_utils greedy_search Feature 3 at boundary 0.9 * epsilon with m 1 achieves loss difference 0.062045589112995486
2023-09-04 15:47:03,097 INFO _general_utils greedy_search Feature 3 at boundary 1.0 * epsilon with m 1 achieves loss difference 0.062045589112995486
2023-09-04 15:47:03,098 INFO _general_utils greedy_search Feature 3 at boundary 1.0 * epsilon with m 1 achieves loss difference 0.062045589112995486
2023-09-04 15:47:03,098 INFO _general_utils greedy_search Feature 3 at boundary 1.0 * epsilon with m 1 achieves loss difference 0.062045589112995486
2023-09-04 15:47:03,100 INFO _general_utils greedy_search Feature 3 at boundary 1.0 * epsilon with m 1 achieves loss difference 0.062045589112995486
2023-09-04 15:47:03,102 INFO _explainer _explore_m_in_R Searching done and saved to E:\projects\Batteries\MXen-in-Rashomon-set\experiments/../results/FIS-main-effect-raw-20230904-142430.json
2023-09-04 15:47:03,103 INFO _explainer rset_explain Calculating all main effects of features [0 1 2 3] for all models in the Rashomon set
2023-09-04 15:47:07,724 INFO _explainer rset_explain Calculation done
2023-09-04 15:47:07,729 INFO _explainer rset_explain Calculating all joint effects of feature in pairs 6
2023-09-04 15:47:19,242 INFO _explainer rset_explain Calculation done
2023-09-04 15:47:19,242 INFO _explainer rset_explain Calculating FISC in the Rashomon set for all models in the Rashomon set
2023-09-04 15:47:19,251 INFO _rset_helper get_fis_in_r Calculating :pair 0 with index 0 and 1
2023-09-04 15:47:19,252 INFO _rset_helper get_fis_in_r Calculating :pair 1 with index 0 and 2
2023-09-04 15:47:19,252 INFO _rset_helper get_fis_in_r Calculating :pair 2 with index 0 and 3
2023-09-04 15:47:19,253 INFO _rset_helper get_fis_in_r Calculating :pair 3 with index 1 and 2
2023-09-04 15:47:19,254 INFO _rset_helper get_fis_in_r Calculating :pair 4 with index 1 and 3
2023-09-04 15:47:19,254 INFO _rset_helper get_fis_in_r Calculating :pair 5 with index 2 and 3
2023-09-04 15:47:19,255 INFO _rset_helper get_fis_in_r Calculating :pair 0 with index 0 and 1
2023-09-04 15:47:19,256 INFO _rset_helper get_fis_in_r Calculating :pair 1 with index 0 and 2
2023-09-04 15:47:19,257 INFO _rset_helper get_fis_in_r Calculating :pair 2 with index 0 and 3
2023-09-04 15:47:19,258 INFO _rset_helper get_fis_in_r Calculating :pair 3 with index 1 and 2
2023-09-04 15:47:19,258 INFO _rset_helper get_fis_in_r Calculating :pair 4 with index 1 and 3
2023-09-04 15:47:19,259 INFO _rset_helper get_fis_in_r Calculating :pair 5 with index 2 and 3
2023-09-04 15:47:19,260 INFO _rset_helper get_fis_in_r Calculating :pair 0 with index 0 and 1
2023-09-04 15:47:19,260 INFO _rset_helper get_fis_in_r Calculating :pair 1 with index 0 and 2
2023-09-04 15:47:19,261 INFO _rset_helper get_fis_in_r Calculating :pair 2 with index 0 and 3
2023-09-04 15:47:19,262 INFO _rset_helper get_fis_in_r Calculating :pair 3 with index 1 and 2
2023-09-04 15:47:19,263 INFO _rset_helper get_fis_in_r Calculating :pair 4 with index 1 and 3
2023-09-04 15:47:19,263 INFO _rset_helper get_fis_in_r Calculating :pair 5 with index 2 and 3
2023-09-04 15:47:19,264 INFO _rset_helper get_fis_in_r Calculating :pair 0 with index 0 and 1
2023-09-04 15:47:19,265 INFO _rset_helper get_fis_in_r Calculating :pair 1 with index 0 and 2
2023-09-04 15:47:19,266 INFO _rset_helper get_fis_in_r Calculating :pair 2 with index 0 and 3
2023-09-04 15:47:19,266 INFO _rset_helper get_fis_in_r Calculating :pair 3 with index 1 and 2
2023-09-04 15:47:19,267 INFO _rset_helper get_fis_in_r Calculating :pair 4 with index 1 and 3
2023-09-04 15:47:19,268 INFO _rset_helper get_fis_in_r Calculating :pair 5 with index 2 and 3
2023-09-04 15:47:19,268 INFO _rset_helper get_fis_in_r Calculating :pair 0 with index 0 and 1
2023-09-04 15:47:19,269 INFO _rset_helper get_fis_in_r Calculating :pair 1 with index 0 and 2
2023-09-04 15:47:19,270 INFO _rset_helper get_fis_in_r Calculating :pair 2 with index 0 and 3
2023-09-04 15:47:19,270 INFO _rset_helper get_fis_in_r Calculating :pair 3 with index 1 and 2
2023-09-04 15:47:19,271 INFO _rset_helper get_fis_in_r Calculating :pair 4 with index 1 and 3
2023-09-04 15:47:19,272 INFO _rset_helper get_fis_in_r Calculating :pair 5 with index 2 and 3
2023-09-04 15:47:19,278 INFO _explainer rset_explain Calculation done
2023-09-04 15:47:19,279 INFO _explainer rset_explain Explanation is saved to E:\projects\Batteries\MXen-in-Rashomon-set\experiments/../results/FIS-in-Rashomon-set-20230904-142430.json
